[ 2015-04-28T21:24:54+08:00 ] 127.0.0.1 /
INFO: [ app_init ] --START--
INFO: Run Behavior\BuildLiteBehavior [ RunTime:0.000012s ]
INFO: [ app_init ] --END-- [ RunTime:0.000456s ]
INFO: [ app_begin ] --START--
INFO: Run Behavior\ReadHtmlCacheBehavior [ RunTime:0.000514s ]
INFO: Run Behavior\CheckLangBehavior [ RunTime:0.001085s ]
INFO: [ app_begin ] --END-- [ RunTime:0.001674s ]
SQL: SELECT `sys_value` FROM `ding_setting` WHERE `sys_name` = 'cfg_skin_web' LIMIT 1   [ RunTime:0.0019s ]
SQL: SELECT * FROM `ding_nav_head` WHERE `status` = 20  [ RunTime:0.0020s ]
SQL: SELECT * FROM `ding_nav_foot` WHERE `status` = 20  [ RunTime:0.0018s ]
SQL: SELECT * FROM `ding_setting` WHERE `sys_name` = 'cfg_title' LIMIT 1   [ RunTime:0.0002s ]
SQL: SELECT * FROM `ding_setting` WHERE `sys_name` = 'cfg_keywords' LIMIT 1   [ RunTime:0.0001s ]
SQL: SELECT * FROM `ding_setting` WHERE `sys_name` = 'cfg_description' LIMIT 1   [ RunTime:0.0001s ]
INFO: [ view_parse ] --START--
NOTIC: [8] Use of undefined constant level - assumed 'level' /Library/WebServer/Documents/qiuyun/news/Core/Library/Think/Think.class.php 第 198 行.
NOTIC: [8] Use of undefined constant level - assumed 'level' /Library/WebServer/Documents/qiuyun/news/Core/Library/Think/Think.class.php 第 198 行.
NOTIC: [8] Use of undefined constant level - assumed 'level' /Library/WebServer/Documents/qiuyun/news/Core/Library/Think/Think.class.php 第 198 行.
NOTIC: [8] Use of undefined constant level - assumed 'level' /Library/WebServer/Documents/qiuyun/news/Core/Library/Think/Think.class.php 第 198 行.
NOTIC: [8] Use of undefined constant level - assumed 'level' /Library/WebServer/Documents/qiuyun/news/Core/Library/Think/Think.class.php 第 198 行.
NOTIC: [8] Use of undefined constant level - assumed 'level' /Library/WebServer/Documents/qiuyun/news/Core/Library/Think/Think.class.php 第 198 行.
NOTIC: [8] Use of undefined constant level - assumed 'level' /Library/WebServer/Documents/qiuyun/news/Core/Library/Think/Think.class.php 第 198 行.
NOTIC: [8] Use of undefined constant level - assumed 'level' /Library/WebServer/Documents/qiuyun/news/Core/Library/Think/Think.class.php 第 198 行.
NOTIC: [8] Use of undefined constant level - assumed 'level' /Library/WebServer/Documents/qiuyun/news/Core/Library/Think/Think.class.php 第 198 行.
NOTIC: [8] Use of undefined constant level - assumed 'level' /Library/WebServer/Documents/qiuyun/news/Core/Library/Think/Think.class.php 第 198 行.
NOTIC: [8] Use of undefined constant level - assumed 'level' /Library/WebServer/Documents/qiuyun/news/Core/Library/Think/Think.class.php 第 198 行.
NOTIC: [8] Use of undefined constant level - assumed 'level' /Library/WebServer/Documents/qiuyun/news/Core/Library/Think/Think.class.php 第 198 行.
NOTIC: [8] Undefined index: typeid /Library/WebServer/Documents/qiuyun/news/Core/Library/Think/Template/TagLib/Dogocms.class.php 第 135 行.
NOTIC: [8] Undefined index: tid /Library/WebServer/Documents/qiuyun/news/Core/Library/Think/Template/TagLib/Dogocms.class.php 第 137 行.
NOTIC: [8] Undefined index: flag /Library/WebServer/Documents/qiuyun/news/Core/Library/Think/Template/TagLib/Dogocms.class.php 第 139 行.
NOTIC: [8] Undefined index: order /Library/WebServer/Documents/qiuyun/news/Core/Library/Think/Template/TagLib/Dogocms.class.php 第 140 行.
NOTIC: [8] Undefined index: keywords /Library/WebServer/Documents/qiuyun/news/Core/Library/Think/Template/TagLib/Dogocms.class.php 第 141 行.
NOTIC: [8] Undefined index: typeid /Library/WebServer/Documents/qiuyun/news/Core/Library/Think/Template/TagLib/Dogocms.class.php 第 135 行.
NOTIC: [8] Undefined index: tid /Library/WebServer/Documents/qiuyun/news/Core/Library/Think/Template/TagLib/Dogocms.class.php 第 137 行.
NOTIC: [8] Undefined index: flag /Library/WebServer/Documents/qiuyun/news/Core/Library/Think/Template/TagLib/Dogocms.class.php 第 139 行.
NOTIC: [8] Undefined index: order /Library/WebServer/Documents/qiuyun/news/Core/Library/Think/Template/TagLib/Dogocms.class.php 第 140 行.
NOTIC: [8] Undefined index: keywords /Library/WebServer/Documents/qiuyun/news/Core/Library/Think/Template/TagLib/Dogocms.class.php 第 141 行.
NOTIC: [8] Undefined index: typeid /Library/WebServer/Documents/qiuyun/news/Core/Library/Think/Template/TagLib/Dogocms.class.php 第 135 行.
NOTIC: [8] Undefined index: tid /Library/WebServer/Documents/qiuyun/news/Core/Library/Think/Template/TagLib/Dogocms.class.php 第 137 行.
NOTIC: [8] Undefined index: flag /Library/WebServer/Documents/qiuyun/news/Core/Library/Think/Template/TagLib/Dogocms.class.php 第 139 行.
NOTIC: [8] Undefined index: order /Library/WebServer/Documents/qiuyun/news/Core/Library/Think/Template/TagLib/Dogocms.class.php 第 140 行.
NOTIC: [8] Undefined index: keywords /Library/WebServer/Documents/qiuyun/news/Core/Library/Think/Template/TagLib/Dogocms.class.php 第 141 行.
NOTIC: [8] Undefined index: typeid /Library/WebServer/Documents/qiuyun/news/Core/Library/Think/Template/TagLib/Dogocms.class.php 第 135 行.
NOTIC: [8] Undefined index: tid /Library/WebServer/Documents/qiuyun/news/Core/Library/Think/Template/TagLib/Dogocms.class.php 第 137 行.
NOTIC: [8] Undefined index: flag /Library/WebServer/Documents/qiuyun/news/Core/Library/Think/Template/TagLib/Dogocms.class.php 第 139 行.
NOTIC: [8] Undefined index: order /Library/WebServer/Documents/qiuyun/news/Core/Library/Think/Template/TagLib/Dogocms.class.php 第 140 行.
NOTIC: [8] Undefined index: keywords /Library/WebServer/Documents/qiuyun/news/Core/Library/Think/Template/TagLib/Dogocms.class.php 第 141 行.
NOTIC: [8] Undefined index: type /Library/WebServer/Documents/qiuyun/news/Core/Library/Think/Template/TagLib/Dogocms.class.php 第 136 行.
NOTIC: [8] Undefined index: tid /Library/WebServer/Documents/qiuyun/news/Core/Library/Think/Template/TagLib/Dogocms.class.php 第 137 行.
NOTIC: [8] Undefined index: flag /Library/WebServer/Documents/qiuyun/news/Core/Library/Think/Template/TagLib/Dogocms.class.php 第 139 行.
NOTIC: [8] Undefined index: order /Library/WebServer/Documents/qiuyun/news/Core/Library/Think/Template/TagLib/Dogocms.class.php 第 140 行.
NOTIC: [8] Undefined index: keywords /Library/WebServer/Documents/qiuyun/news/Core/Library/Think/Template/TagLib/Dogocms.class.php 第 141 行.
NOTIC: [8] Undefined index: type /Library/WebServer/Documents/qiuyun/news/Core/Library/Think/Template/TagLib/Dogocms.class.php 第 136 行.
NOTIC: [8] Undefined index: tid /Library/WebServer/Documents/qiuyun/news/Core/Library/Think/Template/TagLib/Dogocms.class.php 第 137 行.
NOTIC: [8] Undefined index: flag /Library/WebServer/Documents/qiuyun/news/Core/Library/Think/Template/TagLib/Dogocms.class.php 第 139 行.
NOTIC: [8] Undefined index: order /Library/WebServer/Documents/qiuyun/news/Core/Library/Think/Template/TagLib/Dogocms.class.php 第 140 行.
NOTIC: [8] Undefined index: keywords /Library/WebServer/Documents/qiuyun/news/Core/Library/Think/Template/TagLib/Dogocms.class.php 第 141 行.
NOTIC: [8] Undefined index: type /Library/WebServer/Documents/qiuyun/news/Core/Library/Think/Template/TagLib/Dogocms.class.php 第 136 行.
NOTIC: [8] Undefined index: tid /Library/WebServer/Documents/qiuyun/news/Core/Library/Think/Template/TagLib/Dogocms.class.php 第 137 行.
NOTIC: [8] Undefined index: flag /Library/WebServer/Documents/qiuyun/news/Core/Library/Think/Template/TagLib/Dogocms.class.php 第 139 行.
NOTIC: [8] Undefined index: order /Library/WebServer/Documents/qiuyun/news/Core/Library/Think/Template/TagLib/Dogocms.class.php 第 140 行.
NOTIC: [8] Undefined index: keywords /Library/WebServer/Documents/qiuyun/news/Core/Library/Think/Template/TagLib/Dogocms.class.php 第 141 行.
NOTIC: [8] Undefined index: type /Library/WebServer/Documents/qiuyun/news/Core/Library/Think/Template/TagLib/Dogocms.class.php 第 136 行.
NOTIC: [8] Undefined index: tid /Library/WebServer/Documents/qiuyun/news/Core/Library/Think/Template/TagLib/Dogocms.class.php 第 137 行.
NOTIC: [8] Undefined index: flag /Library/WebServer/Documents/qiuyun/news/Core/Library/Think/Template/TagLib/Dogocms.class.php 第 139 行.
NOTIC: [8] Undefined index: order /Library/WebServer/Documents/qiuyun/news/Core/Library/Think/Template/TagLib/Dogocms.class.php 第 140 行.
NOTIC: [8] Undefined index: keywords /Library/WebServer/Documents/qiuyun/news/Core/Library/Think/Template/TagLib/Dogocms.class.php 第 141 行.
NOTIC: [8] Undefined index: type /Library/WebServer/Documents/qiuyun/news/Core/Library/Think/Template/TagLib/Dogocms.class.php 第 136 行.
NOTIC: [8] Undefined index: tid /Library/WebServer/Documents/qiuyun/news/Core/Library/Think/Template/TagLib/Dogocms.class.php 第 137 行.
NOTIC: [8] Undefined index: flag /Library/WebServer/Documents/qiuyun/news/Core/Library/Think/Template/TagLib/Dogocms.class.php 第 139 行.
NOTIC: [8] Undefined index: order /Library/WebServer/Documents/qiuyun/news/Core/Library/Think/Template/TagLib/Dogocms.class.php 第 140 行.
NOTIC: [8] Undefined index: keywords /Library/WebServer/Documents/qiuyun/news/Core/Library/Think/Template/TagLib/Dogocms.class.php 第 141 行.
NOTIC: [8] Undefined index: order /Library/WebServer/Documents/qiuyun/news/Core/Library/Think/Template/TagLib/Dogocms.class.php 第 58 行.
NOTIC: [8] Undefined index: order /Library/WebServer/Documents/qiuyun/news/Core/Library/Think/Template/TagLib/Dogocms.class.php 第 58 行.
NOTIC: [8] Undefined index: order /Library/WebServer/Documents/qiuyun/news/Core/Library/Think/Template/TagLib/Dogocms.class.php 第 58 行.
NOTIC: [8] Undefined index: order /Library/WebServer/Documents/qiuyun/news/Core/Library/Think/Template/TagLib/Dogocms.class.php 第 237 行.
SQL: SELECT * FROM `ding_setting` WHERE `sys_name` = 'cfg_sitename' LIMIT 1   [ RunTime:0.0003s ]
SQL: SELECT * FROM `ding_setting` WHERE `sys_name` = 'cfg_copyright' LIMIT 1   [ RunTime:0.0002s ]
NOTIC: [8] Undefined index: typeid /Library/WebServer/Documents/qiuyun/news/Core/Library/Think/Template/TagLib/Dogocms.class.php 第 205 行.
NOTIC: [8] Undefined index: limit /Library/WebServer/Documents/qiuyun/news/Core/Library/Think/Template/TagLib/Dogocms.class.php 第 206 行.
NOTIC: [8] Undefined index: order /Library/WebServer/Documents/qiuyun/news/Core/Library/Think/Template/TagLib/Dogocms.class.php 第 207 行.
INFO: [ template_filter ] --START--
INFO: Run Behavior\ContentReplaceBehavior [ RunTime:0.000069s ]
INFO: [ template_filter ] --END-- [ RunTime:0.000106s ]
NOTIC: [8] Undefined index: m /Library/WebServer/Documents/qiuyun/news/Core/Common/functions.php 第 948 行.
NOTIC: [8] Undefined index: m /Library/WebServer/Documents/qiuyun/news/Core/Common/functions.php 第 948 行.
NOTIC: [8] Undefined index: m /Library/WebServer/Documents/qiuyun/news/Core/Common/functions.php 第 948 行.
NOTIC: [8] Undefined index: children /Library/WebServer/Documents/qiuyun/news/Runtime/Cache/Home/44c65ac4a14b5adea5b2e7e221033c44.php 第 62 行.
NOTIC: [8] Undefined index: children /Library/WebServer/Documents/qiuyun/news/Runtime/Cache/Home/44c65ac4a14b5adea5b2e7e221033c44.php 第 66 行.
NOTIC: [8] Undefined index: children /Library/WebServer/Documents/qiuyun/news/Runtime/Cache/Home/44c65ac4a14b5adea5b2e7e221033c44.php 第 62 行.
NOTIC: [8] Undefined index: children /Library/WebServer/Documents/qiuyun/news/Runtime/Cache/Home/44c65ac4a14b5adea5b2e7e221033c44.php 第 66 行.
NOTIC: [8] Undefined index: m /Library/WebServer/Documents/qiuyun/news/Core/Common/functions.php 第 948 行.
SQL: SELECT * FROM `ding_block_list` WHERE (  (`status`='20')  and (`sort_id` =4)  ) ORDER BY myorder asc LIMIT 4   [ RunTime:0.0030s ]
SQL: SELECT * FROM `ding_ads` WHERE (  (`status`='20')  and (`sort_id` =1)  ) ORDER BY myorder asc LIMIT 5   [ RunTime:0.0016s ]
SQL: SHOW COLUMNS FROM `ding_title` [ RunTime:0.0020s ]
SQL: SELECT t.*,c.content,ns.text as sortname FROM ding_title t INNER JOIN  ding_news_sort ns on ns.id=t.sort_id  INNER JOIN  ding_content c on c.title_id=t.id   WHERE (  (t.`status`='12')  and (t.`is_recycle`='10')  ) ORDER BY t.id desc LIMIT 1   [ RunTime:0.0057s ]
SQL: SHOW COLUMNS FROM `ding_title` [ RunTime:0.0009s ]
SQL: SELECT t.*,c.content,ns.text as sortname FROM ding_title t INNER JOIN  ding_news_sort ns on ns.id=t.sort_id  INNER JOIN  ding_content c on c.title_id=t.id   WHERE (  (t.`status`='12')  and (t.`is_recycle`='10')  ) ORDER BY t.id desc LIMIT 0,2   [ RunTime:0.0012s ]
SQL: SHOW COLUMNS FROM `ding_title` [ RunTime:0.0008s ]
SQL: SELECT t.*,c.content,ns.text as sortname FROM ding_title t INNER JOIN  ding_news_sort ns on ns.id=t.sort_id  INNER JOIN  ding_content c on c.title_id=t.id   WHERE (  (t.`status`='12')  and (t.`is_recycle`='10')  ) ORDER BY t.id desc LIMIT 2,4   [ RunTime:0.0014s ]
SQL: SELECT * FROM `ding_ads` WHERE (  (`status`='20')  and (`sort_id` =2)  ) ORDER BY myorder asc LIMIT 1   [ RunTime:0.0002s ]
NOTIC: [8] Undefined index: m /Library/WebServer/Documents/qiuyun/news/Core/Common/functions.php 第 948 行.
NOTIC: [8] Undefined index: m /Library/WebServer/Documents/qiuyun/news/Core/Common/functions.php 第 948 行.
NOTIC: [8] Undefined index: m /Library/WebServer/Documents/qiuyun/news/Core/Common/functions.php 第 948 行.
NOTIC: [8] Undefined index: m /Library/WebServer/Documents/qiuyun/news/Core/Common/functions.php 第 948 行.
NOTIC: [8] Undefined index: m /Library/WebServer/Documents/qiuyun/news/Core/Common/functions.php 第 948 行.
NOTIC: [8] Undefined index: m /Library/WebServer/Documents/qiuyun/news/Core/Common/functions.php 第 948 行.
NOTIC: [8] Undefined index: m /Library/WebServer/Documents/qiuyun/news/Core/Common/functions.php 第 948 行.
NOTIC: [8] Undefined index: m /Library/WebServer/Documents/qiuyun/news/Core/Common/functions.php 第 948 行.
NOTIC: [8] Undefined index: m /Library/WebServer/Documents/qiuyun/news/Core/Common/functions.php 第 948 行.
NOTIC: [8] Undefined index: m /Library/WebServer/Documents/qiuyun/news/Core/Common/functions.php 第 948 行.
NOTIC: [8] Undefined index: m /Library/WebServer/Documents/qiuyun/news/Core/Common/functions.php 第 948 行.
NOTIC: [8] Undefined index: m /Library/WebServer/Documents/qiuyun/news/Core/Common/functions.php 第 948 行.
NOTIC: [8] Undefined index: m /Library/WebServer/Documents/qiuyun/news/Core/Common/functions.php 第 948 行.
NOTIC: [8] Undefined index: m /Library/WebServer/Documents/qiuyun/news/Core/Common/functions.php 第 948 行.
NOTIC: [8] Undefined index: m /Library/WebServer/Documents/qiuyun/news/Core/Common/functions.php 第 948 行.
NOTIC: [8] Undefined index: m /Library/WebServer/Documents/qiuyun/news/Core/Common/functions.php 第 948 行.
NOTIC: [8] Undefined index: m /Library/WebServer/Documents/qiuyun/news/Core/Common/functions.php 第 948 行.
NOTIC: [8] Undefined index: m /Library/WebServer/Documents/qiuyun/news/Core/Common/functions.php 第 948 行.
NOTIC: [8] Undefined index: m /Library/WebServer/Documents/qiuyun/news/Core/Common/functions.php 第 948 行.
NOTIC: [8] Undefined index: m /Library/WebServer/Documents/qiuyun/news/Core/Common/functions.php 第 948 行.
NOTIC: [8] Undefined index: m /Library/WebServer/Documents/qiuyun/news/Core/Common/functions.php 第 948 行.
NOTIC: [8] Undefined index: m /Library/WebServer/Documents/qiuyun/news/Core/Common/functions.php 第 948 行.
NOTIC: [8] Undefined index: m /Library/WebServer/Documents/qiuyun/news/Core/Common/functions.php 第 948 行.
NOTIC: [8] Undefined index: m /Library/WebServer/Documents/qiuyun/news/Core/Common/functions.php 第 948 行.
NOTIC: [8] Undefined index: m /Library/WebServer/Documents/qiuyun/news/Core/Common/functions.php 第 948 行.
NOTIC: [8] Undefined index: m /Library/WebServer/Documents/qiuyun/news/Core/Common/functions.php 第 948 行.
NOTIC: [8] Undefined index: m /Library/WebServer/Documents/qiuyun/news/Core/Common/functions.php 第 948 行.
NOTIC: [8] Undefined index: m /Library/WebServer/Documents/qiuyun/news/Core/Common/functions.php 第 948 行.
NOTIC: [8] Undefined index: m /Library/WebServer/Documents/qiuyun/news/Core/Common/functions.php 第 948 行.
NOTIC: [8] Undefined index: m /Library/WebServer/Documents/qiuyun/news/Core/Common/functions.php 第 948 行.
NOTIC: [8] Undefined index: m /Library/WebServer/Documents/qiuyun/news/Core/Common/functions.php 第 948 行.
NOTIC: [8] Undefined index: m /Library/WebServer/Documents/qiuyun/news/Core/Common/functions.php 第 948 行.
SQL: SHOW COLUMNS FROM `ding_title` [ RunTime:0.0011s ]
SQL: SELECT t.*,c.content,ns.text as sortname FROM ding_title t INNER JOIN  ding_news_sort ns on ns.id=t.sort_id  INNER JOIN  ding_content c on c.title_id=t.id   WHERE (  (t.`status`='12')  and (t.`is_recycle`='10')  ) ORDER BY t.id desc LIMIT 8   [ RunTime:0.0012s ]
SQL: SHOW COLUMNS FROM `ding_title` [ RunTime:0.0008s ]
SQL: SELECT t.*,c.content,ns.text as sortname FROM ding_title t INNER JOIN  ding_news_sort ns on ns.id=t.sort_id  INNER JOIN  ding_content c on c.title_id=t.id   WHERE (  (t.`status`='12')  and (t.`is_recycle`='10')  and (t.`sort_id` in(5,6)) ) ORDER BY t.id desc LIMIT 8   [ RunTime:0.0010s ]
SQL: SELECT * FROM `ding_ads` WHERE (  (`status`='20')  and (`sort_id` =3)  ) ORDER BY myorder asc LIMIT 1   [ RunTime:0.0002s ]
SQL: SHOW COLUMNS FROM `ding_title` [ RunTime:0.0009s ]
SQL: SELECT t.*,c.content,ns.text as sortname FROM ding_title t INNER JOIN  ding_news_sort ns on ns.id=t.sort_id  INNER JOIN  ding_content c on c.title_id=t.id   WHERE (  (t.`status`='12')  and (t.`is_recycle`='10')  and (t.`sort_id` in(3)) ) ORDER BY t.id desc LIMIT 8   [ RunTime:0.0009s ]
SQL: SHOW COLUMNS FROM `ding_title` [ RunTime:0.0009s ]
SQL: SELECT t.*,c.content,ns.text as sortname FROM ding_title t INNER JOIN  ding_news_sort ns on ns.id=t.sort_id  INNER JOIN  ding_content c on c.title_id=t.id   WHERE (  (t.`status`='12')  and (t.`is_recycle`='10')  and (t.`sort_id` in(4)) ) ORDER BY t.id desc LIMIT 8   [ RunTime:0.0011s ]
SQL: SHOW COLUMNS FROM `ding_title` [ RunTime:0.0009s ]
SQL: SELECT t.*,c.content,ns.text as sortname FROM ding_title t INNER JOIN  ding_news_sort ns on ns.id=t.sort_id  INNER JOIN  ding_content c on c.title_id=t.id   WHERE (  (t.`status`='12')  and (t.`is_recycle`='10')  and (t.`sort_id` in(24)) ) ORDER BY t.id desc LIMIT 8   [ RunTime:0.0002s ]
SQL: SHOW COLUMNS FROM `ding_title` [ RunTime:0.0022s ]
SQL: SELECT t.*,c.content,ns.text as sortname FROM ding_title t INNER JOIN  ding_news_sort ns on ns.id=t.sort_id  INNER JOIN  ding_content c on c.title_id=t.id   WHERE (  (t.`status`='12')  and (t.`is_recycle`='10')  and (t.`sort_id` in(25)) ) ORDER BY t.id desc LIMIT 8   [ RunTime:0.0002s ]
SQL: SELECT * FROM `ding_links` WHERE (  (`status`='20')  ) LIMIT 0,10   [ RunTime:0.0016s ]
INFO: Run Behavior\ParseTemplateBehavior [ RunTime:0.090640s ]
INFO: [ view_parse ] --END-- [ RunTime:0.090670s ]
INFO: [ view_filter ] --START--
INFO: Run Behavior\WriteHtmlCacheBehavior [ RunTime:0.000393s ]
INFO: [ view_filter ] --END-- [ RunTime:0.000423s ]
INFO: [ app_end ] --START--
INFO: Run Behavior\ShowPageTraceBehavior [ RunTime:0.000604s ]
INFO: [ app_end ] --END-- [ RunTime:0.000639s ]

[ 2015-04-28T21:24:54+08:00 ] 127.0.0.1 /favicon.ico
INFO: [ app_init ] --START--
INFO: Run Behavior\BuildLiteBehavior [ RunTime:0.000029s ]
INFO: [ app_init ] --END-- [ RunTime:0.000433s ]

[ 2015-04-28T21:25:00+08:00 ] 127.0.0.1 /list/index/id/3
INFO: [ app_init ] --START--
INFO: Run Behavior\BuildLiteBehavior [ RunTime:0.000033s ]
INFO: [ app_init ] --END-- [ RunTime:0.000539s ]
INFO: [ app_begin ] --START--
INFO: Run Behavior\ReadHtmlCacheBehavior [ RunTime:0.000306s ]
INFO: Run Behavior\CheckLangBehavior [ RunTime:0.000471s ]
INFO: [ app_begin ] --END-- [ RunTime:0.000849s ]
SQL: SELECT `sys_value` FROM `ding_setting` WHERE `sys_name` = 'cfg_skin_web' LIMIT 1   [ RunTime:0.0006s ]
SQL: SELECT * FROM `ding_nav_head` WHERE `status` = 20  [ RunTime:0.0002s ]
SQL: SELECT * FROM `ding_nav_foot` WHERE `status` = 20  [ RunTime:0.0002s ]
SQL: SELECT * FROM `ding_news_sort` WHERE `path` LIKE '%,3,%' OR `id` = '3'  [ RunTime:0.0003s ]
SQL: SELECT * FROM `ding_news_sort` WHERE `id` = '3' LIMIT 1   [ RunTime:0.0002s ]
NOTIC: [8] Undefined variable: sort_id /Library/WebServer/Documents/qiuyun/news/Application/Home/Action/ListAction.class.php 第 31 行.
SQL: SHOW COLUMNS FROM `ding_title` [ RunTime:0.0010s ]
SQL: SELECT COUNT(*) AS tp_count FROM ding_title t WHERE t.sort_id IN ('3') AND t.status = '12' LIMIT 1   [ RunTime:0.0001s ]
NOTIC: [8] Undefined index: m /Library/WebServer/Documents/qiuyun/news/Core/Common/functions.php 第 948 行.
SQL: SHOW COLUMNS FROM `ding_title` [ RunTime:0.0009s ]
SQL: SELECT t.*,ns.text FROM ding_title t INNER JOIN ding_news_sort ns ON ns.id = t.sort_id   WHERE t.sort_id IN ('3') AND t.status = '12' ORDER BY t.id desc LIMIT 0,8   [ RunTime:0.0003s ]
INFO: [ view_parse ] --START--
NOTIC: [8] Use of undefined constant level - assumed 'level' /Library/WebServer/Documents/qiuyun/news/Core/Library/Think/Think.class.php 第 198 行.
NOTIC: [8] Use of undefined constant level - assumed 'level' /Library/WebServer/Documents/qiuyun/news/Core/Library/Think/Think.class.php 第 198 行.
NOTIC: [8] Use of undefined constant level - assumed 'level' /Library/WebServer/Documents/qiuyun/news/Core/Library/Think/Think.class.php 第 198 行.
NOTIC: [8] Use of undefined constant level - assumed 'level' /Library/WebServer/Documents/qiuyun/news/Core/Library/Think/Think.class.php 第 198 行.
NOTIC: [8] Use of undefined constant level - assumed 'level' /Library/WebServer/Documents/qiuyun/news/Core/Library/Think/Think.class.php 第 198 行.
NOTIC: [8] Use of undefined constant level - assumed 'level' /Library/WebServer/Documents/qiuyun/news/Core/Library/Think/Think.class.php 第 198 行.
NOTIC: [8] Use of undefined constant level - assumed 'level' /Library/WebServer/Documents/qiuyun/news/Core/Library/Think/Think.class.php 第 198 行.
NOTIC: [8] Use of undefined constant level - assumed 'level' /Library/WebServer/Documents/qiuyun/news/Core/Library/Think/Think.class.php 第 198 行.
NOTIC: [8] Use of undefined constant level - assumed 'level' /Library/WebServer/Documents/qiuyun/news/Core/Library/Think/Think.class.php 第 198 行.
NOTIC: [8] Use of undefined constant level - assumed 'level' /Library/WebServer/Documents/qiuyun/news/Core/Library/Think/Think.class.php 第 198 行.
NOTIC: [8] Use of undefined constant level - assumed 'level' /Library/WebServer/Documents/qiuyun/news/Core/Library/Think/Think.class.php 第 198 行.
NOTIC: [8] Use of undefined constant level - assumed 'level' /Library/WebServer/Documents/qiuyun/news/Core/Library/Think/Think.class.php 第 198 行.
NOTIC: [8] Undefined index: typeid /Library/WebServer/Documents/qiuyun/news/Core/Library/Think/Template/TagLib/Dogocms.class.php 第 135 行.
NOTIC: [8] Undefined index: tid /Library/WebServer/Documents/qiuyun/news/Core/Library/Think/Template/TagLib/Dogocms.class.php 第 137 行.
NOTIC: [8] Undefined index: flag /Library/WebServer/Documents/qiuyun/news/Core/Library/Think/Template/TagLib/Dogocms.class.php 第 139 行.
NOTIC: [8] Undefined index: order /Library/WebServer/Documents/qiuyun/news/Core/Library/Think/Template/TagLib/Dogocms.class.php 第 140 行.
NOTIC: [8] Undefined index: keywords /Library/WebServer/Documents/qiuyun/news/Core/Library/Think/Template/TagLib/Dogocms.class.php 第 141 行.
NOTIC: [8] Undefined index: typeid /Library/WebServer/Documents/qiuyun/news/Core/Library/Think/Template/TagLib/Dogocms.class.php 第 135 行.
NOTIC: [8] Undefined index: tid /Library/WebServer/Documents/qiuyun/news/Core/Library/Think/Template/TagLib/Dogocms.class.php 第 137 行.
NOTIC: [8] Undefined index: flag /Library/WebServer/Documents/qiuyun/news/Core/Library/Think/Template/TagLib/Dogocms.class.php 第 139 行.
NOTIC: [8] Undefined index: order /Library/WebServer/Documents/qiuyun/news/Core/Library/Think/Template/TagLib/Dogocms.class.php 第 140 行.
NOTIC: [8] Undefined index: keywords /Library/WebServer/Documents/qiuyun/news/Core/Library/Think/Template/TagLib/Dogocms.class.php 第 141 行.
NOTIC: [8] Undefined index: typeid /Library/WebServer/Documents/qiuyun/news/Core/Library/Think/Template/TagLib/Dogocms.class.php 第 135 行.
NOTIC: [8] Undefined index: tid /Library/WebServer/Documents/qiuyun/news/Core/Library/Think/Template/TagLib/Dogocms.class.php 第 137 行.
NOTIC: [8] Undefined index: flag /Library/WebServer/Documents/qiuyun/news/Core/Library/Think/Template/TagLib/Dogocms.class.php 第 139 行.
NOTIC: [8] Undefined index: order /Library/WebServer/Documents/qiuyun/news/Core/Library/Think/Template/TagLib/Dogocms.class.php 第 140 行.
NOTIC: [8] Undefined index: keywords /Library/WebServer/Documents/qiuyun/news/Core/Library/Think/Template/TagLib/Dogocms.class.php 第 141 行.
NOTIC: [8] Undefined index: typeid /Library/WebServer/Documents/qiuyun/news/Core/Library/Think/Template/TagLib/Dogocms.class.php 第 135 行.
NOTIC: [8] Undefined index: tid /Library/WebServer/Documents/qiuyun/news/Core/Library/Think/Template/TagLib/Dogocms.class.php 第 137 行.
NOTIC: [8] Undefined index: flag /Library/WebServer/Documents/qiuyun/news/Core/Library/Think/Template/TagLib/Dogocms.class.php 第 139 行.
NOTIC: [8] Undefined index: order /Library/WebServer/Documents/qiuyun/news/Core/Library/Think/Template/TagLib/Dogocms.class.php 第 140 行.
NOTIC: [8] Undefined index: keywords /Library/WebServer/Documents/qiuyun/news/Core/Library/Think/Template/TagLib/Dogocms.class.php 第 141 行.
NOTIC: [8] Undefined index: typeid /Library/WebServer/Documents/qiuyun/news/Core/Library/Think/Template/TagLib/Dogocms.class.php 第 135 行.
NOTIC: [8] Undefined index: tid /Library/WebServer/Documents/qiuyun/news/Core/Library/Think/Template/TagLib/Dogocms.class.php 第 137 行.
NOTIC: [8] Undefined index: flag /Library/WebServer/Documents/qiuyun/news/Core/Library/Think/Template/TagLib/Dogocms.class.php 第 139 行.
NOTIC: [8] Undefined index: order /Library/WebServer/Documents/qiuyun/news/Core/Library/Think/Template/TagLib/Dogocms.class.php 第 140 行.
NOTIC: [8] Undefined index: keywords /Library/WebServer/Documents/qiuyun/news/Core/Library/Think/Template/TagLib/Dogocms.class.php 第 141 行.
NOTIC: [8] Undefined index: typeid /Library/WebServer/Documents/qiuyun/news/Core/Library/Think/Template/TagLib/Dogocms.class.php 第 135 行.
NOTIC: [8] Undefined index: tid /Library/WebServer/Documents/qiuyun/news/Core/Library/Think/Template/TagLib/Dogocms.class.php 第 137 行.
NOTIC: [8] Undefined index: flag /Library/WebServer/Documents/qiuyun/news/Core/Library/Think/Template/TagLib/Dogocms.class.php 第 139 行.
NOTIC: [8] Undefined index: order /Library/WebServer/Documents/qiuyun/news/Core/Library/Think/Template/TagLib/Dogocms.class.php 第 140 行.
NOTIC: [8] Undefined index: keywords /Library/WebServer/Documents/qiuyun/news/Core/Library/Think/Template/TagLib/Dogocms.class.php 第 141 行.
NOTIC: [8] Undefined index: order /Library/WebServer/Documents/qiuyun/news/Core/Library/Think/Template/TagLib/Dogocms.class.php 第 58 行.
NOTIC: [8] Undefined index: order /Library/WebServer/Documents/qiuyun/news/Core/Library/Think/Template/TagLib/Dogocms.class.php 第 237 行.
SQL: SELECT * FROM `ding_setting` WHERE `sys_name` = 'cfg_sitename' LIMIT 1   [ RunTime:0.0011s ]
SQL: SELECT * FROM `ding_setting` WHERE `sys_name` = 'cfg_copyright' LIMIT 1   [ RunTime:0.0006s ]
INFO: [ template_filter ] --START--
INFO: Run Behavior\ContentReplaceBehavior [ RunTime:0.000044s ]
INFO: [ template_filter ] --END-- [ RunTime:0.000083s ]
NOTIC: [8] Undefined index: m /Library/WebServer/Documents/qiuyun/news/Core/Common/functions.php 第 948 行.
NOTIC: [8] Undefined index: m /Library/WebServer/Documents/qiuyun/news/Core/Common/functions.php 第 948 行.
NOTIC: [8] Undefined index: m /Library/WebServer/Documents/qiuyun/news/Core/Common/functions.php 第 948 行.
NOTIC: [8] Undefined index: children /Library/WebServer/Documents/qiuyun/news/Runtime/Cache/Home/e67ff24fc43f76fa10d38fb89ed7e827.php 第 62 行.
NOTIC: [8] Undefined index: children /Library/WebServer/Documents/qiuyun/news/Runtime/Cache/Home/e67ff24fc43f76fa10d38fb89ed7e827.php 第 66 行.
NOTIC: [8] Undefined index: children /Library/WebServer/Documents/qiuyun/news/Runtime/Cache/Home/e67ff24fc43f76fa10d38fb89ed7e827.php 第 62 行.
NOTIC: [8] Undefined index: children /Library/WebServer/Documents/qiuyun/news/Runtime/Cache/Home/e67ff24fc43f76fa10d38fb89ed7e827.php 第 66 行.
NOTIC: [8] Undefined index: m /Library/WebServer/Documents/qiuyun/news/Core/Common/functions.php 第 948 行.
SQL: SELECT * FROM `ding_block_list` WHERE (  (`status`='20')  and (`sort_id` =4)  ) ORDER BY myorder asc LIMIT 4   [ RunTime:0.0004s ]
SQL: SHOW COLUMNS FROM `ding_title` [ RunTime:0.0011s ]
SQL: SELECT t.*,c.content,ns.text as sortname FROM ding_title t INNER JOIN  ding_news_sort ns on ns.id=t.sort_id  INNER JOIN  ding_content c on c.title_id=t.id   WHERE (  (t.`status`='12')  and (t.`is_recycle`='10')  ) ORDER BY t.id desc LIMIT 8   [ RunTime:0.0022s ]
SQL: SHOW COLUMNS FROM `ding_title` [ RunTime:0.0008s ]
SQL: SELECT t.*,c.content,ns.text as sortname FROM ding_title t INNER JOIN  ding_news_sort ns on ns.id=t.sort_id  INNER JOIN  ding_content c on c.title_id=t.id   WHERE (  (t.`status`='12')  and (t.`is_recycle`='10')  ) ORDER BY t.id desc LIMIT 8   [ RunTime:0.0011s ]
SQL: SELECT * FROM `ding_ads` WHERE (  (`status`='20')  and (`sort_id` =1)  ) ORDER BY myorder asc LIMIT 1   [ RunTime:0.0002s ]
SQL: SHOW COLUMNS FROM `ding_title` [ RunTime:0.0010s ]
SQL: SELECT t.*,c.content,ns.text as sortname FROM ding_title t INNER JOIN  ding_news_sort ns on ns.id=t.sort_id  INNER JOIN  ding_content c on c.title_id=t.id   WHERE (  (t.`status`='12')  and (t.`is_recycle`='10')  ) ORDER BY t.id desc LIMIT 8   [ RunTime:0.0012s ]
SQL: SHOW COLUMNS FROM `ding_title` [ RunTime:0.0012s ]
SQL: SELECT t.*,c.content,ns.text as sortname FROM ding_title t INNER JOIN  ding_news_sort ns on ns.id=t.sort_id  INNER JOIN  ding_content c on c.title_id=t.id   WHERE (  (t.`status`='12')  and (t.`is_recycle`='10')  ) ORDER BY t.id desc LIMIT 8   [ RunTime:0.0011s ]
SQL: SHOW COLUMNS FROM `ding_title` [ RunTime:0.0012s ]
SQL: SELECT t.*,c.content,ns.text as sortname FROM ding_title t INNER JOIN  ding_news_sort ns on ns.id=t.sort_id  INNER JOIN  ding_content c on c.title_id=t.id   WHERE (  (t.`status`='12')  and (t.`is_recycle`='10')  ) ORDER BY t.id desc LIMIT 8   [ RunTime:0.0011s ]
SQL: SHOW COLUMNS FROM `ding_title` [ RunTime:0.0011s ]
SQL: SELECT t.*,c.content,ns.text as sortname FROM ding_title t INNER JOIN  ding_news_sort ns on ns.id=t.sort_id  INNER JOIN  ding_content c on c.title_id=t.id   WHERE (  (t.`status`='12')  and (t.`is_recycle`='10')  ) ORDER BY t.id desc LIMIT 8   [ RunTime:0.0010s ]
INFO: Run Behavior\ParseTemplateBehavior [ RunTime:0.049569s ]
INFO: [ view_parse ] --END-- [ RunTime:0.049607s ]
INFO: [ view_filter ] --START--
INFO: Run Behavior\WriteHtmlCacheBehavior [ RunTime:0.000137s ]
INFO: [ view_filter ] --END-- [ RunTime:0.000163s ]
INFO: [ app_end ] --START--
INFO: Run Behavior\ShowPageTraceBehavior [ RunTime:0.000319s ]
INFO: [ app_end ] --END-- [ RunTime:0.000351s ]

[ 2015-04-28T21:25:00+08:00 ] 127.0.0.1 /qiuyun/shop/Public/Uploads/Images/20140701/53b2bdac897be.jpg
INFO: [ app_init ] --START--
INFO: Run Behavior\BuildLiteBehavior [ RunTime:0.000014s ]
INFO: [ app_init ] --END-- [ RunTime:0.000277s ]

[ 2015-04-28T21:25:02+08:00 ] 127.0.0.1 /Home/Content/index/id/4.html
INFO: [ app_init ] --START--
INFO: Run Behavior\BuildLiteBehavior [ RunTime:0.000027s ]
INFO: [ app_init ] --END-- [ RunTime:0.000432s ]
INFO: [ app_begin ] --START--
INFO: Run Behavior\ReadHtmlCacheBehavior [ RunTime:0.000577s ]
INFO: Run Behavior\CheckLangBehavior [ RunTime:0.000447s ]
INFO: [ app_begin ] --END-- [ RunTime:0.001174s ]
SQL: SELECT `sys_value` FROM `ding_setting` WHERE `sys_name` = 'cfg_skin_web' LIMIT 1   [ RunTime:0.0002s ]
SQL: SELECT * FROM `ding_nav_head` WHERE `status` = 20  [ RunTime:0.0002s ]
SQL: SELECT * FROM `ding_nav_foot` WHERE `status` = 20  [ RunTime:0.0001s ]
SQL: SHOW COLUMNS FROM `ding_title` [ RunTime:0.0010s ]
SQL: SELECT t.*,c.content FROM ding_title t INNER JOIN ding_content c ON c.title_id = t.id   WHERE t.id = '4' AND t.status = '12' AND t.is_recycle = '10' LIMIT 1   [ RunTime:0.0003s ]
SQL: UPDATE `ding_title` SET `views`=views+1 WHERE `id` = '4' [ RunTime:0.0022s ]
SQL: SELECT `template_content` FROM `ding_news_sort` WHERE `id` = '3' LIMIT 1   [ RunTime:0.0002s ]
INFO: [ view_parse ] --START--
NOTIC: [8] Use of undefined constant level - assumed 'level' /Library/WebServer/Documents/qiuyun/news/Core/Library/Think/Think.class.php 第 198 行.
NOTIC: [8] Use of undefined constant level - assumed 'level' /Library/WebServer/Documents/qiuyun/news/Core/Library/Think/Think.class.php 第 198 行.
NOTIC: [8] Use of undefined constant level - assumed 'level' /Library/WebServer/Documents/qiuyun/news/Core/Library/Think/Think.class.php 第 198 行.
NOTIC: [8] Use of undefined constant level - assumed 'level' /Library/WebServer/Documents/qiuyun/news/Core/Library/Think/Think.class.php 第 198 行.
NOTIC: [8] Use of undefined constant level - assumed 'level' /Library/WebServer/Documents/qiuyun/news/Core/Library/Think/Think.class.php 第 198 行.
NOTIC: [8] Use of undefined constant level - assumed 'level' /Library/WebServer/Documents/qiuyun/news/Core/Library/Think/Think.class.php 第 198 行.
NOTIC: [8] Use of undefined constant level - assumed 'level' /Library/WebServer/Documents/qiuyun/news/Core/Library/Think/Think.class.php 第 198 行.
NOTIC: [8] Use of undefined constant level - assumed 'level' /Library/WebServer/Documents/qiuyun/news/Core/Library/Think/Think.class.php 第 198 行.
NOTIC: [8] Use of undefined constant level - assumed 'level' /Library/WebServer/Documents/qiuyun/news/Core/Library/Think/Think.class.php 第 198 行.
NOTIC: [8] Use of undefined constant level - assumed 'level' /Library/WebServer/Documents/qiuyun/news/Core/Library/Think/Think.class.php 第 198 行.
NOTIC: [8] Use of undefined constant level - assumed 'level' /Library/WebServer/Documents/qiuyun/news/Core/Library/Think/Think.class.php 第 198 行.
NOTIC: [8] Use of undefined constant level - assumed 'level' /Library/WebServer/Documents/qiuyun/news/Core/Library/Think/Think.class.php 第 198 行.
NOTIC: [8] Undefined index: typeid /Library/WebServer/Documents/qiuyun/news/Core/Library/Think/Template/TagLib/Dogocms.class.php 第 135 行.
NOTIC: [8] Undefined index: tid /Library/WebServer/Documents/qiuyun/news/Core/Library/Think/Template/TagLib/Dogocms.class.php 第 137 行.
NOTIC: [8] Undefined index: flag /Library/WebServer/Documents/qiuyun/news/Core/Library/Think/Template/TagLib/Dogocms.class.php 第 139 行.
NOTIC: [8] Undefined index: order /Library/WebServer/Documents/qiuyun/news/Core/Library/Think/Template/TagLib/Dogocms.class.php 第 140 行.
NOTIC: [8] Undefined index: keywords /Library/WebServer/Documents/qiuyun/news/Core/Library/Think/Template/TagLib/Dogocms.class.php 第 141 行.
NOTIC: [8] Undefined index: typeid /Library/WebServer/Documents/qiuyun/news/Core/Library/Think/Template/TagLib/Dogocms.class.php 第 135 行.
NOTIC: [8] Undefined index: tid /Library/WebServer/Documents/qiuyun/news/Core/Library/Think/Template/TagLib/Dogocms.class.php 第 137 行.
NOTIC: [8] Undefined index: flag /Library/WebServer/Documents/qiuyun/news/Core/Library/Think/Template/TagLib/Dogocms.class.php 第 139 行.
NOTIC: [8] Undefined index: order /Library/WebServer/Documents/qiuyun/news/Core/Library/Think/Template/TagLib/Dogocms.class.php 第 140 行.
NOTIC: [8] Undefined index: keywords /Library/WebServer/Documents/qiuyun/news/Core/Library/Think/Template/TagLib/Dogocms.class.php 第 141 行.
NOTIC: [8] Undefined index: order /Library/WebServer/Documents/qiuyun/news/Core/Library/Think/Template/TagLib/Dogocms.class.php 第 237 行.
SQL: SELECT * FROM `ding_setting` WHERE `sys_name` = 'cfg_sitename' LIMIT 1   [ RunTime:0.0003s ]
SQL: SELECT * FROM `ding_setting` WHERE `sys_name` = 'cfg_copyright' LIMIT 1   [ RunTime:0.0001s ]
INFO: [ template_filter ] --START--
INFO: Run Behavior\ContentReplaceBehavior [ RunTime:0.000032s ]
INFO: [ template_filter ] --END-- [ RunTime:0.000060s ]
NOTIC: [8] Undefined index: m /Library/WebServer/Documents/qiuyun/news/Core/Common/functions.php 第 948 行.
NOTIC: [8] Undefined index: m /Library/WebServer/Documents/qiuyun/news/Core/Common/functions.php 第 948 行.
NOTIC: [8] Undefined index: m /Library/WebServer/Documents/qiuyun/news/Core/Common/functions.php 第 948 行.
NOTIC: [8] Undefined index: children /Library/WebServer/Documents/qiuyun/news/Runtime/Cache/Home/c91d7ee8aa728cace911bda0ee0779a5.php 第 62 行.
NOTIC: [8] Undefined index: children /Library/WebServer/Documents/qiuyun/news/Runtime/Cache/Home/c91d7ee8aa728cace911bda0ee0779a5.php 第 66 行.
NOTIC: [8] Undefined index: children /Library/WebServer/Documents/qiuyun/news/Runtime/Cache/Home/c91d7ee8aa728cace911bda0ee0779a5.php 第 62 行.
NOTIC: [8] Undefined index: children /Library/WebServer/Documents/qiuyun/news/Runtime/Cache/Home/c91d7ee8aa728cace911bda0ee0779a5.php 第 66 行.
NOTIC: [8] Undefined index: m /Library/WebServer/Documents/qiuyun/news/Core/Common/functions.php 第 948 行.
SQL: SELECT * FROM `ding_block_list` WHERE (  (`status`='20')  and (`sort_id` =4)  ) ORDER BY myorder asc LIMIT 4   [ RunTime:0.0003s ]
SQL: SHOW COLUMNS FROM `ding_title` [ RunTime:0.0009s ]
SQL: SELECT t.*,c.content,ns.text as sortname FROM ding_title t INNER JOIN  ding_news_sort ns on ns.id=t.sort_id  INNER JOIN  ding_content c on c.title_id=t.id   WHERE (  (t.`status`='12')  and (t.`is_recycle`='10')  ) ORDER BY t.id desc LIMIT 8   [ RunTime:0.0011s ]
SQL: SHOW COLUMNS FROM `ding_title` [ RunTime:0.0007s ]
SQL: SELECT t.*,c.content,ns.text as sortname FROM ding_title t INNER JOIN  ding_news_sort ns on ns.id=t.sort_id  INNER JOIN  ding_content c on c.title_id=t.id   WHERE (  (t.`status`='12')  and (t.`is_recycle`='10')  ) ORDER BY t.id desc LIMIT 8   [ RunTime:0.0010s ]
INFO: Run Behavior\ParseTemplateBehavior [ RunTime:0.024468s ]
INFO: [ view_parse ] --END-- [ RunTime:0.024500s ]
INFO: [ view_filter ] --START--
INFO: Run Behavior\WriteHtmlCacheBehavior [ RunTime:0.000136s ]
INFO: [ view_filter ] --END-- [ RunTime:0.000162s ]
INFO: [ app_end ] --START--
INFO: Run Behavior\ShowPageTraceBehavior [ RunTime:0.000305s ]
INFO: [ app_end ] --END-- [ RunTime:0.000347s ]

