[ 2015-04-20T22:02:20+08:00 ] 127.0.0.1 /
INFO: [ app_init ] --START--
INFO: Run Behavior\BuildLiteBehavior [ RunTime:0.000011s ]
INFO: [ app_init ] --END-- [ RunTime:0.000444s ]
INFO: [ app_begin ] --START--
INFO: Run Behavior\ReadHtmlCacheBehavior [ RunTime:0.000497s ]
INFO: Run Behavior\CheckLangBehavior [ RunTime:0.001052s ]
INFO: [ app_begin ] --END-- [ RunTime:0.001598s ]
SQL: SELECT `sys_value` FROM `ding_setting` WHERE `sys_name` = 'cfg_skin_web' LIMIT 1   [ RunTime:0.0002s ]
SQL: SELECT * FROM `ding_nav_head` WHERE `status` = 20  [ RunTime:0.0002s ]
SQL: SELECT * FROM `ding_nav_foot` WHERE `status` = 20  [ RunTime:0.0002s ]
SQL: SELECT * FROM `ding_setting` WHERE `sys_name` = 'cfg_title' LIMIT 1   [ RunTime:0.0001s ]
SQL: SELECT * FROM `ding_setting` WHERE `sys_name` = 'cfg_keywords' LIMIT 1   [ RunTime:0.0002s ]
SQL: SELECT * FROM `ding_setting` WHERE `sys_name` = 'cfg_description' LIMIT 1   [ RunTime:0.0003s ]
INFO: [ view_parse ] --START--
NOTIC: [8] Use of undefined constant level - assumed 'level' /Library/WebServer/Documents/qiuyun/news/Core/Library/Think/Think.class.php 第 198 行.
NOTIC: [8] Use of undefined constant level - assumed 'level' /Library/WebServer/Documents/qiuyun/news/Core/Library/Think/Think.class.php 第 198 行.
NOTIC: [8] Use of undefined constant level - assumed 'level' /Library/WebServer/Documents/qiuyun/news/Core/Library/Think/Think.class.php 第 198 行.
NOTIC: [8] Use of undefined constant level - assumed 'level' /Library/WebServer/Documents/qiuyun/news/Core/Library/Think/Think.class.php 第 198 行.
NOTIC: [8] Use of undefined constant level - assumed 'level' /Library/WebServer/Documents/qiuyun/news/Core/Library/Think/Think.class.php 第 198 行.
NOTIC: [8] Use of undefined constant level - assumed 'level' /Library/WebServer/Documents/qiuyun/news/Core/Library/Think/Think.class.php 第 198 行.
NOTIC: [8] Use of undefined constant level - assumed 'level' /Library/WebServer/Documents/qiuyun/news/Core/Library/Think/Think.class.php 第 198 行.
NOTIC: [8] Use of undefined constant level - assumed 'level' /Library/WebServer/Documents/qiuyun/news/Core/Library/Think/Think.class.php 第 198 行.
NOTIC: [8] Use of undefined constant level - assumed 'level' /Library/WebServer/Documents/qiuyun/news/Core/Library/Think/Think.class.php 第 198 行.
NOTIC: [8] Use of undefined constant level - assumed 'level' /Library/WebServer/Documents/qiuyun/news/Core/Library/Think/Think.class.php 第 198 行.
NOTIC: [8] Use of undefined constant level - assumed 'level' /Library/WebServer/Documents/qiuyun/news/Core/Library/Think/Think.class.php 第 198 行.
NOTIC: [8] Use of undefined constant level - assumed 'level' /Library/WebServer/Documents/qiuyun/news/Core/Library/Think/Think.class.php 第 198 行.
NOTIC: [8] Undefined index: typeid /Library/WebServer/Documents/qiuyun/news/Core/Library/Think/Template/TagLib/Dogocms.class.php 第 135 行.
NOTIC: [8] Undefined index: tid /Library/WebServer/Documents/qiuyun/news/Core/Library/Think/Template/TagLib/Dogocms.class.php 第 137 行.
NOTIC: [8] Undefined index: flag /Library/WebServer/Documents/qiuyun/news/Core/Library/Think/Template/TagLib/Dogocms.class.php 第 139 行.
NOTIC: [8] Undefined index: order /Library/WebServer/Documents/qiuyun/news/Core/Library/Think/Template/TagLib/Dogocms.class.php 第 140 行.
NOTIC: [8] Undefined index: keywords /Library/WebServer/Documents/qiuyun/news/Core/Library/Think/Template/TagLib/Dogocms.class.php 第 141 行.
NOTIC: [8] Undefined index: typeid /Library/WebServer/Documents/qiuyun/news/Core/Library/Think/Template/TagLib/Dogocms.class.php 第 135 行.
NOTIC: [8] Undefined index: tid /Library/WebServer/Documents/qiuyun/news/Core/Library/Think/Template/TagLib/Dogocms.class.php 第 137 行.
NOTIC: [8] Undefined index: flag /Library/WebServer/Documents/qiuyun/news/Core/Library/Think/Template/TagLib/Dogocms.class.php 第 139 行.
NOTIC: [8] Undefined index: order /Library/WebServer/Documents/qiuyun/news/Core/Library/Think/Template/TagLib/Dogocms.class.php 第 140 行.
NOTIC: [8] Undefined index: keywords /Library/WebServer/Documents/qiuyun/news/Core/Library/Think/Template/TagLib/Dogocms.class.php 第 141 行.
NOTIC: [8] Undefined index: typeid /Library/WebServer/Documents/qiuyun/news/Core/Library/Think/Template/TagLib/Dogocms.class.php 第 135 行.
NOTIC: [8] Undefined index: tid /Library/WebServer/Documents/qiuyun/news/Core/Library/Think/Template/TagLib/Dogocms.class.php 第 137 行.
NOTIC: [8] Undefined index: flag /Library/WebServer/Documents/qiuyun/news/Core/Library/Think/Template/TagLib/Dogocms.class.php 第 139 行.
NOTIC: [8] Undefined index: order /Library/WebServer/Documents/qiuyun/news/Core/Library/Think/Template/TagLib/Dogocms.class.php 第 140 行.
NOTIC: [8] Undefined index: keywords /Library/WebServer/Documents/qiuyun/news/Core/Library/Think/Template/TagLib/Dogocms.class.php 第 141 行.
NOTIC: [8] Undefined index: typeid /Library/WebServer/Documents/qiuyun/news/Core/Library/Think/Template/TagLib/Dogocms.class.php 第 135 行.
NOTIC: [8] Undefined index: tid /Library/WebServer/Documents/qiuyun/news/Core/Library/Think/Template/TagLib/Dogocms.class.php 第 137 行.
NOTIC: [8] Undefined index: flag /Library/WebServer/Documents/qiuyun/news/Core/Library/Think/Template/TagLib/Dogocms.class.php 第 139 行.
NOTIC: [8] Undefined index: order /Library/WebServer/Documents/qiuyun/news/Core/Library/Think/Template/TagLib/Dogocms.class.php 第 140 行.
NOTIC: [8] Undefined index: keywords /Library/WebServer/Documents/qiuyun/news/Core/Library/Think/Template/TagLib/Dogocms.class.php 第 141 行.
NOTIC: [8] Undefined index: type /Library/WebServer/Documents/qiuyun/news/Core/Library/Think/Template/TagLib/Dogocms.class.php 第 136 行.
NOTIC: [8] Undefined index: tid /Library/WebServer/Documents/qiuyun/news/Core/Library/Think/Template/TagLib/Dogocms.class.php 第 137 行.
NOTIC: [8] Undefined index: flag /Library/WebServer/Documents/qiuyun/news/Core/Library/Think/Template/TagLib/Dogocms.class.php 第 139 行.
NOTIC: [8] Undefined index: order /Library/WebServer/Documents/qiuyun/news/Core/Library/Think/Template/TagLib/Dogocms.class.php 第 140 行.
NOTIC: [8] Undefined index: keywords /Library/WebServer/Documents/qiuyun/news/Core/Library/Think/Template/TagLib/Dogocms.class.php 第 141 行.
NOTIC: [8] Undefined index: type /Library/WebServer/Documents/qiuyun/news/Core/Library/Think/Template/TagLib/Dogocms.class.php 第 136 行.
NOTIC: [8] Undefined index: tid /Library/WebServer/Documents/qiuyun/news/Core/Library/Think/Template/TagLib/Dogocms.class.php 第 137 行.
NOTIC: [8] Undefined index: flag /Library/WebServer/Documents/qiuyun/news/Core/Library/Think/Template/TagLib/Dogocms.class.php 第 139 行.
NOTIC: [8] Undefined index: order /Library/WebServer/Documents/qiuyun/news/Core/Library/Think/Template/TagLib/Dogocms.class.php 第 140 行.
NOTIC: [8] Undefined index: keywords /Library/WebServer/Documents/qiuyun/news/Core/Library/Think/Template/TagLib/Dogocms.class.php 第 141 行.
NOTIC: [8] Undefined index: type /Library/WebServer/Documents/qiuyun/news/Core/Library/Think/Template/TagLib/Dogocms.class.php 第 136 行.
NOTIC: [8] Undefined index: tid /Library/WebServer/Documents/qiuyun/news/Core/Library/Think/Template/TagLib/Dogocms.class.php 第 137 行.
NOTIC: [8] Undefined index: flag /Library/WebServer/Documents/qiuyun/news/Core/Library/Think/Template/TagLib/Dogocms.class.php 第 139 行.
NOTIC: [8] Undefined index: order /Library/WebServer/Documents/qiuyun/news/Core/Library/Think/Template/TagLib/Dogocms.class.php 第 140 行.
NOTIC: [8] Undefined index: keywords /Library/WebServer/Documents/qiuyun/news/Core/Library/Think/Template/TagLib/Dogocms.class.php 第 141 行.
NOTIC: [8] Undefined index: type /Library/WebServer/Documents/qiuyun/news/Core/Library/Think/Template/TagLib/Dogocms.class.php 第 136 行.
NOTIC: [8] Undefined index: tid /Library/WebServer/Documents/qiuyun/news/Core/Library/Think/Template/TagLib/Dogocms.class.php 第 137 行.
NOTIC: [8] Undefined index: flag /Library/WebServer/Documents/qiuyun/news/Core/Library/Think/Template/TagLib/Dogocms.class.php 第 139 行.
NOTIC: [8] Undefined index: order /Library/WebServer/Documents/qiuyun/news/Core/Library/Think/Template/TagLib/Dogocms.class.php 第 140 行.
NOTIC: [8] Undefined index: keywords /Library/WebServer/Documents/qiuyun/news/Core/Library/Think/Template/TagLib/Dogocms.class.php 第 141 行.
NOTIC: [8] Undefined index: type /Library/WebServer/Documents/qiuyun/news/Core/Library/Think/Template/TagLib/Dogocms.class.php 第 136 行.
NOTIC: [8] Undefined index: tid /Library/WebServer/Documents/qiuyun/news/Core/Library/Think/Template/TagLib/Dogocms.class.php 第 137 行.
NOTIC: [8] Undefined index: flag /Library/WebServer/Documents/qiuyun/news/Core/Library/Think/Template/TagLib/Dogocms.class.php 第 139 行.
NOTIC: [8] Undefined index: order /Library/WebServer/Documents/qiuyun/news/Core/Library/Think/Template/TagLib/Dogocms.class.php 第 140 行.
NOTIC: [8] Undefined index: keywords /Library/WebServer/Documents/qiuyun/news/Core/Library/Think/Template/TagLib/Dogocms.class.php 第 141 行.
NOTIC: [8] Undefined index: order /Library/WebServer/Documents/qiuyun/news/Core/Library/Think/Template/TagLib/Dogocms.class.php 第 58 行.
NOTIC: [8] Undefined index: order /Library/WebServer/Documents/qiuyun/news/Core/Library/Think/Template/TagLib/Dogocms.class.php 第 58 行.
NOTIC: [8] Undefined index: order /Library/WebServer/Documents/qiuyun/news/Core/Library/Think/Template/TagLib/Dogocms.class.php 第 58 行.
NOTIC: [8] Undefined index: order /Library/WebServer/Documents/qiuyun/news/Core/Library/Think/Template/TagLib/Dogocms.class.php 第 237 行.
SQL: SELECT * FROM `ding_setting` WHERE `sys_name` = 'cfg_sitename' LIMIT 1   [ RunTime:0.0003s ]
SQL: SELECT * FROM `ding_setting` WHERE `sys_name` = 'cfg_copyright' LIMIT 1   [ RunTime:0.0002s ]
NOTIC: [8] Undefined index: typeid /Library/WebServer/Documents/qiuyun/news/Core/Library/Think/Template/TagLib/Dogocms.class.php 第 205 行.
NOTIC: [8] Undefined index: limit /Library/WebServer/Documents/qiuyun/news/Core/Library/Think/Template/TagLib/Dogocms.class.php 第 206 行.
NOTIC: [8] Undefined index: order /Library/WebServer/Documents/qiuyun/news/Core/Library/Think/Template/TagLib/Dogocms.class.php 第 207 行.
INFO: [ template_filter ] --START--
INFO: Run Behavior\ContentReplaceBehavior [ RunTime:0.000070s ]
INFO: [ template_filter ] --END-- [ RunTime:0.000116s ]
NOTIC: [8] Undefined index: m /Library/WebServer/Documents/qiuyun/news/Core/Common/functions.php 第 948 行.
NOTIC: [8] Undefined index: m /Library/WebServer/Documents/qiuyun/news/Core/Common/functions.php 第 948 行.
NOTIC: [8] Undefined index: m /Library/WebServer/Documents/qiuyun/news/Core/Common/functions.php 第 948 行.
NOTIC: [8] Undefined index: children /Library/WebServer/Documents/qiuyun/news/Runtime/Cache/Home/44c65ac4a14b5adea5b2e7e221033c44.php 第 62 行.
NOTIC: [8] Undefined index: children /Library/WebServer/Documents/qiuyun/news/Runtime/Cache/Home/44c65ac4a14b5adea5b2e7e221033c44.php 第 66 行.
NOTIC: [8] Undefined index: children /Library/WebServer/Documents/qiuyun/news/Runtime/Cache/Home/44c65ac4a14b5adea5b2e7e221033c44.php 第 62 行.
NOTIC: [8] Undefined index: children /Library/WebServer/Documents/qiuyun/news/Runtime/Cache/Home/44c65ac4a14b5adea5b2e7e221033c44.php 第 66 行.
NOTIC: [8] Undefined index: m /Library/WebServer/Documents/qiuyun/news/Core/Common/functions.php 第 948 行.
SQL: SELECT * FROM `ding_block_list` WHERE (  (`status`='20')  and (`sort_id` =4)  ) ORDER BY myorder asc LIMIT 4   [ RunTime:0.0003s ]
SQL: SELECT * FROM `ding_ads` WHERE (  (`status`='20')  and (`sort_id` =1)  ) ORDER BY myorder asc LIMIT 5   [ RunTime:0.0002s ]
SQL: SHOW COLUMNS FROM `ding_title` [ RunTime:0.0010s ]
SQL: SELECT t.*,c.content,ns.text as sortname FROM ding_title t INNER JOIN  ding_news_sort ns on ns.id=t.sort_id  INNER JOIN  ding_content c on c.title_id=t.id   WHERE (  (t.`status`='12')  and (t.`is_recycle`='10')  ) ORDER BY t.id desc LIMIT 1   [ RunTime:0.0010s ]
SQL: SHOW COLUMNS FROM `ding_title` [ RunTime:0.0008s ]
SQL: SELECT t.*,c.content,ns.text as sortname FROM ding_title t INNER JOIN  ding_news_sort ns on ns.id=t.sort_id  INNER JOIN  ding_content c on c.title_id=t.id   WHERE (  (t.`status`='12')  and (t.`is_recycle`='10')  ) ORDER BY t.id desc LIMIT 0,2   [ RunTime:0.0010s ]
SQL: SHOW COLUMNS FROM `ding_title` [ RunTime:0.0010s ]
SQL: SELECT t.*,c.content,ns.text as sortname FROM ding_title t INNER JOIN  ding_news_sort ns on ns.id=t.sort_id  INNER JOIN  ding_content c on c.title_id=t.id   WHERE (  (t.`status`='12')  and (t.`is_recycle`='10')  ) ORDER BY t.id desc LIMIT 2,4   [ RunTime:0.0010s ]
SQL: SELECT * FROM `ding_ads` WHERE (  (`status`='20')  and (`sort_id` =2)  ) ORDER BY myorder asc LIMIT 1   [ RunTime:0.0001s ]
SQL: SHOW COLUMNS FROM `ding_title` [ RunTime:0.0009s ]
SQL: SELECT t.*,c.content,ns.text as sortname FROM ding_title t INNER JOIN  ding_news_sort ns on ns.id=t.sort_id  INNER JOIN  ding_content c on c.title_id=t.id   WHERE (  (t.`status`='12')  and (t.`is_recycle`='10')  ) ORDER BY t.id desc LIMIT 8   [ RunTime:0.0014s ]
SQL: SHOW COLUMNS FROM `ding_title` [ RunTime:0.0011s ]
SQL: SELECT t.*,c.content,ns.text as sortname FROM ding_title t INNER JOIN  ding_news_sort ns on ns.id=t.sort_id  INNER JOIN  ding_content c on c.title_id=t.id   WHERE (  (t.`status`='12')  and (t.`is_recycle`='10')  and (t.`sort_id` in(5,6)) ) ORDER BY t.id desc LIMIT 8   [ RunTime:0.0009s ]
SQL: SELECT * FROM `ding_ads` WHERE (  (`status`='20')  and (`sort_id` =3)  ) ORDER BY myorder asc LIMIT 1   [ RunTime:0.0003s ]
SQL: SHOW COLUMNS FROM `ding_title` [ RunTime:0.0010s ]
SQL: SELECT t.*,c.content,ns.text as sortname FROM ding_title t INNER JOIN  ding_news_sort ns on ns.id=t.sort_id  INNER JOIN  ding_content c on c.title_id=t.id   WHERE (  (t.`status`='12')  and (t.`is_recycle`='10')  and (t.`sort_id` in(3)) ) ORDER BY t.id desc LIMIT 8   [ RunTime:0.0011s ]
SQL: SHOW COLUMNS FROM `ding_title` [ RunTime:0.0008s ]
SQL: SELECT t.*,c.content,ns.text as sortname FROM ding_title t INNER JOIN  ding_news_sort ns on ns.id=t.sort_id  INNER JOIN  ding_content c on c.title_id=t.id   WHERE (  (t.`status`='12')  and (t.`is_recycle`='10')  and (t.`sort_id` in(4)) ) ORDER BY t.id desc LIMIT 8   [ RunTime:0.0008s ]
SQL: SHOW COLUMNS FROM `ding_title` [ RunTime:0.0008s ]
SQL: SELECT t.*,c.content,ns.text as sortname FROM ding_title t INNER JOIN  ding_news_sort ns on ns.id=t.sort_id  INNER JOIN  ding_content c on c.title_id=t.id   WHERE (  (t.`status`='12')  and (t.`is_recycle`='10')  and (t.`sort_id` in(24)) ) ORDER BY t.id desc LIMIT 8   [ RunTime:0.0002s ]
SQL: SHOW COLUMNS FROM `ding_title` [ RunTime:0.0008s ]
SQL: SELECT t.*,c.content,ns.text as sortname FROM ding_title t INNER JOIN  ding_news_sort ns on ns.id=t.sort_id  INNER JOIN  ding_content c on c.title_id=t.id   WHERE (  (t.`status`='12')  and (t.`is_recycle`='10')  and (t.`sort_id` in(25)) ) ORDER BY t.id desc LIMIT 8   [ RunTime:0.0001s ]
SQL: SELECT * FROM `ding_links` WHERE (  (`status`='20')  ) LIMIT 0,10   [ RunTime:0.0001s ]
INFO: Run Behavior\ParseTemplateBehavior [ RunTime:0.078167s ]
INFO: [ view_parse ] --END-- [ RunTime:0.078205s ]
INFO: [ view_filter ] --START--
INFO: Run Behavior\WriteHtmlCacheBehavior [ RunTime:0.000372s ]
INFO: [ view_filter ] --END-- [ RunTime:0.000400s ]
INFO: [ app_end ] --START--
INFO: Run Behavior\ShowPageTraceBehavior [ RunTime:0.000587s ]
INFO: [ app_end ] --END-- [ RunTime:0.000623s ]

[ 2015-04-20T22:03:27+08:00 ] 127.0.0.1 /
INFO: [ app_init ] --START--
INFO: Run Behavior\BuildLiteBehavior [ RunTime:0.000008s ]
INFO: [ app_init ] --END-- [ RunTime:0.000186s ]
INFO: [ app_begin ] --START--
INFO: Run Behavior\ReadHtmlCacheBehavior [ RunTime:0.000221s ]
INFO: Run Behavior\CheckLangBehavior [ RunTime:0.000250s ]
INFO: [ app_begin ] --END-- [ RunTime:0.000513s ]
SQL: SELECT `sys_value` FROM `ding_setting` WHERE `sys_name` = 'cfg_skin_web' LIMIT 1   [ RunTime:0.0002s ]
SQL: SELECT * FROM `ding_nav_head` WHERE `status` = 20  [ RunTime:0.0002s ]
SQL: SELECT * FROM `ding_nav_foot` WHERE `status` = 20  [ RunTime:0.0003s ]
SQL: SELECT * FROM `ding_setting` WHERE `sys_name` = 'cfg_title' LIMIT 1   [ RunTime:0.0003s ]
SQL: SELECT * FROM `ding_setting` WHERE `sys_name` = 'cfg_keywords' LIMIT 1   [ RunTime:0.0002s ]
SQL: SELECT * FROM `ding_setting` WHERE `sys_name` = 'cfg_description' LIMIT 1   [ RunTime:0.0002s ]
INFO: [ view_parse ] --START--
NOTIC: [8] Use of undefined constant level - assumed 'level' /Library/WebServer/Documents/qiuyun/news/Core/Library/Think/Think.class.php 第 198 行.
NOTIC: [8] Use of undefined constant level - assumed 'level' /Library/WebServer/Documents/qiuyun/news/Core/Library/Think/Think.class.php 第 198 行.
NOTIC: [8] Use of undefined constant level - assumed 'level' /Library/WebServer/Documents/qiuyun/news/Core/Library/Think/Think.class.php 第 198 行.
NOTIC: [8] Use of undefined constant level - assumed 'level' /Library/WebServer/Documents/qiuyun/news/Core/Library/Think/Think.class.php 第 198 行.
NOTIC: [8] Use of undefined constant level - assumed 'level' /Library/WebServer/Documents/qiuyun/news/Core/Library/Think/Think.class.php 第 198 行.
NOTIC: [8] Use of undefined constant level - assumed 'level' /Library/WebServer/Documents/qiuyun/news/Core/Library/Think/Think.class.php 第 198 行.
NOTIC: [8] Use of undefined constant level - assumed 'level' /Library/WebServer/Documents/qiuyun/news/Core/Library/Think/Think.class.php 第 198 行.
NOTIC: [8] Use of undefined constant level - assumed 'level' /Library/WebServer/Documents/qiuyun/news/Core/Library/Think/Think.class.php 第 198 行.
NOTIC: [8] Use of undefined constant level - assumed 'level' /Library/WebServer/Documents/qiuyun/news/Core/Library/Think/Think.class.php 第 198 行.
NOTIC: [8] Use of undefined constant level - assumed 'level' /Library/WebServer/Documents/qiuyun/news/Core/Library/Think/Think.class.php 第 198 行.
NOTIC: [8] Use of undefined constant level - assumed 'level' /Library/WebServer/Documents/qiuyun/news/Core/Library/Think/Think.class.php 第 198 行.
NOTIC: [8] Use of undefined constant level - assumed 'level' /Library/WebServer/Documents/qiuyun/news/Core/Library/Think/Think.class.php 第 198 行.
NOTIC: [8] Undefined index: typeid /Library/WebServer/Documents/qiuyun/news/Core/Library/Think/Template/TagLib/Dogocms.class.php 第 135 行.
NOTIC: [8] Undefined index: tid /Library/WebServer/Documents/qiuyun/news/Core/Library/Think/Template/TagLib/Dogocms.class.php 第 137 行.
NOTIC: [8] Undefined index: flag /Library/WebServer/Documents/qiuyun/news/Core/Library/Think/Template/TagLib/Dogocms.class.php 第 139 行.
NOTIC: [8] Undefined index: order /Library/WebServer/Documents/qiuyun/news/Core/Library/Think/Template/TagLib/Dogocms.class.php 第 140 行.
NOTIC: [8] Undefined index: keywords /Library/WebServer/Documents/qiuyun/news/Core/Library/Think/Template/TagLib/Dogocms.class.php 第 141 行.
NOTIC: [8] Undefined index: typeid /Library/WebServer/Documents/qiuyun/news/Core/Library/Think/Template/TagLib/Dogocms.class.php 第 135 行.
NOTIC: [8] Undefined index: tid /Library/WebServer/Documents/qiuyun/news/Core/Library/Think/Template/TagLib/Dogocms.class.php 第 137 行.
NOTIC: [8] Undefined index: flag /Library/WebServer/Documents/qiuyun/news/Core/Library/Think/Template/TagLib/Dogocms.class.php 第 139 行.
NOTIC: [8] Undefined index: order /Library/WebServer/Documents/qiuyun/news/Core/Library/Think/Template/TagLib/Dogocms.class.php 第 140 行.
NOTIC: [8] Undefined index: keywords /Library/WebServer/Documents/qiuyun/news/Core/Library/Think/Template/TagLib/Dogocms.class.php 第 141 行.
NOTIC: [8] Undefined index: typeid /Library/WebServer/Documents/qiuyun/news/Core/Library/Think/Template/TagLib/Dogocms.class.php 第 135 行.
NOTIC: [8] Undefined index: tid /Library/WebServer/Documents/qiuyun/news/Core/Library/Think/Template/TagLib/Dogocms.class.php 第 137 行.
NOTIC: [8] Undefined index: flag /Library/WebServer/Documents/qiuyun/news/Core/Library/Think/Template/TagLib/Dogocms.class.php 第 139 行.
NOTIC: [8] Undefined index: order /Library/WebServer/Documents/qiuyun/news/Core/Library/Think/Template/TagLib/Dogocms.class.php 第 140 行.
NOTIC: [8] Undefined index: keywords /Library/WebServer/Documents/qiuyun/news/Core/Library/Think/Template/TagLib/Dogocms.class.php 第 141 行.
NOTIC: [8] Undefined index: typeid /Library/WebServer/Documents/qiuyun/news/Core/Library/Think/Template/TagLib/Dogocms.class.php 第 135 行.
NOTIC: [8] Undefined index: tid /Library/WebServer/Documents/qiuyun/news/Core/Library/Think/Template/TagLib/Dogocms.class.php 第 137 行.
NOTIC: [8] Undefined index: flag /Library/WebServer/Documents/qiuyun/news/Core/Library/Think/Template/TagLib/Dogocms.class.php 第 139 行.
NOTIC: [8] Undefined index: order /Library/WebServer/Documents/qiuyun/news/Core/Library/Think/Template/TagLib/Dogocms.class.php 第 140 行.
NOTIC: [8] Undefined index: keywords /Library/WebServer/Documents/qiuyun/news/Core/Library/Think/Template/TagLib/Dogocms.class.php 第 141 行.
NOTIC: [8] Undefined index: type /Library/WebServer/Documents/qiuyun/news/Core/Library/Think/Template/TagLib/Dogocms.class.php 第 136 行.
NOTIC: [8] Undefined index: tid /Library/WebServer/Documents/qiuyun/news/Core/Library/Think/Template/TagLib/Dogocms.class.php 第 137 行.
NOTIC: [8] Undefined index: flag /Library/WebServer/Documents/qiuyun/news/Core/Library/Think/Template/TagLib/Dogocms.class.php 第 139 行.
NOTIC: [8] Undefined index: order /Library/WebServer/Documents/qiuyun/news/Core/Library/Think/Template/TagLib/Dogocms.class.php 第 140 行.
NOTIC: [8] Undefined index: keywords /Library/WebServer/Documents/qiuyun/news/Core/Library/Think/Template/TagLib/Dogocms.class.php 第 141 行.
NOTIC: [8] Undefined index: type /Library/WebServer/Documents/qiuyun/news/Core/Library/Think/Template/TagLib/Dogocms.class.php 第 136 行.
NOTIC: [8] Undefined index: tid /Library/WebServer/Documents/qiuyun/news/Core/Library/Think/Template/TagLib/Dogocms.class.php 第 137 行.
NOTIC: [8] Undefined index: flag /Library/WebServer/Documents/qiuyun/news/Core/Library/Think/Template/TagLib/Dogocms.class.php 第 139 行.
NOTIC: [8] Undefined index: order /Library/WebServer/Documents/qiuyun/news/Core/Library/Think/Template/TagLib/Dogocms.class.php 第 140 行.
NOTIC: [8] Undefined index: keywords /Library/WebServer/Documents/qiuyun/news/Core/Library/Think/Template/TagLib/Dogocms.class.php 第 141 行.
NOTIC: [8] Undefined index: type /Library/WebServer/Documents/qiuyun/news/Core/Library/Think/Template/TagLib/Dogocms.class.php 第 136 行.
NOTIC: [8] Undefined index: tid /Library/WebServer/Documents/qiuyun/news/Core/Library/Think/Template/TagLib/Dogocms.class.php 第 137 行.
NOTIC: [8] Undefined index: flag /Library/WebServer/Documents/qiuyun/news/Core/Library/Think/Template/TagLib/Dogocms.class.php 第 139 行.
NOTIC: [8] Undefined index: order /Library/WebServer/Documents/qiuyun/news/Core/Library/Think/Template/TagLib/Dogocms.class.php 第 140 行.
NOTIC: [8] Undefined index: keywords /Library/WebServer/Documents/qiuyun/news/Core/Library/Think/Template/TagLib/Dogocms.class.php 第 141 行.
NOTIC: [8] Undefined index: type /Library/WebServer/Documents/qiuyun/news/Core/Library/Think/Template/TagLib/Dogocms.class.php 第 136 行.
NOTIC: [8] Undefined index: tid /Library/WebServer/Documents/qiuyun/news/Core/Library/Think/Template/TagLib/Dogocms.class.php 第 137 行.
NOTIC: [8] Undefined index: flag /Library/WebServer/Documents/qiuyun/news/Core/Library/Think/Template/TagLib/Dogocms.class.php 第 139 行.
NOTIC: [8] Undefined index: order /Library/WebServer/Documents/qiuyun/news/Core/Library/Think/Template/TagLib/Dogocms.class.php 第 140 行.
NOTIC: [8] Undefined index: keywords /Library/WebServer/Documents/qiuyun/news/Core/Library/Think/Template/TagLib/Dogocms.class.php 第 141 行.
NOTIC: [8] Undefined index: type /Library/WebServer/Documents/qiuyun/news/Core/Library/Think/Template/TagLib/Dogocms.class.php 第 136 行.
NOTIC: [8] Undefined index: tid /Library/WebServer/Documents/qiuyun/news/Core/Library/Think/Template/TagLib/Dogocms.class.php 第 137 行.
NOTIC: [8] Undefined index: flag /Library/WebServer/Documents/qiuyun/news/Core/Library/Think/Template/TagLib/Dogocms.class.php 第 139 行.
NOTIC: [8] Undefined index: order /Library/WebServer/Documents/qiuyun/news/Core/Library/Think/Template/TagLib/Dogocms.class.php 第 140 行.
NOTIC: [8] Undefined index: keywords /Library/WebServer/Documents/qiuyun/news/Core/Library/Think/Template/TagLib/Dogocms.class.php 第 141 行.
NOTIC: [8] Undefined index: order /Library/WebServer/Documents/qiuyun/news/Core/Library/Think/Template/TagLib/Dogocms.class.php 第 58 行.
NOTIC: [8] Undefined index: order /Library/WebServer/Documents/qiuyun/news/Core/Library/Think/Template/TagLib/Dogocms.class.php 第 58 行.
NOTIC: [8] Undefined index: order /Library/WebServer/Documents/qiuyun/news/Core/Library/Think/Template/TagLib/Dogocms.class.php 第 58 行.
NOTIC: [8] Undefined index: order /Library/WebServer/Documents/qiuyun/news/Core/Library/Think/Template/TagLib/Dogocms.class.php 第 237 行.
SQL: SELECT * FROM `ding_setting` WHERE `sys_name` = 'cfg_sitename' LIMIT 1   [ RunTime:0.0003s ]
SQL: SELECT * FROM `ding_setting` WHERE `sys_name` = 'cfg_copyright' LIMIT 1   [ RunTime:0.0002s ]
NOTIC: [8] Undefined index: typeid /Library/WebServer/Documents/qiuyun/news/Core/Library/Think/Template/TagLib/Dogocms.class.php 第 205 行.
NOTIC: [8] Undefined index: limit /Library/WebServer/Documents/qiuyun/news/Core/Library/Think/Template/TagLib/Dogocms.class.php 第 206 行.
NOTIC: [8] Undefined index: order /Library/WebServer/Documents/qiuyun/news/Core/Library/Think/Template/TagLib/Dogocms.class.php 第 207 行.
INFO: [ template_filter ] --START--
INFO: Run Behavior\ContentReplaceBehavior [ RunTime:0.000064s ]
INFO: [ template_filter ] --END-- [ RunTime:0.000093s ]
NOTIC: [8] Undefined index: m /Library/WebServer/Documents/qiuyun/news/Core/Common/functions.php 第 948 行.
NOTIC: [8] Undefined index: m /Library/WebServer/Documents/qiuyun/news/Core/Common/functions.php 第 948 行.
NOTIC: [8] Undefined index: m /Library/WebServer/Documents/qiuyun/news/Core/Common/functions.php 第 948 行.
NOTIC: [8] Undefined index: children /Library/WebServer/Documents/qiuyun/news/Runtime/Cache/Home/44c65ac4a14b5adea5b2e7e221033c44.php 第 62 行.
NOTIC: [8] Undefined index: children /Library/WebServer/Documents/qiuyun/news/Runtime/Cache/Home/44c65ac4a14b5adea5b2e7e221033c44.php 第 66 行.
NOTIC: [8] Undefined index: children /Library/WebServer/Documents/qiuyun/news/Runtime/Cache/Home/44c65ac4a14b5adea5b2e7e221033c44.php 第 62 行.
NOTIC: [8] Undefined index: children /Library/WebServer/Documents/qiuyun/news/Runtime/Cache/Home/44c65ac4a14b5adea5b2e7e221033c44.php 第 66 行.
NOTIC: [8] Undefined index: m /Library/WebServer/Documents/qiuyun/news/Core/Common/functions.php 第 948 行.
SQL: SELECT * FROM `ding_block_list` WHERE (  (`status`='20')  and (`sort_id` =4)  ) ORDER BY myorder asc LIMIT 4   [ RunTime:0.0004s ]
SQL: SELECT * FROM `ding_ads` WHERE (  (`status`='20')  and (`sort_id` =1)  ) ORDER BY myorder asc LIMIT 5   [ RunTime:0.0002s ]
SQL: SHOW COLUMNS FROM `ding_title` [ RunTime:0.0054s ]
SQL: SELECT t.*,c.content,ns.text as sortname FROM ding_title t INNER JOIN  ding_news_sort ns on ns.id=t.sort_id  INNER JOIN  ding_content c on c.title_id=t.id   WHERE (  (t.`status`='12')  and (t.`is_recycle`='10')  ) ORDER BY t.id desc LIMIT 1   [ RunTime:0.0016s ]
SQL: SHOW COLUMNS FROM `ding_title` [ RunTime:0.0011s ]
SQL: SELECT t.*,c.content,ns.text as sortname FROM ding_title t INNER JOIN  ding_news_sort ns on ns.id=t.sort_id  INNER JOIN  ding_content c on c.title_id=t.id   WHERE (  (t.`status`='12')  and (t.`is_recycle`='10')  ) ORDER BY t.id desc LIMIT 0,2   [ RunTime:0.0010s ]
SQL: SHOW COLUMNS FROM `ding_title` [ RunTime:0.0008s ]
SQL: SELECT t.*,c.content,ns.text as sortname FROM ding_title t INNER JOIN  ding_news_sort ns on ns.id=t.sort_id  INNER JOIN  ding_content c on c.title_id=t.id   WHERE (  (t.`status`='12')  and (t.`is_recycle`='10')  ) ORDER BY t.id desc LIMIT 2,4   [ RunTime:0.0011s ]
SQL: SELECT * FROM `ding_ads` WHERE (  (`status`='20')  and (`sort_id` =2)  ) ORDER BY myorder asc LIMIT 1   [ RunTime:0.0002s ]
SQL: SHOW COLUMNS FROM `ding_title` [ RunTime:0.0009s ]
SQL: SELECT t.*,c.content,ns.text as sortname FROM ding_title t INNER JOIN  ding_news_sort ns on ns.id=t.sort_id  INNER JOIN  ding_content c on c.title_id=t.id   WHERE (  (t.`status`='12')  and (t.`is_recycle`='10')  ) ORDER BY t.id desc LIMIT 8   [ RunTime:0.0011s ]
SQL: SHOW COLUMNS FROM `ding_title` [ RunTime:0.0008s ]
SQL: SELECT t.*,c.content,ns.text as sortname FROM ding_title t INNER JOIN  ding_news_sort ns on ns.id=t.sort_id  INNER JOIN  ding_content c on c.title_id=t.id   WHERE (  (t.`status`='12')  and (t.`is_recycle`='10')  and (t.`sort_id` in(5,6)) ) ORDER BY t.id desc LIMIT 8   [ RunTime:0.0007s ]
SQL: SELECT * FROM `ding_ads` WHERE (  (`status`='20')  and (`sort_id` =3)  ) ORDER BY myorder asc LIMIT 1   [ RunTime:0.0001s ]
SQL: SHOW COLUMNS FROM `ding_title` [ RunTime:0.0008s ]
SQL: SELECT t.*,c.content,ns.text as sortname FROM ding_title t INNER JOIN  ding_news_sort ns on ns.id=t.sort_id  INNER JOIN  ding_content c on c.title_id=t.id   WHERE (  (t.`status`='12')  and (t.`is_recycle`='10')  and (t.`sort_id` in(3)) ) ORDER BY t.id desc LIMIT 8   [ RunTime:0.0010s ]
SQL: SHOW COLUMNS FROM `ding_title` [ RunTime:0.0010s ]
SQL: SELECT t.*,c.content,ns.text as sortname FROM ding_title t INNER JOIN  ding_news_sort ns on ns.id=t.sort_id  INNER JOIN  ding_content c on c.title_id=t.id   WHERE (  (t.`status`='12')  and (t.`is_recycle`='10')  and (t.`sort_id` in(4)) ) ORDER BY t.id desc LIMIT 8   [ RunTime:0.0010s ]
SQL: SHOW COLUMNS FROM `ding_title` [ RunTime:0.0009s ]
SQL: SELECT t.*,c.content,ns.text as sortname FROM ding_title t INNER JOIN  ding_news_sort ns on ns.id=t.sort_id  INNER JOIN  ding_content c on c.title_id=t.id   WHERE (  (t.`status`='12')  and (t.`is_recycle`='10')  and (t.`sort_id` in(24)) ) ORDER BY t.id desc LIMIT 8   [ RunTime:0.0002s ]
SQL: SHOW COLUMNS FROM `ding_title` [ RunTime:0.0008s ]
SQL: SELECT t.*,c.content,ns.text as sortname FROM ding_title t INNER JOIN  ding_news_sort ns on ns.id=t.sort_id  INNER JOIN  ding_content c on c.title_id=t.id   WHERE (  (t.`status`='12')  and (t.`is_recycle`='10')  and (t.`sort_id` in(25)) ) ORDER BY t.id desc LIMIT 8   [ RunTime:0.0001s ]
SQL: SELECT * FROM `ding_links` WHERE (  (`status`='20')  ) LIMIT 0,10   [ RunTime:0.0001s ]
INFO: Run Behavior\ParseTemplateBehavior [ RunTime:0.067329s ]
INFO: [ view_parse ] --END-- [ RunTime:0.067357s ]
INFO: [ view_filter ] --START--
INFO: Run Behavior\WriteHtmlCacheBehavior [ RunTime:0.000127s ]
INFO: [ view_filter ] --END-- [ RunTime:0.000152s ]
INFO: [ app_end ] --START--
INFO: Run Behavior\ShowPageTraceBehavior [ RunTime:0.000295s ]
INFO: [ app_end ] --END-- [ RunTime:0.000329s ]

