[ 2015-04-12T15:16:08+08:00 ] 127.0.0.1 /
INFO: [ app_init ] --START--
INFO: Run Behavior\BuildLiteBehavior [ RunTime:0.000015s ]
INFO: [ app_init ] --END-- [ RunTime:0.000335s ]
INFO: [ app_begin ] --START--
INFO: Run Behavior\ReadHtmlCacheBehavior [ RunTime:0.000407s ]
INFO: Run Behavior\CheckLangBehavior [ RunTime:0.002534s ]
INFO: [ app_begin ] --END-- [ RunTime:0.003009s ]
SQL: SELECT `sys_value` FROM `ding_setting` WHERE `sys_name` = 'cfg_skin_web' LIMIT 1   [ RunTime:0.0106s ]
SQL: SELECT * FROM `ding_nav_head` WHERE `status` = 20  [ RunTime:0.0026s ]
SQL: SELECT * FROM `ding_nav_foot` WHERE `status` = 20  [ RunTime:0.0018s ]
SQL: SELECT * FROM `ding_setting` WHERE `sys_name` = 'cfg_title' LIMIT 1   [ RunTime:0.0002s ]
SQL: SELECT * FROM `ding_setting` WHERE `sys_name` = 'cfg_keywords' LIMIT 1   [ RunTime:0.0002s ]
SQL: SELECT * FROM `ding_setting` WHERE `sys_name` = 'cfg_description' LIMIT 1   [ RunTime:0.0002s ]
INFO: [ view_parse ] --START--
NOTIC: [8] Use of undefined constant level - assumed 'level' /Library/WebServer/Documents/qiuyun/news/Core/Library/Think/Think.class.php 第 198 行.
NOTIC: [8] Use of undefined constant level - assumed 'level' /Library/WebServer/Documents/qiuyun/news/Core/Library/Think/Think.class.php 第 198 行.
NOTIC: [8] Use of undefined constant level - assumed 'level' /Library/WebServer/Documents/qiuyun/news/Core/Library/Think/Think.class.php 第 198 行.
NOTIC: [8] Use of undefined constant level - assumed 'level' /Library/WebServer/Documents/qiuyun/news/Core/Library/Think/Think.class.php 第 198 行.
NOTIC: [8] Use of undefined constant level - assumed 'level' /Library/WebServer/Documents/qiuyun/news/Core/Library/Think/Think.class.php 第 198 行.
NOTIC: [8] Use of undefined constant level - assumed 'level' /Library/WebServer/Documents/qiuyun/news/Core/Library/Think/Think.class.php 第 198 行.
NOTIC: [8] Use of undefined constant level - assumed 'level' /Library/WebServer/Documents/qiuyun/news/Core/Library/Think/Think.class.php 第 198 行.
NOTIC: [8] Use of undefined constant level - assumed 'level' /Library/WebServer/Documents/qiuyun/news/Core/Library/Think/Think.class.php 第 198 行.
NOTIC: [8] Use of undefined constant level - assumed 'level' /Library/WebServer/Documents/qiuyun/news/Core/Library/Think/Think.class.php 第 198 行.
NOTIC: [8] Use of undefined constant level - assumed 'level' /Library/WebServer/Documents/qiuyun/news/Core/Library/Think/Think.class.php 第 198 行.
NOTIC: [8] Use of undefined constant level - assumed 'level' /Library/WebServer/Documents/qiuyun/news/Core/Library/Think/Think.class.php 第 198 行.
NOTIC: [8] Use of undefined constant level - assumed 'level' /Library/WebServer/Documents/qiuyun/news/Core/Library/Think/Think.class.php 第 198 行.
NOTIC: [8] Undefined index: typeid /Library/WebServer/Documents/qiuyun/news/Core/Library/Think/Template/TagLib/Dogocms.class.php 第 135 行.
NOTIC: [8] Undefined index: tid /Library/WebServer/Documents/qiuyun/news/Core/Library/Think/Template/TagLib/Dogocms.class.php 第 137 行.
NOTIC: [8] Undefined index: flag /Library/WebServer/Documents/qiuyun/news/Core/Library/Think/Template/TagLib/Dogocms.class.php 第 139 行.
NOTIC: [8] Undefined index: order /Library/WebServer/Documents/qiuyun/news/Core/Library/Think/Template/TagLib/Dogocms.class.php 第 140 行.
NOTIC: [8] Undefined index: keywords /Library/WebServer/Documents/qiuyun/news/Core/Library/Think/Template/TagLib/Dogocms.class.php 第 141 行.
NOTIC: [8] Undefined index: typeid /Library/WebServer/Documents/qiuyun/news/Core/Library/Think/Template/TagLib/Dogocms.class.php 第 135 行.
NOTIC: [8] Undefined index: tid /Library/WebServer/Documents/qiuyun/news/Core/Library/Think/Template/TagLib/Dogocms.class.php 第 137 行.
NOTIC: [8] Undefined index: flag /Library/WebServer/Documents/qiuyun/news/Core/Library/Think/Template/TagLib/Dogocms.class.php 第 139 行.
NOTIC: [8] Undefined index: order /Library/WebServer/Documents/qiuyun/news/Core/Library/Think/Template/TagLib/Dogocms.class.php 第 140 行.
NOTIC: [8] Undefined index: keywords /Library/WebServer/Documents/qiuyun/news/Core/Library/Think/Template/TagLib/Dogocms.class.php 第 141 行.
NOTIC: [8] Undefined index: typeid /Library/WebServer/Documents/qiuyun/news/Core/Library/Think/Template/TagLib/Dogocms.class.php 第 135 行.
NOTIC: [8] Undefined index: tid /Library/WebServer/Documents/qiuyun/news/Core/Library/Think/Template/TagLib/Dogocms.class.php 第 137 行.
NOTIC: [8] Undefined index: flag /Library/WebServer/Documents/qiuyun/news/Core/Library/Think/Template/TagLib/Dogocms.class.php 第 139 行.
NOTIC: [8] Undefined index: order /Library/WebServer/Documents/qiuyun/news/Core/Library/Think/Template/TagLib/Dogocms.class.php 第 140 行.
NOTIC: [8] Undefined index: keywords /Library/WebServer/Documents/qiuyun/news/Core/Library/Think/Template/TagLib/Dogocms.class.php 第 141 行.
NOTIC: [8] Undefined index: type /Library/WebServer/Documents/qiuyun/news/Core/Library/Think/Template/TagLib/Dogocms.class.php 第 136 行.
NOTIC: [8] Undefined index: tid /Library/WebServer/Documents/qiuyun/news/Core/Library/Think/Template/TagLib/Dogocms.class.php 第 137 行.
NOTIC: [8] Undefined index: flag /Library/WebServer/Documents/qiuyun/news/Core/Library/Think/Template/TagLib/Dogocms.class.php 第 139 行.
NOTIC: [8] Undefined index: order /Library/WebServer/Documents/qiuyun/news/Core/Library/Think/Template/TagLib/Dogocms.class.php 第 140 行.
NOTIC: [8] Undefined index: keywords /Library/WebServer/Documents/qiuyun/news/Core/Library/Think/Template/TagLib/Dogocms.class.php 第 141 行.
NOTIC: [8] Undefined index: type /Library/WebServer/Documents/qiuyun/news/Core/Library/Think/Template/TagLib/Dogocms.class.php 第 136 行.
NOTIC: [8] Undefined index: tid /Library/WebServer/Documents/qiuyun/news/Core/Library/Think/Template/TagLib/Dogocms.class.php 第 137 行.
NOTIC: [8] Undefined index: flag /Library/WebServer/Documents/qiuyun/news/Core/Library/Think/Template/TagLib/Dogocms.class.php 第 139 行.
NOTIC: [8] Undefined index: order /Library/WebServer/Documents/qiuyun/news/Core/Library/Think/Template/TagLib/Dogocms.class.php 第 140 行.
NOTIC: [8] Undefined index: keywords /Library/WebServer/Documents/qiuyun/news/Core/Library/Think/Template/TagLib/Dogocms.class.php 第 141 行.
NOTIC: [8] Undefined index: type /Library/WebServer/Documents/qiuyun/news/Core/Library/Think/Template/TagLib/Dogocms.class.php 第 136 行.
NOTIC: [8] Undefined index: tid /Library/WebServer/Documents/qiuyun/news/Core/Library/Think/Template/TagLib/Dogocms.class.php 第 137 行.
NOTIC: [8] Undefined index: flag /Library/WebServer/Documents/qiuyun/news/Core/Library/Think/Template/TagLib/Dogocms.class.php 第 139 行.
NOTIC: [8] Undefined index: order /Library/WebServer/Documents/qiuyun/news/Core/Library/Think/Template/TagLib/Dogocms.class.php 第 140 行.
NOTIC: [8] Undefined index: keywords /Library/WebServer/Documents/qiuyun/news/Core/Library/Think/Template/TagLib/Dogocms.class.php 第 141 行.
NOTIC: [8] Undefined index: type /Library/WebServer/Documents/qiuyun/news/Core/Library/Think/Template/TagLib/Dogocms.class.php 第 136 行.
NOTIC: [8] Undefined index: tid /Library/WebServer/Documents/qiuyun/news/Core/Library/Think/Template/TagLib/Dogocms.class.php 第 137 行.
NOTIC: [8] Undefined index: flag /Library/WebServer/Documents/qiuyun/news/Core/Library/Think/Template/TagLib/Dogocms.class.php 第 139 行.
NOTIC: [8] Undefined index: order /Library/WebServer/Documents/qiuyun/news/Core/Library/Think/Template/TagLib/Dogocms.class.php 第 140 行.
NOTIC: [8] Undefined index: keywords /Library/WebServer/Documents/qiuyun/news/Core/Library/Think/Template/TagLib/Dogocms.class.php 第 141 行.
NOTIC: [8] Undefined index: type /Library/WebServer/Documents/qiuyun/news/Core/Library/Think/Template/TagLib/Dogocms.class.php 第 136 行.
NOTIC: [8] Undefined index: tid /Library/WebServer/Documents/qiuyun/news/Core/Library/Think/Template/TagLib/Dogocms.class.php 第 137 行.
NOTIC: [8] Undefined index: flag /Library/WebServer/Documents/qiuyun/news/Core/Library/Think/Template/TagLib/Dogocms.class.php 第 139 行.
NOTIC: [8] Undefined index: order /Library/WebServer/Documents/qiuyun/news/Core/Library/Think/Template/TagLib/Dogocms.class.php 第 140 行.
NOTIC: [8] Undefined index: keywords /Library/WebServer/Documents/qiuyun/news/Core/Library/Think/Template/TagLib/Dogocms.class.php 第 141 行.
NOTIC: [8] Undefined index: typeid /Library/WebServer/Documents/qiuyun/news/Core/Library/Think/Template/TagLib/Dogocms.class.php 第 135 行.
NOTIC: [8] Undefined index: tid /Library/WebServer/Documents/qiuyun/news/Core/Library/Think/Template/TagLib/Dogocms.class.php 第 137 行.
NOTIC: [8] Undefined index: flag /Library/WebServer/Documents/qiuyun/news/Core/Library/Think/Template/TagLib/Dogocms.class.php 第 139 行.
NOTIC: [8] Undefined index: order /Library/WebServer/Documents/qiuyun/news/Core/Library/Think/Template/TagLib/Dogocms.class.php 第 140 行.
NOTIC: [8] Undefined index: keywords /Library/WebServer/Documents/qiuyun/news/Core/Library/Think/Template/TagLib/Dogocms.class.php 第 141 行.
NOTIC: [8] Undefined index: typeid /Library/WebServer/Documents/qiuyun/news/Core/Library/Think/Template/TagLib/Dogocms.class.php 第 135 行.
NOTIC: [8] Undefined index: tid /Library/WebServer/Documents/qiuyun/news/Core/Library/Think/Template/TagLib/Dogocms.class.php 第 137 行.
NOTIC: [8] Undefined index: flag /Library/WebServer/Documents/qiuyun/news/Core/Library/Think/Template/TagLib/Dogocms.class.php 第 139 行.
NOTIC: [8] Undefined index: order /Library/WebServer/Documents/qiuyun/news/Core/Library/Think/Template/TagLib/Dogocms.class.php 第 140 行.
NOTIC: [8] Undefined index: keywords /Library/WebServer/Documents/qiuyun/news/Core/Library/Think/Template/TagLib/Dogocms.class.php 第 141 行.
NOTIC: [8] Undefined index: type /Library/WebServer/Documents/qiuyun/news/Core/Library/Think/Template/TagLib/Dogocms.class.php 第 136 行.
NOTIC: [8] Undefined index: tid /Library/WebServer/Documents/qiuyun/news/Core/Library/Think/Template/TagLib/Dogocms.class.php 第 137 行.
NOTIC: [8] Undefined index: flag /Library/WebServer/Documents/qiuyun/news/Core/Library/Think/Template/TagLib/Dogocms.class.php 第 139 行.
NOTIC: [8] Undefined index: order /Library/WebServer/Documents/qiuyun/news/Core/Library/Think/Template/TagLib/Dogocms.class.php 第 140 行.
NOTIC: [8] Undefined index: keywords /Library/WebServer/Documents/qiuyun/news/Core/Library/Think/Template/TagLib/Dogocms.class.php 第 141 行.
NOTIC: [8] Undefined index: type /Library/WebServer/Documents/qiuyun/news/Core/Library/Think/Template/TagLib/Dogocms.class.php 第 136 行.
NOTIC: [8] Undefined index: tid /Library/WebServer/Documents/qiuyun/news/Core/Library/Think/Template/TagLib/Dogocms.class.php 第 137 行.
NOTIC: [8] Undefined index: flag /Library/WebServer/Documents/qiuyun/news/Core/Library/Think/Template/TagLib/Dogocms.class.php 第 139 行.
NOTIC: [8] Undefined index: order /Library/WebServer/Documents/qiuyun/news/Core/Library/Think/Template/TagLib/Dogocms.class.php 第 140 行.
NOTIC: [8] Undefined index: keywords /Library/WebServer/Documents/qiuyun/news/Core/Library/Think/Template/TagLib/Dogocms.class.php 第 141 行.
NOTIC: [8] Undefined index: type /Library/WebServer/Documents/qiuyun/news/Core/Library/Think/Template/TagLib/Dogocms.class.php 第 136 行.
NOTIC: [8] Undefined index: tid /Library/WebServer/Documents/qiuyun/news/Core/Library/Think/Template/TagLib/Dogocms.class.php 第 137 行.
NOTIC: [8] Undefined index: flag /Library/WebServer/Documents/qiuyun/news/Core/Library/Think/Template/TagLib/Dogocms.class.php 第 139 行.
NOTIC: [8] Undefined index: order /Library/WebServer/Documents/qiuyun/news/Core/Library/Think/Template/TagLib/Dogocms.class.php 第 140 行.
NOTIC: [8] Undefined index: keywords /Library/WebServer/Documents/qiuyun/news/Core/Library/Think/Template/TagLib/Dogocms.class.php 第 141 行.
NOTIC: [8] Undefined index: type /Library/WebServer/Documents/qiuyun/news/Core/Library/Think/Template/TagLib/Dogocms.class.php 第 136 行.
NOTIC: [8] Undefined index: tid /Library/WebServer/Documents/qiuyun/news/Core/Library/Think/Template/TagLib/Dogocms.class.php 第 137 行.
NOTIC: [8] Undefined index: flag /Library/WebServer/Documents/qiuyun/news/Core/Library/Think/Template/TagLib/Dogocms.class.php 第 139 行.
NOTIC: [8] Undefined index: order /Library/WebServer/Documents/qiuyun/news/Core/Library/Think/Template/TagLib/Dogocms.class.php 第 140 行.
NOTIC: [8] Undefined index: keywords /Library/WebServer/Documents/qiuyun/news/Core/Library/Think/Template/TagLib/Dogocms.class.php 第 141 行.
NOTIC: [8] Undefined index: type /Library/WebServer/Documents/qiuyun/news/Core/Library/Think/Template/TagLib/Dogocms.class.php 第 136 行.
NOTIC: [8] Undefined index: tid /Library/WebServer/Documents/qiuyun/news/Core/Library/Think/Template/TagLib/Dogocms.class.php 第 137 行.
NOTIC: [8] Undefined index: flag /Library/WebServer/Documents/qiuyun/news/Core/Library/Think/Template/TagLib/Dogocms.class.php 第 139 行.
NOTIC: [8] Undefined index: order /Library/WebServer/Documents/qiuyun/news/Core/Library/Think/Template/TagLib/Dogocms.class.php 第 140 行.
NOTIC: [8] Undefined index: keywords /Library/WebServer/Documents/qiuyun/news/Core/Library/Think/Template/TagLib/Dogocms.class.php 第 141 行.
NOTIC: [8] Undefined index: order /Library/WebServer/Documents/qiuyun/news/Core/Library/Think/Template/TagLib/Dogocms.class.php 第 58 行.
NOTIC: [8] Undefined index: order /Library/WebServer/Documents/qiuyun/news/Core/Library/Think/Template/TagLib/Dogocms.class.php 第 58 行.
NOTIC: [8] Undefined index: order /Library/WebServer/Documents/qiuyun/news/Core/Library/Think/Template/TagLib/Dogocms.class.php 第 58 行.
NOTIC: [8] Undefined index: order /Library/WebServer/Documents/qiuyun/news/Core/Library/Think/Template/TagLib/Dogocms.class.php 第 237 行.
SQL: SELECT * FROM `ding_setting` WHERE `sys_name` = 'cfg_sitename' LIMIT 1   [ RunTime:0.0003s ]
SQL: SELECT * FROM `ding_setting` WHERE `sys_name` = 'cfg_copyright' LIMIT 1   [ RunTime:0.0002s ]
SQL: SELECT * FROM `ding_setting` WHERE `sys_name` = 'cfg_tongji' LIMIT 1   [ RunTime:0.0001s ]
NOTIC: [8] Undefined index: typeid /Library/WebServer/Documents/qiuyun/news/Core/Library/Think/Template/TagLib/Dogocms.class.php 第 205 行.
NOTIC: [8] Undefined index: limit /Library/WebServer/Documents/qiuyun/news/Core/Library/Think/Template/TagLib/Dogocms.class.php 第 206 行.
NOTIC: [8] Undefined index: order /Library/WebServer/Documents/qiuyun/news/Core/Library/Think/Template/TagLib/Dogocms.class.php 第 207 行.
INFO: [ template_filter ] --START--
INFO: Run Behavior\ContentReplaceBehavior [ RunTime:0.000083s ]
INFO: [ template_filter ] --END-- [ RunTime:0.000127s ]
NOTIC: [8] Undefined index: m /Library/WebServer/Documents/qiuyun/news/Core/Common/functions.php 第 948 行.
NOTIC: [8] Undefined index: m /Library/WebServer/Documents/qiuyun/news/Core/Common/functions.php 第 948 行.
NOTIC: [8] Undefined index: m /Library/WebServer/Documents/qiuyun/news/Core/Common/functions.php 第 948 行.
NOTIC: [8] Undefined index: children /Library/WebServer/Documents/qiuyun/news/Runtime/Cache/Home/ba296b41ea57823f7fa6dfe071834057.php 第 56 行.
NOTIC: [8] Undefined index: children /Library/WebServer/Documents/qiuyun/news/Runtime/Cache/Home/ba296b41ea57823f7fa6dfe071834057.php 第 60 行.
NOTIC: [8] Undefined index: children /Library/WebServer/Documents/qiuyun/news/Runtime/Cache/Home/ba296b41ea57823f7fa6dfe071834057.php 第 56 行.
NOTIC: [8] Undefined index: children /Library/WebServer/Documents/qiuyun/news/Runtime/Cache/Home/ba296b41ea57823f7fa6dfe071834057.php 第 60 行.
NOTIC: [8] Undefined index: m /Library/WebServer/Documents/qiuyun/news/Core/Common/functions.php 第 948 行.
SQL: SELECT * FROM `ding_block_list` WHERE (  (`status`='20')  and (`sort_id` =4)  ) ORDER BY myorder asc LIMIT 4   [ RunTime:0.0032s ]
SQL: SELECT * FROM `ding_ads` WHERE (  (`status`='20')  and (`sort_id` =1)  ) ORDER BY myorder asc LIMIT 5   [ RunTime:0.0017s ]
SQL: SHOW COLUMNS FROM `ding_title` [ RunTime:0.0029s ]
SQL: SELECT t.*,c.content,ns.text as sortname FROM ding_title t INNER JOIN  ding_news_sort ns on ns.id=t.sort_id  INNER JOIN  ding_content c on c.title_id=t.id   WHERE (  (t.`status`='12')  and (t.`is_recycle`='10')  ) ORDER BY t.id desc LIMIT 1   [ RunTime:0.0097s ]
SQL: SHOW COLUMNS FROM `ding_title` [ RunTime:0.0009s ]
SQL: SELECT t.*,c.content,ns.text as sortname FROM ding_title t INNER JOIN  ding_news_sort ns on ns.id=t.sort_id  INNER JOIN  ding_content c on c.title_id=t.id   WHERE (  (t.`status`='12')  and (t.`is_recycle`='10')  ) ORDER BY t.id desc LIMIT 0,2   [ RunTime:0.0010s ]
SQL: SHOW COLUMNS FROM `ding_title` [ RunTime:0.0029s ]
SQL: SELECT t.*,c.content,ns.text as sortname FROM ding_title t INNER JOIN  ding_news_sort ns on ns.id=t.sort_id  INNER JOIN  ding_content c on c.title_id=t.id   WHERE (  (t.`status`='12')  and (t.`is_recycle`='10')  ) ORDER BY t.id desc LIMIT 2,4   [ RunTime:0.0013s ]
SQL: SELECT * FROM `ding_ads` WHERE (  (`status`='20')  and (`sort_id` =2)  ) ORDER BY myorder asc LIMIT 1   [ RunTime:0.0002s ]
SQL: SHOW COLUMNS FROM `ding_title` [ RunTime:0.0009s ]
SQL: SELECT t.*,c.content,ns.text as sortname FROM ding_title t INNER JOIN  ding_news_sort ns on ns.id=t.sort_id  INNER JOIN  ding_content c on c.title_id=t.id   WHERE (  (t.`status`='12')  and (t.`is_recycle`='10')  and (t.`sort_id` in(22)) ) ORDER BY t.id desc LIMIT 8   [ RunTime:0.0009s ]
SQL: SHOW COLUMNS FROM `ding_title` [ RunTime:0.0010s ]
SQL: SELECT t.*,c.content,ns.text as sortname FROM ding_title t INNER JOIN  ding_news_sort ns on ns.id=t.sort_id  INNER JOIN  ding_content c on c.title_id=t.id   WHERE (  (t.`status`='12')  and (t.`is_recycle`='10')  and (t.`sort_id` in(26)) ) ORDER BY t.id desc LIMIT 8   [ RunTime:0.0002s ]
SQL: SHOW COLUMNS FROM `ding_title` [ RunTime:0.0012s ]
SQL: SELECT t.*,c.content,ns.text as sortname FROM ding_title t INNER JOIN  ding_news_sort ns on ns.id=t.sort_id  INNER JOIN  ding_content c on c.title_id=t.id   WHERE (  (t.`status`='12')  and (t.`is_recycle`='10')  and (t.`sort_id` in(9)) ) ORDER BY t.id desc LIMIT 8   [ RunTime:0.0009s ]
SQL: SHOW COLUMNS FROM `ding_title` [ RunTime:0.0009s ]
SQL: SELECT t.*,c.content,ns.text as sortname FROM ding_title t INNER JOIN  ding_news_sort ns on ns.id=t.sort_id  INNER JOIN  ding_content c on c.title_id=t.id   WHERE (  (t.`status`='12')  and (t.`is_recycle`='10')  and (t.`sort_id` in(10)) ) ORDER BY t.id desc LIMIT 8   [ RunTime:0.0009s ]
SQL: SHOW COLUMNS FROM `ding_title` [ RunTime:0.0011s ]
SQL: SELECT t.*,c.content,ns.text as sortname FROM ding_title t INNER JOIN  ding_news_sort ns on ns.id=t.sort_id  INNER JOIN  ding_content c on c.title_id=t.id   WHERE (  (t.`status`='12')  and (t.`is_recycle`='10')  and (t.`sort_id` in(12)) ) ORDER BY t.id desc LIMIT 8   [ RunTime:0.0014s ]
SQL: SHOW COLUMNS FROM `ding_title` [ RunTime:0.0015s ]
SQL: SELECT t.*,c.content,ns.text as sortname FROM ding_title t INNER JOIN  ding_news_sort ns on ns.id=t.sort_id  INNER JOIN  ding_content c on c.title_id=t.id   WHERE (  (t.`status`='12')  and (t.`is_recycle`='10')  ) ORDER BY t.id desc LIMIT 8   [ RunTime:0.0020s ]
SQL: SHOW COLUMNS FROM `ding_title` [ RunTime:0.0014s ]
SQL: SELECT t.*,c.content,ns.text as sortname FROM ding_title t INNER JOIN  ding_news_sort ns on ns.id=t.sort_id  INNER JOIN  ding_content c on c.title_id=t.id   WHERE (  (t.`status`='12')  and (t.`is_recycle`='10')  ) ORDER BY t.id desc LIMIT 8   [ RunTime:0.0012s ]
SQL: SHOW COLUMNS FROM `ding_title` [ RunTime:0.0009s ]
SQL: SELECT t.*,c.content,ns.text as sortname FROM ding_title t INNER JOIN  ding_news_sort ns on ns.id=t.sort_id  INNER JOIN  ding_content c on c.title_id=t.id   WHERE (  (t.`status`='12')  and (t.`is_recycle`='10')  and (t.`sort_id` in(5,6)) ) ORDER BY t.id desc LIMIT 8   [ RunTime:0.0017s ]
SQL: SELECT * FROM `ding_ads` WHERE (  (`status`='20')  and (`sort_id` =3)  ) ORDER BY myorder asc LIMIT 1   [ RunTime:0.0002s ]
SQL: SHOW COLUMNS FROM `ding_title` [ RunTime:0.0009s ]
SQL: SELECT t.*,c.content,ns.text as sortname FROM ding_title t INNER JOIN  ding_news_sort ns on ns.id=t.sort_id  INNER JOIN  ding_content c on c.title_id=t.id   WHERE (  (t.`status`='12')  and (t.`is_recycle`='10')  and (t.`sort_id` in(3)) ) ORDER BY t.id desc LIMIT 8   [ RunTime:0.0012s ]
SQL: SHOW COLUMNS FROM `ding_title` [ RunTime:0.0008s ]
SQL: SELECT t.*,c.content,ns.text as sortname FROM ding_title t INNER JOIN  ding_news_sort ns on ns.id=t.sort_id  INNER JOIN  ding_content c on c.title_id=t.id   WHERE (  (t.`status`='12')  and (t.`is_recycle`='10')  and (t.`sort_id` in(4)) ) ORDER BY t.id desc LIMIT 8   [ RunTime:0.0010s ]
SQL: SHOW COLUMNS FROM `ding_title` [ RunTime:0.0009s ]
SQL: SELECT t.*,c.content,ns.text as sortname FROM ding_title t INNER JOIN  ding_news_sort ns on ns.id=t.sort_id  INNER JOIN  ding_content c on c.title_id=t.id   WHERE (  (t.`status`='12')  and (t.`is_recycle`='10')  and (t.`sort_id` in(24)) ) ORDER BY t.id desc LIMIT 8   [ RunTime:0.0002s ]
SQL: SHOW COLUMNS FROM `ding_title` [ RunTime:0.0008s ]
SQL: SELECT t.*,c.content,ns.text as sortname FROM ding_title t INNER JOIN  ding_news_sort ns on ns.id=t.sort_id  INNER JOIN  ding_content c on c.title_id=t.id   WHERE (  (t.`status`='12')  and (t.`is_recycle`='10')  and (t.`sort_id` in(25)) ) ORDER BY t.id desc LIMIT 8   [ RunTime:0.0002s ]
SQL: SELECT * FROM `ding_links` WHERE (  (`status`='20')  ) LIMIT 0,10   [ RunTime:0.0017s ]
INFO: Run Behavior\ParseTemplateBehavior [ RunTime:0.106616s ]
INFO: [ view_parse ] --END-- [ RunTime:0.106653s ]
INFO: [ view_filter ] --START--
INFO: Run Behavior\WriteHtmlCacheBehavior [ RunTime:0.000222s ]
INFO: [ view_filter ] --END-- [ RunTime:0.000250s ]
INFO: [ app_end ] --START--
INFO: Run Behavior\ShowPageTraceBehavior [ RunTime:0.000407s ]
INFO: [ app_end ] --END-- [ RunTime:0.000442s ]

[ 2015-04-12T15:16:08+08:00 ] 127.0.0.1 /qiuyun/shop/Public/Uploads/Images/20140701/53b2bdfbe27aa.jpg
INFO: [ app_init ] --START--
INFO: Run Behavior\BuildLiteBehavior [ RunTime:0.000017s ]
INFO: [ app_init ] --END-- [ RunTime:0.000267s ]

[ 2015-04-12T15:16:08+08:00 ] 127.0.0.1 /qiuyun/shop/Public/Uploads/Images/20140701/53b2bdac897be.jpg
INFO: [ app_init ] --START--
INFO: Run Behavior\BuildLiteBehavior [ RunTime:0.000019s ]
INFO: [ app_init ] --END-- [ RunTime:0.000371s ]

[ 2015-04-12T15:16:08+08:00 ] 127.0.0.1 /favicon.ico
INFO: [ app_init ] --START--
INFO: Run Behavior\BuildLiteBehavior [ RunTime:0.000011s ]
INFO: [ app_init ] --END-- [ RunTime:0.000198s ]

[ 2015-04-12T18:01:18+08:00 ] 127.0.0.1 /
INFO: [ app_init ] --START--
INFO: Run Behavior\BuildLiteBehavior [ RunTime:0.000010s ]
INFO: [ app_init ] --END-- [ RunTime:0.000483s ]
INFO: [ app_begin ] --START--
INFO: Run Behavior\ReadHtmlCacheBehavior [ RunTime:0.000649s ]
INFO: Run Behavior\CheckLangBehavior [ RunTime:0.001533s ]
INFO: [ app_begin ] --END-- [ RunTime:0.002248s ]
SQL: SELECT `sys_value` FROM `ding_setting` WHERE `sys_name` = 'cfg_skin_web' LIMIT 1   [ RunTime:0.0002s ]
SQL: SELECT * FROM `ding_nav_head` WHERE `status` = 20  [ RunTime:0.0006s ]
SQL: SELECT * FROM `ding_nav_foot` WHERE `status` = 20  [ RunTime:0.0009s ]
SQL: SELECT * FROM `ding_setting` WHERE `sys_name` = 'cfg_title' LIMIT 1   [ RunTime:0.0001s ]
SQL: SELECT * FROM `ding_setting` WHERE `sys_name` = 'cfg_keywords' LIMIT 1   [ RunTime:0.0001s ]
SQL: SELECT * FROM `ding_setting` WHERE `sys_name` = 'cfg_description' LIMIT 1   [ RunTime:0.0001s ]
INFO: [ view_parse ] --START--
NOTIC: [8] Use of undefined constant level - assumed 'level' /Library/WebServer/Documents/qiuyun/news/Core/Library/Think/Think.class.php 第 198 行.
NOTIC: [8] Use of undefined constant level - assumed 'level' /Library/WebServer/Documents/qiuyun/news/Core/Library/Think/Think.class.php 第 198 行.
NOTIC: [8] Use of undefined constant level - assumed 'level' /Library/WebServer/Documents/qiuyun/news/Core/Library/Think/Think.class.php 第 198 行.
NOTIC: [8] Use of undefined constant level - assumed 'level' /Library/WebServer/Documents/qiuyun/news/Core/Library/Think/Think.class.php 第 198 行.
NOTIC: [8] Use of undefined constant level - assumed 'level' /Library/WebServer/Documents/qiuyun/news/Core/Library/Think/Think.class.php 第 198 行.
NOTIC: [8] Use of undefined constant level - assumed 'level' /Library/WebServer/Documents/qiuyun/news/Core/Library/Think/Think.class.php 第 198 行.
NOTIC: [8] Use of undefined constant level - assumed 'level' /Library/WebServer/Documents/qiuyun/news/Core/Library/Think/Think.class.php 第 198 行.
NOTIC: [8] Use of undefined constant level - assumed 'level' /Library/WebServer/Documents/qiuyun/news/Core/Library/Think/Think.class.php 第 198 行.
NOTIC: [8] Use of undefined constant level - assumed 'level' /Library/WebServer/Documents/qiuyun/news/Core/Library/Think/Think.class.php 第 198 行.
NOTIC: [8] Use of undefined constant level - assumed 'level' /Library/WebServer/Documents/qiuyun/news/Core/Library/Think/Think.class.php 第 198 行.
NOTIC: [8] Use of undefined constant level - assumed 'level' /Library/WebServer/Documents/qiuyun/news/Core/Library/Think/Think.class.php 第 198 行.
NOTIC: [8] Use of undefined constant level - assumed 'level' /Library/WebServer/Documents/qiuyun/news/Core/Library/Think/Think.class.php 第 198 行.
NOTIC: [8] Undefined index: typeid /Library/WebServer/Documents/qiuyun/news/Core/Library/Think/Template/TagLib/Dogocms.class.php 第 135 行.
NOTIC: [8] Undefined index: tid /Library/WebServer/Documents/qiuyun/news/Core/Library/Think/Template/TagLib/Dogocms.class.php 第 137 行.
NOTIC: [8] Undefined index: flag /Library/WebServer/Documents/qiuyun/news/Core/Library/Think/Template/TagLib/Dogocms.class.php 第 139 行.
NOTIC: [8] Undefined index: order /Library/WebServer/Documents/qiuyun/news/Core/Library/Think/Template/TagLib/Dogocms.class.php 第 140 行.
NOTIC: [8] Undefined index: keywords /Library/WebServer/Documents/qiuyun/news/Core/Library/Think/Template/TagLib/Dogocms.class.php 第 141 行.
NOTIC: [8] Undefined index: typeid /Library/WebServer/Documents/qiuyun/news/Core/Library/Think/Template/TagLib/Dogocms.class.php 第 135 行.
NOTIC: [8] Undefined index: tid /Library/WebServer/Documents/qiuyun/news/Core/Library/Think/Template/TagLib/Dogocms.class.php 第 137 行.
NOTIC: [8] Undefined index: flag /Library/WebServer/Documents/qiuyun/news/Core/Library/Think/Template/TagLib/Dogocms.class.php 第 139 行.
NOTIC: [8] Undefined index: order /Library/WebServer/Documents/qiuyun/news/Core/Library/Think/Template/TagLib/Dogocms.class.php 第 140 行.
NOTIC: [8] Undefined index: keywords /Library/WebServer/Documents/qiuyun/news/Core/Library/Think/Template/TagLib/Dogocms.class.php 第 141 行.
NOTIC: [8] Undefined index: typeid /Library/WebServer/Documents/qiuyun/news/Core/Library/Think/Template/TagLib/Dogocms.class.php 第 135 行.
NOTIC: [8] Undefined index: tid /Library/WebServer/Documents/qiuyun/news/Core/Library/Think/Template/TagLib/Dogocms.class.php 第 137 行.
NOTIC: [8] Undefined index: flag /Library/WebServer/Documents/qiuyun/news/Core/Library/Think/Template/TagLib/Dogocms.class.php 第 139 行.
NOTIC: [8] Undefined index: order /Library/WebServer/Documents/qiuyun/news/Core/Library/Think/Template/TagLib/Dogocms.class.php 第 140 行.
NOTIC: [8] Undefined index: keywords /Library/WebServer/Documents/qiuyun/news/Core/Library/Think/Template/TagLib/Dogocms.class.php 第 141 行.
NOTIC: [8] Undefined index: type /Library/WebServer/Documents/qiuyun/news/Core/Library/Think/Template/TagLib/Dogocms.class.php 第 136 行.
NOTIC: [8] Undefined index: tid /Library/WebServer/Documents/qiuyun/news/Core/Library/Think/Template/TagLib/Dogocms.class.php 第 137 行.
NOTIC: [8] Undefined index: flag /Library/WebServer/Documents/qiuyun/news/Core/Library/Think/Template/TagLib/Dogocms.class.php 第 139 行.
NOTIC: [8] Undefined index: order /Library/WebServer/Documents/qiuyun/news/Core/Library/Think/Template/TagLib/Dogocms.class.php 第 140 行.
NOTIC: [8] Undefined index: keywords /Library/WebServer/Documents/qiuyun/news/Core/Library/Think/Template/TagLib/Dogocms.class.php 第 141 行.
NOTIC: [8] Undefined index: type /Library/WebServer/Documents/qiuyun/news/Core/Library/Think/Template/TagLib/Dogocms.class.php 第 136 行.
NOTIC: [8] Undefined index: tid /Library/WebServer/Documents/qiuyun/news/Core/Library/Think/Template/TagLib/Dogocms.class.php 第 137 行.
NOTIC: [8] Undefined index: flag /Library/WebServer/Documents/qiuyun/news/Core/Library/Think/Template/TagLib/Dogocms.class.php 第 139 行.
NOTIC: [8] Undefined index: order /Library/WebServer/Documents/qiuyun/news/Core/Library/Think/Template/TagLib/Dogocms.class.php 第 140 行.
NOTIC: [8] Undefined index: keywords /Library/WebServer/Documents/qiuyun/news/Core/Library/Think/Template/TagLib/Dogocms.class.php 第 141 行.
NOTIC: [8] Undefined index: type /Library/WebServer/Documents/qiuyun/news/Core/Library/Think/Template/TagLib/Dogocms.class.php 第 136 行.
NOTIC: [8] Undefined index: tid /Library/WebServer/Documents/qiuyun/news/Core/Library/Think/Template/TagLib/Dogocms.class.php 第 137 行.
NOTIC: [8] Undefined index: flag /Library/WebServer/Documents/qiuyun/news/Core/Library/Think/Template/TagLib/Dogocms.class.php 第 139 行.
NOTIC: [8] Undefined index: order /Library/WebServer/Documents/qiuyun/news/Core/Library/Think/Template/TagLib/Dogocms.class.php 第 140 行.
NOTIC: [8] Undefined index: keywords /Library/WebServer/Documents/qiuyun/news/Core/Library/Think/Template/TagLib/Dogocms.class.php 第 141 行.
NOTIC: [8] Undefined index: type /Library/WebServer/Documents/qiuyun/news/Core/Library/Think/Template/TagLib/Dogocms.class.php 第 136 行.
NOTIC: [8] Undefined index: tid /Library/WebServer/Documents/qiuyun/news/Core/Library/Think/Template/TagLib/Dogocms.class.php 第 137 行.
NOTIC: [8] Undefined index: flag /Library/WebServer/Documents/qiuyun/news/Core/Library/Think/Template/TagLib/Dogocms.class.php 第 139 行.
NOTIC: [8] Undefined index: order /Library/WebServer/Documents/qiuyun/news/Core/Library/Think/Template/TagLib/Dogocms.class.php 第 140 行.
NOTIC: [8] Undefined index: keywords /Library/WebServer/Documents/qiuyun/news/Core/Library/Think/Template/TagLib/Dogocms.class.php 第 141 行.
NOTIC: [8] Undefined index: type /Library/WebServer/Documents/qiuyun/news/Core/Library/Think/Template/TagLib/Dogocms.class.php 第 136 行.
NOTIC: [8] Undefined index: tid /Library/WebServer/Documents/qiuyun/news/Core/Library/Think/Template/TagLib/Dogocms.class.php 第 137 行.
NOTIC: [8] Undefined index: flag /Library/WebServer/Documents/qiuyun/news/Core/Library/Think/Template/TagLib/Dogocms.class.php 第 139 行.
NOTIC: [8] Undefined index: order /Library/WebServer/Documents/qiuyun/news/Core/Library/Think/Template/TagLib/Dogocms.class.php 第 140 行.
NOTIC: [8] Undefined index: keywords /Library/WebServer/Documents/qiuyun/news/Core/Library/Think/Template/TagLib/Dogocms.class.php 第 141 行.
NOTIC: [8] Undefined index: typeid /Library/WebServer/Documents/qiuyun/news/Core/Library/Think/Template/TagLib/Dogocms.class.php 第 135 行.
NOTIC: [8] Undefined index: tid /Library/WebServer/Documents/qiuyun/news/Core/Library/Think/Template/TagLib/Dogocms.class.php 第 137 行.
NOTIC: [8] Undefined index: flag /Library/WebServer/Documents/qiuyun/news/Core/Library/Think/Template/TagLib/Dogocms.class.php 第 139 行.
NOTIC: [8] Undefined index: order /Library/WebServer/Documents/qiuyun/news/Core/Library/Think/Template/TagLib/Dogocms.class.php 第 140 行.
NOTIC: [8] Undefined index: keywords /Library/WebServer/Documents/qiuyun/news/Core/Library/Think/Template/TagLib/Dogocms.class.php 第 141 行.
NOTIC: [8] Undefined index: typeid /Library/WebServer/Documents/qiuyun/news/Core/Library/Think/Template/TagLib/Dogocms.class.php 第 135 行.
NOTIC: [8] Undefined index: tid /Library/WebServer/Documents/qiuyun/news/Core/Library/Think/Template/TagLib/Dogocms.class.php 第 137 行.
NOTIC: [8] Undefined index: flag /Library/WebServer/Documents/qiuyun/news/Core/Library/Think/Template/TagLib/Dogocms.class.php 第 139 行.
NOTIC: [8] Undefined index: order /Library/WebServer/Documents/qiuyun/news/Core/Library/Think/Template/TagLib/Dogocms.class.php 第 140 行.
NOTIC: [8] Undefined index: keywords /Library/WebServer/Documents/qiuyun/news/Core/Library/Think/Template/TagLib/Dogocms.class.php 第 141 行.
NOTIC: [8] Undefined index: type /Library/WebServer/Documents/qiuyun/news/Core/Library/Think/Template/TagLib/Dogocms.class.php 第 136 行.
NOTIC: [8] Undefined index: tid /Library/WebServer/Documents/qiuyun/news/Core/Library/Think/Template/TagLib/Dogocms.class.php 第 137 行.
NOTIC: [8] Undefined index: flag /Library/WebServer/Documents/qiuyun/news/Core/Library/Think/Template/TagLib/Dogocms.class.php 第 139 行.
NOTIC: [8] Undefined index: order /Library/WebServer/Documents/qiuyun/news/Core/Library/Think/Template/TagLib/Dogocms.class.php 第 140 行.
NOTIC: [8] Undefined index: keywords /Library/WebServer/Documents/qiuyun/news/Core/Library/Think/Template/TagLib/Dogocms.class.php 第 141 行.
NOTIC: [8] Undefined index: type /Library/WebServer/Documents/qiuyun/news/Core/Library/Think/Template/TagLib/Dogocms.class.php 第 136 行.
NOTIC: [8] Undefined index: tid /Library/WebServer/Documents/qiuyun/news/Core/Library/Think/Template/TagLib/Dogocms.class.php 第 137 行.
NOTIC: [8] Undefined index: flag /Library/WebServer/Documents/qiuyun/news/Core/Library/Think/Template/TagLib/Dogocms.class.php 第 139 行.
NOTIC: [8] Undefined index: order /Library/WebServer/Documents/qiuyun/news/Core/Library/Think/Template/TagLib/Dogocms.class.php 第 140 行.
NOTIC: [8] Undefined index: keywords /Library/WebServer/Documents/qiuyun/news/Core/Library/Think/Template/TagLib/Dogocms.class.php 第 141 行.
NOTIC: [8] Undefined index: type /Library/WebServer/Documents/qiuyun/news/Core/Library/Think/Template/TagLib/Dogocms.class.php 第 136 行.
NOTIC: [8] Undefined index: tid /Library/WebServer/Documents/qiuyun/news/Core/Library/Think/Template/TagLib/Dogocms.class.php 第 137 行.
NOTIC: [8] Undefined index: flag /Library/WebServer/Documents/qiuyun/news/Core/Library/Think/Template/TagLib/Dogocms.class.php 第 139 行.
NOTIC: [8] Undefined index: order /Library/WebServer/Documents/qiuyun/news/Core/Library/Think/Template/TagLib/Dogocms.class.php 第 140 行.
NOTIC: [8] Undefined index: keywords /Library/WebServer/Documents/qiuyun/news/Core/Library/Think/Template/TagLib/Dogocms.class.php 第 141 行.
NOTIC: [8] Undefined index: type /Library/WebServer/Documents/qiuyun/news/Core/Library/Think/Template/TagLib/Dogocms.class.php 第 136 行.
NOTIC: [8] Undefined index: tid /Library/WebServer/Documents/qiuyun/news/Core/Library/Think/Template/TagLib/Dogocms.class.php 第 137 行.
NOTIC: [8] Undefined index: flag /Library/WebServer/Documents/qiuyun/news/Core/Library/Think/Template/TagLib/Dogocms.class.php 第 139 行.
NOTIC: [8] Undefined index: order /Library/WebServer/Documents/qiuyun/news/Core/Library/Think/Template/TagLib/Dogocms.class.php 第 140 行.
NOTIC: [8] Undefined index: keywords /Library/WebServer/Documents/qiuyun/news/Core/Library/Think/Template/TagLib/Dogocms.class.php 第 141 行.
NOTIC: [8] Undefined index: type /Library/WebServer/Documents/qiuyun/news/Core/Library/Think/Template/TagLib/Dogocms.class.php 第 136 行.
NOTIC: [8] Undefined index: tid /Library/WebServer/Documents/qiuyun/news/Core/Library/Think/Template/TagLib/Dogocms.class.php 第 137 行.
NOTIC: [8] Undefined index: flag /Library/WebServer/Documents/qiuyun/news/Core/Library/Think/Template/TagLib/Dogocms.class.php 第 139 行.
NOTIC: [8] Undefined index: order /Library/WebServer/Documents/qiuyun/news/Core/Library/Think/Template/TagLib/Dogocms.class.php 第 140 行.
NOTIC: [8] Undefined index: keywords /Library/WebServer/Documents/qiuyun/news/Core/Library/Think/Template/TagLib/Dogocms.class.php 第 141 行.
NOTIC: [8] Undefined index: order /Library/WebServer/Documents/qiuyun/news/Core/Library/Think/Template/TagLib/Dogocms.class.php 第 58 行.
NOTIC: [8] Undefined index: order /Library/WebServer/Documents/qiuyun/news/Core/Library/Think/Template/TagLib/Dogocms.class.php 第 58 行.
NOTIC: [8] Undefined index: order /Library/WebServer/Documents/qiuyun/news/Core/Library/Think/Template/TagLib/Dogocms.class.php 第 58 行.
NOTIC: [8] Undefined index: order /Library/WebServer/Documents/qiuyun/news/Core/Library/Think/Template/TagLib/Dogocms.class.php 第 237 行.
SQL: SELECT * FROM `ding_setting` WHERE `sys_name` = 'cfg_sitename' LIMIT 1   [ RunTime:0.0005s ]
SQL: SELECT * FROM `ding_setting` WHERE `sys_name` = 'cfg_copyright' LIMIT 1   [ RunTime:0.0002s ]
SQL: SELECT * FROM `ding_setting` WHERE `sys_name` = 'cfg_tongji' LIMIT 1   [ RunTime:0.0002s ]
NOTIC: [8] Undefined index: typeid /Library/WebServer/Documents/qiuyun/news/Core/Library/Think/Template/TagLib/Dogocms.class.php 第 205 行.
NOTIC: [8] Undefined index: limit /Library/WebServer/Documents/qiuyun/news/Core/Library/Think/Template/TagLib/Dogocms.class.php 第 206 行.
NOTIC: [8] Undefined index: order /Library/WebServer/Documents/qiuyun/news/Core/Library/Think/Template/TagLib/Dogocms.class.php 第 207 行.
INFO: [ template_filter ] --START--
INFO: Run Behavior\ContentReplaceBehavior [ RunTime:0.000066s ]
INFO: [ template_filter ] --END-- [ RunTime:0.000103s ]
NOTIC: [8] Undefined index: m /Library/WebServer/Documents/qiuyun/news/Core/Common/functions.php 第 948 行.
NOTIC: [8] Undefined index: m /Library/WebServer/Documents/qiuyun/news/Core/Common/functions.php 第 948 行.
NOTIC: [8] Undefined index: m /Library/WebServer/Documents/qiuyun/news/Core/Common/functions.php 第 948 行.
NOTIC: [8] Undefined index: children /Library/WebServer/Documents/qiuyun/news/Runtime/Cache/Home/ba296b41ea57823f7fa6dfe071834057.php 第 56 行.
NOTIC: [8] Undefined index: children /Library/WebServer/Documents/qiuyun/news/Runtime/Cache/Home/ba296b41ea57823f7fa6dfe071834057.php 第 60 行.
NOTIC: [8] Undefined index: children /Library/WebServer/Documents/qiuyun/news/Runtime/Cache/Home/ba296b41ea57823f7fa6dfe071834057.php 第 56 行.
NOTIC: [8] Undefined index: children /Library/WebServer/Documents/qiuyun/news/Runtime/Cache/Home/ba296b41ea57823f7fa6dfe071834057.php 第 60 行.
NOTIC: [8] Undefined index: m /Library/WebServer/Documents/qiuyun/news/Core/Common/functions.php 第 948 行.
SQL: SELECT * FROM `ding_block_list` WHERE (  (`status`='20')  and (`sort_id` =4)  ) ORDER BY myorder asc LIMIT 4   [ RunTime:0.0004s ]
SQL: SELECT * FROM `ding_ads` WHERE (  (`status`='20')  and (`sort_id` =1)  ) ORDER BY myorder asc LIMIT 5   [ RunTime:0.0003s ]
SQL: SHOW COLUMNS FROM `ding_title` [ RunTime:0.0012s ]
SQL: SELECT t.*,c.content,ns.text as sortname FROM ding_title t INNER JOIN  ding_news_sort ns on ns.id=t.sort_id  INNER JOIN  ding_content c on c.title_id=t.id   WHERE (  (t.`status`='12')  and (t.`is_recycle`='10')  ) ORDER BY t.id desc LIMIT 1   [ RunTime:0.0020s ]
SQL: SHOW COLUMNS FROM `ding_title` [ RunTime:0.0010s ]
SQL: SELECT t.*,c.content,ns.text as sortname FROM ding_title t INNER JOIN  ding_news_sort ns on ns.id=t.sort_id  INNER JOIN  ding_content c on c.title_id=t.id   WHERE (  (t.`status`='12')  and (t.`is_recycle`='10')  ) ORDER BY t.id desc LIMIT 0,2   [ RunTime:0.0012s ]
SQL: SHOW COLUMNS FROM `ding_title` [ RunTime:0.0008s ]
SQL: SELECT t.*,c.content,ns.text as sortname FROM ding_title t INNER JOIN  ding_news_sort ns on ns.id=t.sort_id  INNER JOIN  ding_content c on c.title_id=t.id   WHERE (  (t.`status`='12')  and (t.`is_recycle`='10')  ) ORDER BY t.id desc LIMIT 2,4   [ RunTime:0.0011s ]
SQL: SELECT * FROM `ding_ads` WHERE (  (`status`='20')  and (`sort_id` =2)  ) ORDER BY myorder asc LIMIT 1   [ RunTime:0.0002s ]
SQL: SHOW COLUMNS FROM `ding_title` [ RunTime:0.0010s ]
SQL: SELECT t.*,c.content,ns.text as sortname FROM ding_title t INNER JOIN  ding_news_sort ns on ns.id=t.sort_id  INNER JOIN  ding_content c on c.title_id=t.id   WHERE (  (t.`status`='12')  and (t.`is_recycle`='10')  and (t.`sort_id` in(22)) ) ORDER BY t.id desc LIMIT 8   [ RunTime:0.0007s ]
SQL: SHOW COLUMNS FROM `ding_title` [ RunTime:0.0009s ]
SQL: SELECT t.*,c.content,ns.text as sortname FROM ding_title t INNER JOIN  ding_news_sort ns on ns.id=t.sort_id  INNER JOIN  ding_content c on c.title_id=t.id   WHERE (  (t.`status`='12')  and (t.`is_recycle`='10')  and (t.`sort_id` in(26)) ) ORDER BY t.id desc LIMIT 8   [ RunTime:0.0003s ]
SQL: SHOW COLUMNS FROM `ding_title` [ RunTime:0.0014s ]
SQL: SELECT t.*,c.content,ns.text as sortname FROM ding_title t INNER JOIN  ding_news_sort ns on ns.id=t.sort_id  INNER JOIN  ding_content c on c.title_id=t.id   WHERE (  (t.`status`='12')  and (t.`is_recycle`='10')  and (t.`sort_id` in(9)) ) ORDER BY t.id desc LIMIT 8   [ RunTime:0.0008s ]
SQL: SHOW COLUMNS FROM `ding_title` [ RunTime:0.0010s ]
SQL: SELECT t.*,c.content,ns.text as sortname FROM ding_title t INNER JOIN  ding_news_sort ns on ns.id=t.sort_id  INNER JOIN  ding_content c on c.title_id=t.id   WHERE (  (t.`status`='12')  and (t.`is_recycle`='10')  and (t.`sort_id` in(10)) ) ORDER BY t.id desc LIMIT 8   [ RunTime:0.0008s ]
SQL: SHOW COLUMNS FROM `ding_title` [ RunTime:0.0007s ]
SQL: SELECT t.*,c.content,ns.text as sortname FROM ding_title t INNER JOIN  ding_news_sort ns on ns.id=t.sort_id  INNER JOIN  ding_content c on c.title_id=t.id   WHERE (  (t.`status`='12')  and (t.`is_recycle`='10')  and (t.`sort_id` in(12)) ) ORDER BY t.id desc LIMIT 8   [ RunTime:0.0008s ]
SQL: SHOW COLUMNS FROM `ding_title` [ RunTime:0.0008s ]
SQL: SELECT t.*,c.content,ns.text as sortname FROM ding_title t INNER JOIN  ding_news_sort ns on ns.id=t.sort_id  INNER JOIN  ding_content c on c.title_id=t.id   WHERE (  (t.`status`='12')  and (t.`is_recycle`='10')  ) ORDER BY t.id desc LIMIT 8   [ RunTime:0.0010s ]
SQL: SHOW COLUMNS FROM `ding_title` [ RunTime:0.0011s ]
SQL: SELECT t.*,c.content,ns.text as sortname FROM ding_title t INNER JOIN  ding_news_sort ns on ns.id=t.sort_id  INNER JOIN  ding_content c on c.title_id=t.id   WHERE (  (t.`status`='12')  and (t.`is_recycle`='10')  ) ORDER BY t.id desc LIMIT 8   [ RunTime:0.0011s ]
SQL: SHOW COLUMNS FROM `ding_title` [ RunTime:0.0008s ]
SQL: SELECT t.*,c.content,ns.text as sortname FROM ding_title t INNER JOIN  ding_news_sort ns on ns.id=t.sort_id  INNER JOIN  ding_content c on c.title_id=t.id   WHERE (  (t.`status`='12')  and (t.`is_recycle`='10')  and (t.`sort_id` in(5,6)) ) ORDER BY t.id desc LIMIT 8   [ RunTime:0.0009s ]
SQL: SELECT * FROM `ding_ads` WHERE (  (`status`='20')  and (`sort_id` =3)  ) ORDER BY myorder asc LIMIT 1   [ RunTime:0.0002s ]
SQL: SHOW COLUMNS FROM `ding_title` [ RunTime:0.0009s ]
SQL: SELECT t.*,c.content,ns.text as sortname FROM ding_title t INNER JOIN  ding_news_sort ns on ns.id=t.sort_id  INNER JOIN  ding_content c on c.title_id=t.id   WHERE (  (t.`status`='12')  and (t.`is_recycle`='10')  and (t.`sort_id` in(3)) ) ORDER BY t.id desc LIMIT 8   [ RunTime:0.0011s ]
SQL: SHOW COLUMNS FROM `ding_title` [ RunTime:0.0009s ]
SQL: SELECT t.*,c.content,ns.text as sortname FROM ding_title t INNER JOIN  ding_news_sort ns on ns.id=t.sort_id  INNER JOIN  ding_content c on c.title_id=t.id   WHERE (  (t.`status`='12')  and (t.`is_recycle`='10')  and (t.`sort_id` in(4)) ) ORDER BY t.id desc LIMIT 8   [ RunTime:0.0010s ]
SQL: SHOW COLUMNS FROM `ding_title` [ RunTime:0.0008s ]
SQL: SELECT t.*,c.content,ns.text as sortname FROM ding_title t INNER JOIN  ding_news_sort ns on ns.id=t.sort_id  INNER JOIN  ding_content c on c.title_id=t.id   WHERE (  (t.`status`='12')  and (t.`is_recycle`='10')  and (t.`sort_id` in(24)) ) ORDER BY t.id desc LIMIT 8   [ RunTime:0.0002s ]
SQL: SHOW COLUMNS FROM `ding_title` [ RunTime:0.0008s ]
SQL: SELECT t.*,c.content,ns.text as sortname FROM ding_title t INNER JOIN  ding_news_sort ns on ns.id=t.sort_id  INNER JOIN  ding_content c on c.title_id=t.id   WHERE (  (t.`status`='12')  and (t.`is_recycle`='10')  and (t.`sort_id` in(25)) ) ORDER BY t.id desc LIMIT 8   [ RunTime:0.0002s ]
SQL: SELECT * FROM `ding_links` WHERE (  (`status`='20')  ) LIMIT 0,10   [ RunTime:0.0007s ]
INFO: Run Behavior\ParseTemplateBehavior [ RunTime:0.097587s ]
INFO: [ view_parse ] --END-- [ RunTime:0.097617s ]
INFO: [ view_filter ] --START--
INFO: Run Behavior\WriteHtmlCacheBehavior [ RunTime:0.000411s ]
INFO: [ view_filter ] --END-- [ RunTime:0.000440s ]
INFO: [ app_end ] --START--
INFO: Run Behavior\ShowPageTraceBehavior [ RunTime:0.000662s ]
INFO: [ app_end ] --END-- [ RunTime:0.000697s ]

[ 2015-04-12T18:01:18+08:00 ] 127.0.0.1 /qiuyun/shop/Public/Uploads/Images/20140701/53b2bdac897be.jpg
INFO: [ app_init ] --START--
INFO: Run Behavior\BuildLiteBehavior [ RunTime:0.000011s ]
INFO: [ app_init ] --END-- [ RunTime:0.000232s ]

[ 2015-04-12T18:01:18+08:00 ] 127.0.0.1 /qiuyun/shop/Public/Uploads/Images/20140701/53b2bdfbe27aa.jpg
INFO: [ app_init ] --START--
INFO: Run Behavior\BuildLiteBehavior [ RunTime:0.000011s ]
INFO: [ app_init ] --END-- [ RunTime:0.000218s ]

[ 2015-04-12T19:01:09+08:00 ] 127.0.0.1 /
INFO: [ app_init ] --START--
INFO: Run Behavior\BuildLiteBehavior [ RunTime:0.000009s ]
INFO: [ app_init ] --END-- [ RunTime:0.000440s ]
INFO: [ app_begin ] --START--
INFO: Run Behavior\ReadHtmlCacheBehavior [ RunTime:0.000534s ]
INFO: Run Behavior\CheckLangBehavior [ RunTime:0.001367s ]
INFO: [ app_begin ] --END-- [ RunTime:0.002001s ]
SQL: SELECT `sys_value` FROM `ding_setting` WHERE `sys_name` = 'cfg_skin_web' LIMIT 1   [ RunTime:0.0002s ]
SQL: SELECT * FROM `ding_nav_head` WHERE `status` = 20  [ RunTime:0.0004s ]
SQL: SELECT * FROM `ding_nav_foot` WHERE `status` = 20  [ RunTime:0.0004s ]
SQL: SELECT * FROM `ding_setting` WHERE `sys_name` = 'cfg_title' LIMIT 1   [ RunTime:0.0001s ]
SQL: SELECT * FROM `ding_setting` WHERE `sys_name` = 'cfg_keywords' LIMIT 1   [ RunTime:0.0001s ]
SQL: SELECT * FROM `ding_setting` WHERE `sys_name` = 'cfg_description' LIMIT 1   [ RunTime:0.0001s ]
INFO: [ view_parse ] --START--
NOTIC: [8] Use of undefined constant level - assumed 'level' /Library/WebServer/Documents/qiuyun/news/Core/Library/Think/Think.class.php 第 198 行.
NOTIC: [8] Use of undefined constant level - assumed 'level' /Library/WebServer/Documents/qiuyun/news/Core/Library/Think/Think.class.php 第 198 行.
NOTIC: [8] Use of undefined constant level - assumed 'level' /Library/WebServer/Documents/qiuyun/news/Core/Library/Think/Think.class.php 第 198 行.
NOTIC: [8] Use of undefined constant level - assumed 'level' /Library/WebServer/Documents/qiuyun/news/Core/Library/Think/Think.class.php 第 198 行.
NOTIC: [8] Use of undefined constant level - assumed 'level' /Library/WebServer/Documents/qiuyun/news/Core/Library/Think/Think.class.php 第 198 行.
NOTIC: [8] Use of undefined constant level - assumed 'level' /Library/WebServer/Documents/qiuyun/news/Core/Library/Think/Think.class.php 第 198 行.
NOTIC: [8] Use of undefined constant level - assumed 'level' /Library/WebServer/Documents/qiuyun/news/Core/Library/Think/Think.class.php 第 198 行.
NOTIC: [8] Use of undefined constant level - assumed 'level' /Library/WebServer/Documents/qiuyun/news/Core/Library/Think/Think.class.php 第 198 行.
NOTIC: [8] Use of undefined constant level - assumed 'level' /Library/WebServer/Documents/qiuyun/news/Core/Library/Think/Think.class.php 第 198 行.
NOTIC: [8] Use of undefined constant level - assumed 'level' /Library/WebServer/Documents/qiuyun/news/Core/Library/Think/Think.class.php 第 198 行.
NOTIC: [8] Use of undefined constant level - assumed 'level' /Library/WebServer/Documents/qiuyun/news/Core/Library/Think/Think.class.php 第 198 行.
NOTIC: [8] Use of undefined constant level - assumed 'level' /Library/WebServer/Documents/qiuyun/news/Core/Library/Think/Think.class.php 第 198 行.
NOTIC: [8] Undefined index: typeid /Library/WebServer/Documents/qiuyun/news/Core/Library/Think/Template/TagLib/Dogocms.class.php 第 135 行.
NOTIC: [8] Undefined index: tid /Library/WebServer/Documents/qiuyun/news/Core/Library/Think/Template/TagLib/Dogocms.class.php 第 137 行.
NOTIC: [8] Undefined index: flag /Library/WebServer/Documents/qiuyun/news/Core/Library/Think/Template/TagLib/Dogocms.class.php 第 139 行.
NOTIC: [8] Undefined index: order /Library/WebServer/Documents/qiuyun/news/Core/Library/Think/Template/TagLib/Dogocms.class.php 第 140 行.
NOTIC: [8] Undefined index: keywords /Library/WebServer/Documents/qiuyun/news/Core/Library/Think/Template/TagLib/Dogocms.class.php 第 141 行.
NOTIC: [8] Undefined index: typeid /Library/WebServer/Documents/qiuyun/news/Core/Library/Think/Template/TagLib/Dogocms.class.php 第 135 行.
NOTIC: [8] Undefined index: tid /Library/WebServer/Documents/qiuyun/news/Core/Library/Think/Template/TagLib/Dogocms.class.php 第 137 行.
NOTIC: [8] Undefined index: flag /Library/WebServer/Documents/qiuyun/news/Core/Library/Think/Template/TagLib/Dogocms.class.php 第 139 行.
NOTIC: [8] Undefined index: order /Library/WebServer/Documents/qiuyun/news/Core/Library/Think/Template/TagLib/Dogocms.class.php 第 140 行.
NOTIC: [8] Undefined index: keywords /Library/WebServer/Documents/qiuyun/news/Core/Library/Think/Template/TagLib/Dogocms.class.php 第 141 行.
NOTIC: [8] Undefined index: typeid /Library/WebServer/Documents/qiuyun/news/Core/Library/Think/Template/TagLib/Dogocms.class.php 第 135 行.
NOTIC: [8] Undefined index: tid /Library/WebServer/Documents/qiuyun/news/Core/Library/Think/Template/TagLib/Dogocms.class.php 第 137 行.
NOTIC: [8] Undefined index: flag /Library/WebServer/Documents/qiuyun/news/Core/Library/Think/Template/TagLib/Dogocms.class.php 第 139 行.
NOTIC: [8] Undefined index: order /Library/WebServer/Documents/qiuyun/news/Core/Library/Think/Template/TagLib/Dogocms.class.php 第 140 行.
NOTIC: [8] Undefined index: keywords /Library/WebServer/Documents/qiuyun/news/Core/Library/Think/Template/TagLib/Dogocms.class.php 第 141 行.
NOTIC: [8] Undefined index: type /Library/WebServer/Documents/qiuyun/news/Core/Library/Think/Template/TagLib/Dogocms.class.php 第 136 行.
NOTIC: [8] Undefined index: tid /Library/WebServer/Documents/qiuyun/news/Core/Library/Think/Template/TagLib/Dogocms.class.php 第 137 行.
NOTIC: [8] Undefined index: flag /Library/WebServer/Documents/qiuyun/news/Core/Library/Think/Template/TagLib/Dogocms.class.php 第 139 行.
NOTIC: [8] Undefined index: order /Library/WebServer/Documents/qiuyun/news/Core/Library/Think/Template/TagLib/Dogocms.class.php 第 140 行.
NOTIC: [8] Undefined index: keywords /Library/WebServer/Documents/qiuyun/news/Core/Library/Think/Template/TagLib/Dogocms.class.php 第 141 行.
NOTIC: [8] Undefined index: type /Library/WebServer/Documents/qiuyun/news/Core/Library/Think/Template/TagLib/Dogocms.class.php 第 136 行.
NOTIC: [8] Undefined index: tid /Library/WebServer/Documents/qiuyun/news/Core/Library/Think/Template/TagLib/Dogocms.class.php 第 137 行.
NOTIC: [8] Undefined index: flag /Library/WebServer/Documents/qiuyun/news/Core/Library/Think/Template/TagLib/Dogocms.class.php 第 139 行.
NOTIC: [8] Undefined index: order /Library/WebServer/Documents/qiuyun/news/Core/Library/Think/Template/TagLib/Dogocms.class.php 第 140 行.
NOTIC: [8] Undefined index: keywords /Library/WebServer/Documents/qiuyun/news/Core/Library/Think/Template/TagLib/Dogocms.class.php 第 141 行.
NOTIC: [8] Undefined index: type /Library/WebServer/Documents/qiuyun/news/Core/Library/Think/Template/TagLib/Dogocms.class.php 第 136 行.
NOTIC: [8] Undefined index: tid /Library/WebServer/Documents/qiuyun/news/Core/Library/Think/Template/TagLib/Dogocms.class.php 第 137 行.
NOTIC: [8] Undefined index: flag /Library/WebServer/Documents/qiuyun/news/Core/Library/Think/Template/TagLib/Dogocms.class.php 第 139 行.
NOTIC: [8] Undefined index: order /Library/WebServer/Documents/qiuyun/news/Core/Library/Think/Template/TagLib/Dogocms.class.php 第 140 行.
NOTIC: [8] Undefined index: keywords /Library/WebServer/Documents/qiuyun/news/Core/Library/Think/Template/TagLib/Dogocms.class.php 第 141 行.
NOTIC: [8] Undefined index: type /Library/WebServer/Documents/qiuyun/news/Core/Library/Think/Template/TagLib/Dogocms.class.php 第 136 行.
NOTIC: [8] Undefined index: tid /Library/WebServer/Documents/qiuyun/news/Core/Library/Think/Template/TagLib/Dogocms.class.php 第 137 行.
NOTIC: [8] Undefined index: flag /Library/WebServer/Documents/qiuyun/news/Core/Library/Think/Template/TagLib/Dogocms.class.php 第 139 行.
NOTIC: [8] Undefined index: order /Library/WebServer/Documents/qiuyun/news/Core/Library/Think/Template/TagLib/Dogocms.class.php 第 140 行.
NOTIC: [8] Undefined index: keywords /Library/WebServer/Documents/qiuyun/news/Core/Library/Think/Template/TagLib/Dogocms.class.php 第 141 行.
NOTIC: [8] Undefined index: type /Library/WebServer/Documents/qiuyun/news/Core/Library/Think/Template/TagLib/Dogocms.class.php 第 136 行.
NOTIC: [8] Undefined index: tid /Library/WebServer/Documents/qiuyun/news/Core/Library/Think/Template/TagLib/Dogocms.class.php 第 137 行.
NOTIC: [8] Undefined index: flag /Library/WebServer/Documents/qiuyun/news/Core/Library/Think/Template/TagLib/Dogocms.class.php 第 139 行.
NOTIC: [8] Undefined index: order /Library/WebServer/Documents/qiuyun/news/Core/Library/Think/Template/TagLib/Dogocms.class.php 第 140 行.
NOTIC: [8] Undefined index: keywords /Library/WebServer/Documents/qiuyun/news/Core/Library/Think/Template/TagLib/Dogocms.class.php 第 141 行.
NOTIC: [8] Undefined index: typeid /Library/WebServer/Documents/qiuyun/news/Core/Library/Think/Template/TagLib/Dogocms.class.php 第 135 行.
NOTIC: [8] Undefined index: tid /Library/WebServer/Documents/qiuyun/news/Core/Library/Think/Template/TagLib/Dogocms.class.php 第 137 行.
NOTIC: [8] Undefined index: flag /Library/WebServer/Documents/qiuyun/news/Core/Library/Think/Template/TagLib/Dogocms.class.php 第 139 行.
NOTIC: [8] Undefined index: order /Library/WebServer/Documents/qiuyun/news/Core/Library/Think/Template/TagLib/Dogocms.class.php 第 140 行.
NOTIC: [8] Undefined index: keywords /Library/WebServer/Documents/qiuyun/news/Core/Library/Think/Template/TagLib/Dogocms.class.php 第 141 行.
NOTIC: [8] Undefined index: typeid /Library/WebServer/Documents/qiuyun/news/Core/Library/Think/Template/TagLib/Dogocms.class.php 第 135 行.
NOTIC: [8] Undefined index: tid /Library/WebServer/Documents/qiuyun/news/Core/Library/Think/Template/TagLib/Dogocms.class.php 第 137 行.
NOTIC: [8] Undefined index: flag /Library/WebServer/Documents/qiuyun/news/Core/Library/Think/Template/TagLib/Dogocms.class.php 第 139 行.
NOTIC: [8] Undefined index: order /Library/WebServer/Documents/qiuyun/news/Core/Library/Think/Template/TagLib/Dogocms.class.php 第 140 行.
NOTIC: [8] Undefined index: keywords /Library/WebServer/Documents/qiuyun/news/Core/Library/Think/Template/TagLib/Dogocms.class.php 第 141 行.
NOTIC: [8] Undefined index: type /Library/WebServer/Documents/qiuyun/news/Core/Library/Think/Template/TagLib/Dogocms.class.php 第 136 行.
NOTIC: [8] Undefined index: tid /Library/WebServer/Documents/qiuyun/news/Core/Library/Think/Template/TagLib/Dogocms.class.php 第 137 行.
NOTIC: [8] Undefined index: flag /Library/WebServer/Documents/qiuyun/news/Core/Library/Think/Template/TagLib/Dogocms.class.php 第 139 行.
NOTIC: [8] Undefined index: order /Library/WebServer/Documents/qiuyun/news/Core/Library/Think/Template/TagLib/Dogocms.class.php 第 140 行.
NOTIC: [8] Undefined index: keywords /Library/WebServer/Documents/qiuyun/news/Core/Library/Think/Template/TagLib/Dogocms.class.php 第 141 行.
NOTIC: [8] Undefined index: type /Library/WebServer/Documents/qiuyun/news/Core/Library/Think/Template/TagLib/Dogocms.class.php 第 136 行.
NOTIC: [8] Undefined index: tid /Library/WebServer/Documents/qiuyun/news/Core/Library/Think/Template/TagLib/Dogocms.class.php 第 137 行.
NOTIC: [8] Undefined index: flag /Library/WebServer/Documents/qiuyun/news/Core/Library/Think/Template/TagLib/Dogocms.class.php 第 139 行.
NOTIC: [8] Undefined index: order /Library/WebServer/Documents/qiuyun/news/Core/Library/Think/Template/TagLib/Dogocms.class.php 第 140 行.
NOTIC: [8] Undefined index: keywords /Library/WebServer/Documents/qiuyun/news/Core/Library/Think/Template/TagLib/Dogocms.class.php 第 141 行.
NOTIC: [8] Undefined index: type /Library/WebServer/Documents/qiuyun/news/Core/Library/Think/Template/TagLib/Dogocms.class.php 第 136 行.
NOTIC: [8] Undefined index: tid /Library/WebServer/Documents/qiuyun/news/Core/Library/Think/Template/TagLib/Dogocms.class.php 第 137 行.
NOTIC: [8] Undefined index: flag /Library/WebServer/Documents/qiuyun/news/Core/Library/Think/Template/TagLib/Dogocms.class.php 第 139 行.
NOTIC: [8] Undefined index: order /Library/WebServer/Documents/qiuyun/news/Core/Library/Think/Template/TagLib/Dogocms.class.php 第 140 行.
NOTIC: [8] Undefined index: keywords /Library/WebServer/Documents/qiuyun/news/Core/Library/Think/Template/TagLib/Dogocms.class.php 第 141 行.
NOTIC: [8] Undefined index: type /Library/WebServer/Documents/qiuyun/news/Core/Library/Think/Template/TagLib/Dogocms.class.php 第 136 行.
NOTIC: [8] Undefined index: tid /Library/WebServer/Documents/qiuyun/news/Core/Library/Think/Template/TagLib/Dogocms.class.php 第 137 行.
NOTIC: [8] Undefined index: flag /Library/WebServer/Documents/qiuyun/news/Core/Library/Think/Template/TagLib/Dogocms.class.php 第 139 行.
NOTIC: [8] Undefined index: order /Library/WebServer/Documents/qiuyun/news/Core/Library/Think/Template/TagLib/Dogocms.class.php 第 140 行.
NOTIC: [8] Undefined index: keywords /Library/WebServer/Documents/qiuyun/news/Core/Library/Think/Template/TagLib/Dogocms.class.php 第 141 行.
NOTIC: [8] Undefined index: type /Library/WebServer/Documents/qiuyun/news/Core/Library/Think/Template/TagLib/Dogocms.class.php 第 136 行.
NOTIC: [8] Undefined index: tid /Library/WebServer/Documents/qiuyun/news/Core/Library/Think/Template/TagLib/Dogocms.class.php 第 137 行.
NOTIC: [8] Undefined index: flag /Library/WebServer/Documents/qiuyun/news/Core/Library/Think/Template/TagLib/Dogocms.class.php 第 139 行.
NOTIC: [8] Undefined index: order /Library/WebServer/Documents/qiuyun/news/Core/Library/Think/Template/TagLib/Dogocms.class.php 第 140 行.
NOTIC: [8] Undefined index: keywords /Library/WebServer/Documents/qiuyun/news/Core/Library/Think/Template/TagLib/Dogocms.class.php 第 141 行.
NOTIC: [8] Undefined index: order /Library/WebServer/Documents/qiuyun/news/Core/Library/Think/Template/TagLib/Dogocms.class.php 第 58 行.
NOTIC: [8] Undefined index: order /Library/WebServer/Documents/qiuyun/news/Core/Library/Think/Template/TagLib/Dogocms.class.php 第 58 行.
NOTIC: [8] Undefined index: order /Library/WebServer/Documents/qiuyun/news/Core/Library/Think/Template/TagLib/Dogocms.class.php 第 58 行.
NOTIC: [8] Undefined index: order /Library/WebServer/Documents/qiuyun/news/Core/Library/Think/Template/TagLib/Dogocms.class.php 第 237 行.
SQL: SELECT * FROM `ding_setting` WHERE `sys_name` = 'cfg_sitename' LIMIT 1   [ RunTime:0.0003s ]
SQL: SELECT * FROM `ding_setting` WHERE `sys_name` = 'cfg_copyright' LIMIT 1   [ RunTime:0.0002s ]
SQL: SELECT * FROM `ding_setting` WHERE `sys_name` = 'cfg_tongji' LIMIT 1   [ RunTime:0.0003s ]
NOTIC: [8] Undefined index: typeid /Library/WebServer/Documents/qiuyun/news/Core/Library/Think/Template/TagLib/Dogocms.class.php 第 205 行.
NOTIC: [8] Undefined index: limit /Library/WebServer/Documents/qiuyun/news/Core/Library/Think/Template/TagLib/Dogocms.class.php 第 206 行.
NOTIC: [8] Undefined index: order /Library/WebServer/Documents/qiuyun/news/Core/Library/Think/Template/TagLib/Dogocms.class.php 第 207 行.
INFO: [ template_filter ] --START--
INFO: Run Behavior\ContentReplaceBehavior [ RunTime:0.000072s ]
INFO: [ template_filter ] --END-- [ RunTime:0.000117s ]
NOTIC: [8] Undefined index: m /Library/WebServer/Documents/qiuyun/news/Core/Common/functions.php 第 948 行.
NOTIC: [8] Undefined index: m /Library/WebServer/Documents/qiuyun/news/Core/Common/functions.php 第 948 行.
NOTIC: [8] Undefined index: m /Library/WebServer/Documents/qiuyun/news/Core/Common/functions.php 第 948 行.
NOTIC: [8] Undefined index: children /Library/WebServer/Documents/qiuyun/news/Runtime/Cache/Home/ba296b41ea57823f7fa6dfe071834057.php 第 56 行.
NOTIC: [8] Undefined index: children /Library/WebServer/Documents/qiuyun/news/Runtime/Cache/Home/ba296b41ea57823f7fa6dfe071834057.php 第 60 行.
NOTIC: [8] Undefined index: children /Library/WebServer/Documents/qiuyun/news/Runtime/Cache/Home/ba296b41ea57823f7fa6dfe071834057.php 第 56 行.
NOTIC: [8] Undefined index: children /Library/WebServer/Documents/qiuyun/news/Runtime/Cache/Home/ba296b41ea57823f7fa6dfe071834057.php 第 60 行.
NOTIC: [8] Undefined index: m /Library/WebServer/Documents/qiuyun/news/Core/Common/functions.php 第 948 行.
SQL: SELECT * FROM `ding_block_list` WHERE (  (`status`='20')  and (`sort_id` =4)  ) ORDER BY myorder asc LIMIT 4   [ RunTime:0.0003s ]
SQL: SELECT * FROM `ding_ads` WHERE (  (`status`='20')  and (`sort_id` =1)  ) ORDER BY myorder asc LIMIT 5   [ RunTime:0.0002s ]
SQL: SHOW COLUMNS FROM `ding_title` [ RunTime:0.0009s ]
SQL: SELECT t.*,c.content,ns.text as sortname FROM ding_title t INNER JOIN  ding_news_sort ns on ns.id=t.sort_id  INNER JOIN  ding_content c on c.title_id=t.id   WHERE (  (t.`status`='12')  and (t.`is_recycle`='10')  ) ORDER BY t.id desc LIMIT 1   [ RunTime:0.0013s ]
SQL: SHOW COLUMNS FROM `ding_title` [ RunTime:0.0011s ]
SQL: SELECT t.*,c.content,ns.text as sortname FROM ding_title t INNER JOIN  ding_news_sort ns on ns.id=t.sort_id  INNER JOIN  ding_content c on c.title_id=t.id   WHERE (  (t.`status`='12')  and (t.`is_recycle`='10')  ) ORDER BY t.id desc LIMIT 0,2   [ RunTime:0.0017s ]
SQL: SHOW COLUMNS FROM `ding_title` [ RunTime:0.0011s ]
SQL: SELECT t.*,c.content,ns.text as sortname FROM ding_title t INNER JOIN  ding_news_sort ns on ns.id=t.sort_id  INNER JOIN  ding_content c on c.title_id=t.id   WHERE (  (t.`status`='12')  and (t.`is_recycle`='10')  ) ORDER BY t.id desc LIMIT 2,4   [ RunTime:0.0012s ]
SQL: SELECT * FROM `ding_ads` WHERE (  (`status`='20')  and (`sort_id` =2)  ) ORDER BY myorder asc LIMIT 1   [ RunTime:0.0002s ]
SQL: SHOW COLUMNS FROM `ding_title` [ RunTime:0.0010s ]
SQL: SELECT t.*,c.content,ns.text as sortname FROM ding_title t INNER JOIN  ding_news_sort ns on ns.id=t.sort_id  INNER JOIN  ding_content c on c.title_id=t.id   WHERE (  (t.`status`='12')  and (t.`is_recycle`='10')  and (t.`sort_id` in(22)) ) ORDER BY t.id desc LIMIT 8   [ RunTime:0.0008s ]
SQL: SHOW COLUMNS FROM `ding_title` [ RunTime:0.0008s ]
SQL: SELECT t.*,c.content,ns.text as sortname FROM ding_title t INNER JOIN  ding_news_sort ns on ns.id=t.sort_id  INNER JOIN  ding_content c on c.title_id=t.id   WHERE (  (t.`status`='12')  and (t.`is_recycle`='10')  and (t.`sort_id` in(26)) ) ORDER BY t.id desc LIMIT 8   [ RunTime:0.0001s ]
SQL: SHOW COLUMNS FROM `ding_title` [ RunTime:0.0009s ]
SQL: SELECT t.*,c.content,ns.text as sortname FROM ding_title t INNER JOIN  ding_news_sort ns on ns.id=t.sort_id  INNER JOIN  ding_content c on c.title_id=t.id   WHERE (  (t.`status`='12')  and (t.`is_recycle`='10')  and (t.`sort_id` in(9)) ) ORDER BY t.id desc LIMIT 8   [ RunTime:0.0009s ]
SQL: SHOW COLUMNS FROM `ding_title` [ RunTime:0.0008s ]
SQL: SELECT t.*,c.content,ns.text as sortname FROM ding_title t INNER JOIN  ding_news_sort ns on ns.id=t.sort_id  INNER JOIN  ding_content c on c.title_id=t.id   WHERE (  (t.`status`='12')  and (t.`is_recycle`='10')  and (t.`sort_id` in(10)) ) ORDER BY t.id desc LIMIT 8   [ RunTime:0.0009s ]
SQL: SHOW COLUMNS FROM `ding_title` [ RunTime:0.0008s ]
SQL: SELECT t.*,c.content,ns.text as sortname FROM ding_title t INNER JOIN  ding_news_sort ns on ns.id=t.sort_id  INNER JOIN  ding_content c on c.title_id=t.id   WHERE (  (t.`status`='12')  and (t.`is_recycle`='10')  and (t.`sort_id` in(12)) ) ORDER BY t.id desc LIMIT 8   [ RunTime:0.0007s ]
SQL: SHOW COLUMNS FROM `ding_title` [ RunTime:0.0010s ]
SQL: SELECT t.*,c.content,ns.text as sortname FROM ding_title t INNER JOIN  ding_news_sort ns on ns.id=t.sort_id  INNER JOIN  ding_content c on c.title_id=t.id   WHERE (  (t.`status`='12')  and (t.`is_recycle`='10')  ) ORDER BY t.id desc LIMIT 8   [ RunTime:0.0017s ]
SQL: SHOW COLUMNS FROM `ding_title` [ RunTime:0.0009s ]
SQL: SELECT t.*,c.content,ns.text as sortname FROM ding_title t INNER JOIN  ding_news_sort ns on ns.id=t.sort_id  INNER JOIN  ding_content c on c.title_id=t.id   WHERE (  (t.`status`='12')  and (t.`is_recycle`='10')  ) ORDER BY t.id desc LIMIT 8   [ RunTime:0.0012s ]
SQL: SHOW COLUMNS FROM `ding_title` [ RunTime:0.0009s ]
SQL: SELECT t.*,c.content,ns.text as sortname FROM ding_title t INNER JOIN  ding_news_sort ns on ns.id=t.sort_id  INNER JOIN  ding_content c on c.title_id=t.id   WHERE (  (t.`status`='12')  and (t.`is_recycle`='10')  and (t.`sort_id` in(5,6)) ) ORDER BY t.id desc LIMIT 8   [ RunTime:0.0009s ]
SQL: SELECT * FROM `ding_ads` WHERE (  (`status`='20')  and (`sort_id` =3)  ) ORDER BY myorder asc LIMIT 1   [ RunTime:0.0002s ]
SQL: SHOW COLUMNS FROM `ding_title` [ RunTime:0.0009s ]
SQL: SELECT t.*,c.content,ns.text as sortname FROM ding_title t INNER JOIN  ding_news_sort ns on ns.id=t.sort_id  INNER JOIN  ding_content c on c.title_id=t.id   WHERE (  (t.`status`='12')  and (t.`is_recycle`='10')  and (t.`sort_id` in(3)) ) ORDER BY t.id desc LIMIT 8   [ RunTime:0.0009s ]
SQL: SHOW COLUMNS FROM `ding_title` [ RunTime:0.0012s ]
SQL: SELECT t.*,c.content,ns.text as sortname FROM ding_title t INNER JOIN  ding_news_sort ns on ns.id=t.sort_id  INNER JOIN  ding_content c on c.title_id=t.id   WHERE (  (t.`status`='12')  and (t.`is_recycle`='10')  and (t.`sort_id` in(4)) ) ORDER BY t.id desc LIMIT 8   [ RunTime:0.0010s ]
SQL: SHOW COLUMNS FROM `ding_title` [ RunTime:0.0008s ]
SQL: SELECT t.*,c.content,ns.text as sortname FROM ding_title t INNER JOIN  ding_news_sort ns on ns.id=t.sort_id  INNER JOIN  ding_content c on c.title_id=t.id   WHERE (  (t.`status`='12')  and (t.`is_recycle`='10')  and (t.`sort_id` in(24)) ) ORDER BY t.id desc LIMIT 8   [ RunTime:0.0002s ]
SQL: SHOW COLUMNS FROM `ding_title` [ RunTime:0.0009s ]
SQL: SELECT t.*,c.content,ns.text as sortname FROM ding_title t INNER JOIN  ding_news_sort ns on ns.id=t.sort_id  INNER JOIN  ding_content c on c.title_id=t.id   WHERE (  (t.`status`='12')  and (t.`is_recycle`='10')  and (t.`sort_id` in(25)) ) ORDER BY t.id desc LIMIT 8   [ RunTime:0.0002s ]
SQL: SELECT * FROM `ding_links` WHERE (  (`status`='20')  ) LIMIT 0,10   [ RunTime:0.0004s ]
INFO: Run Behavior\ParseTemplateBehavior [ RunTime:0.082613s ]
INFO: [ view_parse ] --END-- [ RunTime:0.082646s ]
INFO: [ view_filter ] --START--
INFO: Run Behavior\WriteHtmlCacheBehavior [ RunTime:0.000389s ]
INFO: [ view_filter ] --END-- [ RunTime:0.000416s ]
INFO: [ app_end ] --START--
INFO: Run Behavior\ShowPageTraceBehavior [ RunTime:0.000595s ]
INFO: [ app_end ] --END-- [ RunTime:0.000642s ]

[ 2015-04-12T19:01:09+08:00 ] 127.0.0.1 /qiuyun/shop/Public/Uploads/Images/20140701/53b2bdfbe27aa.jpg
INFO: [ app_init ] --START--
INFO: Run Behavior\BuildLiteBehavior [ RunTime:0.000008s ]
INFO: [ app_init ] --END-- [ RunTime:0.000180s ]

[ 2015-04-12T19:01:09+08:00 ] 127.0.0.1 /qiuyun/shop/Public/Uploads/Images/20140701/53b2bdac897be.jpg
INFO: [ app_init ] --START--
INFO: Run Behavior\BuildLiteBehavior [ RunTime:0.000015s ]
INFO: [ app_init ] --END-- [ RunTime:0.000314s ]

