[ 2015-04-21T20:55:57+08:00 ] 127.0.0.1 /admin
INFO: [ app_init ] --START--
INFO: Run Behavior\BuildLiteBehavior [ RunTime:0.000009s ]
INFO: [ app_init ] --END-- [ RunTime:0.000188s ]
INFO: [ app_begin ] --START--
INFO: Run Behavior\ReadHtmlCacheBehavior [ RunTime:0.000225s ]
INFO: Run Behavior\CheckLangBehavior [ RunTime:0.000343s ]
INFO: [ app_begin ] --END-- [ RunTime:0.000613s ]

[ 2015-04-21T20:55:57+08:00 ] 127.0.0.1 /admin/Passport
INFO: [ app_init ] --START--
INFO: Run Behavior\BuildLiteBehavior [ RunTime:0.000008s ]
INFO: [ app_init ] --END-- [ RunTime:0.000172s ]
INFO: [ app_begin ] --START--
INFO: Run Behavior\ReadHtmlCacheBehavior [ RunTime:0.000215s ]
INFO: Run Behavior\CheckLangBehavior [ RunTime:0.000336s ]
INFO: [ app_begin ] --END-- [ RunTime:0.000599s ]
NOTIC: [8] Undefined variable: skin /Library/WebServer/Documents/qiuyun/news/Application/Admin/Action/PassportAction.class.php 第 32 行.
INFO: [ view_parse ] --START--
NOTIC: [8] Use of undefined constant level - assumed 'level' /Library/WebServer/Documents/qiuyun/news/Core/Library/Think/Think.class.php 第 198 行.
NOTIC: [8] Use of undefined constant level - assumed 'level' /Library/WebServer/Documents/qiuyun/news/Core/Library/Think/Think.class.php 第 198 行.
NOTIC: [8] Use of undefined constant level - assumed 'level' /Library/WebServer/Documents/qiuyun/news/Core/Library/Think/Think.class.php 第 198 行.
NOTIC: [8] Use of undefined constant level - assumed 'level' /Library/WebServer/Documents/qiuyun/news/Core/Library/Think/Think.class.php 第 198 行.
NOTIC: [8] Use of undefined constant level - assumed 'level' /Library/WebServer/Documents/qiuyun/news/Core/Library/Think/Think.class.php 第 198 行.
NOTIC: [8] Use of undefined constant level - assumed 'level' /Library/WebServer/Documents/qiuyun/news/Core/Library/Think/Think.class.php 第 198 行.
NOTIC: [8] Use of undefined constant level - assumed 'level' /Library/WebServer/Documents/qiuyun/news/Core/Library/Think/Think.class.php 第 198 行.
NOTIC: [8] Use of undefined constant level - assumed 'level' /Library/WebServer/Documents/qiuyun/news/Core/Library/Think/Think.class.php 第 198 行.
NOTIC: [8] Use of undefined constant level - assumed 'level' /Library/WebServer/Documents/qiuyun/news/Core/Library/Think/Think.class.php 第 198 行.
NOTIC: [8] Use of undefined constant level - assumed 'level' /Library/WebServer/Documents/qiuyun/news/Core/Library/Think/Think.class.php 第 198 行.
NOTIC: [8] Use of undefined constant level - assumed 'level' /Library/WebServer/Documents/qiuyun/news/Core/Library/Think/Think.class.php 第 198 行.
NOTIC: [8] Use of undefined constant level - assumed 'level' /Library/WebServer/Documents/qiuyun/news/Core/Library/Think/Think.class.php 第 198 行.
INFO: [ template_filter ] --START--
INFO: Run Behavior\ContentReplaceBehavior [ RunTime:0.000047s ]
INFO: [ template_filter ] --END-- [ RunTime:0.000127s ]
INFO: Run Behavior\ParseTemplateBehavior [ RunTime:0.020374s ]
INFO: [ view_parse ] --END-- [ RunTime:0.020419s ]
INFO: [ view_filter ] --START--
INFO: Run Behavior\WriteHtmlCacheBehavior [ RunTime:0.000107s ]
INFO: [ view_filter ] --END-- [ RunTime:0.000134s ]
INFO: [ app_end ] --START--
INFO: Run Behavior\ShowPageTraceBehavior [ RunTime:0.000288s ]
INFO: [ app_end ] --END-- [ RunTime:0.000316s ]

[ 2015-04-21T20:55:57+08:00 ] 127.0.0.1 /admin/Passport/verify.html
INFO: [ app_init ] --START--
INFO: Run Behavior\BuildLiteBehavior [ RunTime:0.000010s ]
INFO: [ app_init ] --END-- [ RunTime:0.000187s ]
INFO: [ app_begin ] --START--
INFO: Run Behavior\ReadHtmlCacheBehavior [ RunTime:0.000231s ]
INFO: Run Behavior\CheckLangBehavior [ RunTime:0.000347s ]
INFO: [ app_begin ] --END-- [ RunTime:0.000626s ]
INFO: [ app_end ] --START--
INFO: Run Behavior\ShowPageTraceBehavior [ RunTime:0.000245s ]
INFO: [ app_end ] --END-- [ RunTime:0.000280s ]

[ 2015-04-21T20:56:05+08:00 ] 127.0.0.1 /admin/Passport/dologin.html
INFO: [ app_init ] --START--
INFO: Run Behavior\BuildLiteBehavior [ RunTime:0.000011s ]
INFO: [ app_init ] --END-- [ RunTime:0.000207s ]
INFO: [ app_begin ] --START--
INFO: Run Behavior\ReadHtmlCacheBehavior [ RunTime:0.000249s ]
INFO: Run Behavior\CheckLangBehavior [ RunTime:0.000372s ]
INFO: [ app_begin ] --END-- [ RunTime:0.000672s ]
SQL: SELECT `username`,`creat_time`,`id`,`password` FROM `ding_operators` WHERE `username` = 'admin' LIMIT 1   [ RunTime:0.0017s ]
NOTIC: [8] Undefined index: status /Library/WebServer/Documents/qiuyun/news/Application/Admin/Action/PassportAction.class.php 第 63 行.
INFO: [ view_parse ] --START--
NOTIC: [8] Use of undefined constant level - assumed 'level' /Library/WebServer/Documents/qiuyun/news/Core/Library/Think/Think.class.php 第 198 行.
NOTIC: [8] Use of undefined constant level - assumed 'level' /Library/WebServer/Documents/qiuyun/news/Core/Library/Think/Think.class.php 第 198 行.
NOTIC: [8] Use of undefined constant level - assumed 'level' /Library/WebServer/Documents/qiuyun/news/Core/Library/Think/Think.class.php 第 198 行.
NOTIC: [8] Use of undefined constant level - assumed 'level' /Library/WebServer/Documents/qiuyun/news/Core/Library/Think/Think.class.php 第 198 行.
NOTIC: [8] Use of undefined constant level - assumed 'level' /Library/WebServer/Documents/qiuyun/news/Core/Library/Think/Think.class.php 第 198 行.
NOTIC: [8] Use of undefined constant level - assumed 'level' /Library/WebServer/Documents/qiuyun/news/Core/Library/Think/Think.class.php 第 198 行.
NOTIC: [8] Use of undefined constant level - assumed 'level' /Library/WebServer/Documents/qiuyun/news/Core/Library/Think/Think.class.php 第 198 行.
NOTIC: [8] Use of undefined constant level - assumed 'level' /Library/WebServer/Documents/qiuyun/news/Core/Library/Think/Think.class.php 第 198 行.
NOTIC: [8] Use of undefined constant level - assumed 'level' /Library/WebServer/Documents/qiuyun/news/Core/Library/Think/Think.class.php 第 198 行.
NOTIC: [8] Use of undefined constant level - assumed 'level' /Library/WebServer/Documents/qiuyun/news/Core/Library/Think/Think.class.php 第 198 行.
NOTIC: [8] Use of undefined constant level - assumed 'level' /Library/WebServer/Documents/qiuyun/news/Core/Library/Think/Think.class.php 第 198 行.
NOTIC: [8] Use of undefined constant level - assumed 'level' /Library/WebServer/Documents/qiuyun/news/Core/Library/Think/Think.class.php 第 198 行.
INFO: [ template_filter ] --START--
INFO: Run Behavior\ContentReplaceBehavior [ RunTime:0.000023s ]
INFO: [ template_filter ] --END-- [ RunTime:0.000055s ]
INFO: Run Behavior\ParseTemplateBehavior [ RunTime:0.007240s ]
INFO: [ view_parse ] --END-- [ RunTime:0.007277s ]
INFO: [ view_filter ] --START--
INFO: Run Behavior\WriteHtmlCacheBehavior [ RunTime:0.000114s ]
INFO: [ view_filter ] --END-- [ RunTime:0.000173s ]
INFO: [ app_end ] --START--
INFO: Run Behavior\ShowPageTraceBehavior [ RunTime:0.000284s ]
INFO: [ app_end ] --END-- [ RunTime:0.000311s ]

[ 2015-04-21T20:56:06+08:00 ] 127.0.0.1 /admin/Passport/index
INFO: [ app_init ] --START--
INFO: Run Behavior\BuildLiteBehavior [ RunTime:0.000010s ]
INFO: [ app_init ] --END-- [ RunTime:0.000209s ]
INFO: [ app_begin ] --START--
INFO: Run Behavior\ReadHtmlCacheBehavior [ RunTime:0.000237s ]
INFO: Run Behavior\CheckLangBehavior [ RunTime:0.000354s ]
INFO: [ app_begin ] --END-- [ RunTime:0.000641s ]

[ 2015-04-21T20:56:06+08:00 ] 127.0.0.1 /admin/index.html
INFO: [ app_init ] --START--
INFO: Run Behavior\BuildLiteBehavior [ RunTime:0.000041s ]
INFO: [ app_init ] --END-- [ RunTime:0.000611s ]
INFO: [ app_begin ] --START--
INFO: Run Behavior\ReadHtmlCacheBehavior [ RunTime:0.000274s ]
INFO: Run Behavior\CheckLangBehavior [ RunTime:0.000373s ]
INFO: [ app_begin ] --END-- [ RunTime:0.000711s ]
INFO: [ view_parse ] --START--
NOTIC: [8] Use of undefined constant level - assumed 'level' /Library/WebServer/Documents/qiuyun/news/Core/Library/Think/Think.class.php 第 198 行.
NOTIC: [8] Use of undefined constant level - assumed 'level' /Library/WebServer/Documents/qiuyun/news/Core/Library/Think/Think.class.php 第 198 行.
NOTIC: [8] Use of undefined constant level - assumed 'level' /Library/WebServer/Documents/qiuyun/news/Core/Library/Think/Think.class.php 第 198 行.
NOTIC: [8] Use of undefined constant level - assumed 'level' /Library/WebServer/Documents/qiuyun/news/Core/Library/Think/Think.class.php 第 198 行.
NOTIC: [8] Use of undefined constant level - assumed 'level' /Library/WebServer/Documents/qiuyun/news/Core/Library/Think/Think.class.php 第 198 行.
NOTIC: [8] Use of undefined constant level - assumed 'level' /Library/WebServer/Documents/qiuyun/news/Core/Library/Think/Think.class.php 第 198 行.
NOTIC: [8] Use of undefined constant level - assumed 'level' /Library/WebServer/Documents/qiuyun/news/Core/Library/Think/Think.class.php 第 198 行.
NOTIC: [8] Use of undefined constant level - assumed 'level' /Library/WebServer/Documents/qiuyun/news/Core/Library/Think/Think.class.php 第 198 行.
NOTIC: [8] Use of undefined constant level - assumed 'level' /Library/WebServer/Documents/qiuyun/news/Core/Library/Think/Think.class.php 第 198 行.
NOTIC: [8] Use of undefined constant level - assumed 'level' /Library/WebServer/Documents/qiuyun/news/Core/Library/Think/Think.class.php 第 198 行.
NOTIC: [8] Use of undefined constant level - assumed 'level' /Library/WebServer/Documents/qiuyun/news/Core/Library/Think/Think.class.php 第 198 行.
NOTIC: [8] Use of undefined constant level - assumed 'level' /Library/WebServer/Documents/qiuyun/news/Core/Library/Think/Think.class.php 第 198 行.
INFO: [ template_filter ] --START--
INFO: Run Behavior\ContentReplaceBehavior [ RunTime:0.000032s ]
INFO: [ template_filter ] --END-- [ RunTime:0.000063s ]
NOTIC: [8] Undefined index: rel /Library/WebServer/Documents/qiuyun/news/Runtime/Cache/Admin/2a2941ad95610dd8ebc15beef3e540c8.php 第 128 行.
NOTIC: [8] Undefined index: rel /Library/WebServer/Documents/qiuyun/news/Runtime/Cache/Admin/2a2941ad95610dd8ebc15beef3e540c8.php 第 128 行.
NOTIC: [8] Undefined index: rel /Library/WebServer/Documents/qiuyun/news/Runtime/Cache/Admin/2a2941ad95610dd8ebc15beef3e540c8.php 第 128 行.
NOTIC: [8] Undefined index: rel /Library/WebServer/Documents/qiuyun/news/Runtime/Cache/Admin/2a2941ad95610dd8ebc15beef3e540c8.php 第 128 行.
NOTIC: [8] Undefined index: rel /Library/WebServer/Documents/qiuyun/news/Runtime/Cache/Admin/2a2941ad95610dd8ebc15beef3e540c8.php 第 128 行.
NOTIC: [8] Undefined index: rel /Library/WebServer/Documents/qiuyun/news/Runtime/Cache/Admin/2a2941ad95610dd8ebc15beef3e540c8.php 第 128 行.
NOTIC: [8] Undefined index: rel /Library/WebServer/Documents/qiuyun/news/Runtime/Cache/Admin/2a2941ad95610dd8ebc15beef3e540c8.php 第 128 行.
NOTIC: [8] Undefined index: rel /Library/WebServer/Documents/qiuyun/news/Runtime/Cache/Admin/2a2941ad95610dd8ebc15beef3e540c8.php 第 128 行.
NOTIC: [8] Undefined index: rel /Library/WebServer/Documents/qiuyun/news/Runtime/Cache/Admin/2a2941ad95610dd8ebc15beef3e540c8.php 第 128 行.
NOTIC: [8] Undefined index: rel /Library/WebServer/Documents/qiuyun/news/Runtime/Cache/Admin/2a2941ad95610dd8ebc15beef3e540c8.php 第 128 行.
NOTIC: [8] Undefined index: rel /Library/WebServer/Documents/qiuyun/news/Runtime/Cache/Admin/2a2941ad95610dd8ebc15beef3e540c8.php 第 128 行.
NOTIC: [8] Undefined index: rel /Library/WebServer/Documents/qiuyun/news/Runtime/Cache/Admin/2a2941ad95610dd8ebc15beef3e540c8.php 第 128 行.
NOTIC: [8] Undefined index: rel /Library/WebServer/Documents/qiuyun/news/Runtime/Cache/Admin/2a2941ad95610dd8ebc15beef3e540c8.php 第 128 行.
NOTIC: [8] Undefined index: rel /Library/WebServer/Documents/qiuyun/news/Runtime/Cache/Admin/2a2941ad95610dd8ebc15beef3e540c8.php 第 128 行.
NOTIC: [8] Undefined index: rel /Library/WebServer/Documents/qiuyun/news/Runtime/Cache/Admin/2a2941ad95610dd8ebc15beef3e540c8.php 第 128 行.
NOTIC: [8] Undefined index: rel /Library/WebServer/Documents/qiuyun/news/Runtime/Cache/Admin/2a2941ad95610dd8ebc15beef3e540c8.php 第 128 行.
NOTIC: [8] Undefined index: rel /Library/WebServer/Documents/qiuyun/news/Runtime/Cache/Admin/2a2941ad95610dd8ebc15beef3e540c8.php 第 128 行.
NOTIC: [8] Undefined index: rel /Library/WebServer/Documents/qiuyun/news/Runtime/Cache/Admin/2a2941ad95610dd8ebc15beef3e540c8.php 第 128 行.
NOTIC: [8] Undefined index: rel /Library/WebServer/Documents/qiuyun/news/Runtime/Cache/Admin/2a2941ad95610dd8ebc15beef3e540c8.php 第 128 行.
NOTIC: [8] Undefined index: rel /Library/WebServer/Documents/qiuyun/news/Runtime/Cache/Admin/2a2941ad95610dd8ebc15beef3e540c8.php 第 128 行.
NOTIC: [8] Undefined index: rel /Library/WebServer/Documents/qiuyun/news/Runtime/Cache/Admin/2a2941ad95610dd8ebc15beef3e540c8.php 第 128 行.
NOTIC: [8] Undefined index: rel /Library/WebServer/Documents/qiuyun/news/Runtime/Cache/Admin/2a2941ad95610dd8ebc15beef3e540c8.php 第 128 行.
NOTIC: [8] Undefined index: rel /Library/WebServer/Documents/qiuyun/news/Runtime/Cache/Admin/2a2941ad95610dd8ebc15beef3e540c8.php 第 128 行.
NOTIC: [8] Undefined index: rel /Library/WebServer/Documents/qiuyun/news/Runtime/Cache/Admin/2a2941ad95610dd8ebc15beef3e540c8.php 第 128 行.
NOTIC: [8] Undefined index: rel /Library/WebServer/Documents/qiuyun/news/Runtime/Cache/Admin/2a2941ad95610dd8ebc15beef3e540c8.php 第 128 行.
NOTIC: [8] Undefined index: rel /Library/WebServer/Documents/qiuyun/news/Runtime/Cache/Admin/2a2941ad95610dd8ebc15beef3e540c8.php 第 128 行.
NOTIC: [8] Undefined index: rel /Library/WebServer/Documents/qiuyun/news/Runtime/Cache/Admin/2a2941ad95610dd8ebc15beef3e540c8.php 第 128 行.
NOTIC: [8] Undefined index: rel /Library/WebServer/Documents/qiuyun/news/Runtime/Cache/Admin/2a2941ad95610dd8ebc15beef3e540c8.php 第 128 行.
INFO: Run Behavior\ParseTemplateBehavior [ RunTime:0.019569s ]
INFO: [ view_parse ] --END-- [ RunTime:0.019610s ]
INFO: [ view_filter ] --START--
INFO: Run Behavior\WriteHtmlCacheBehavior [ RunTime:0.000101s ]
INFO: [ view_filter ] --END-- [ RunTime:0.000129s ]
INFO: [ app_end ] --START--
INFO: Run Behavior\ShowPageTraceBehavior [ RunTime:0.000318s ]
INFO: [ app_end ] --END-- [ RunTime:0.000354s ]

[ 2015-04-21T20:57:18+08:00 ] 127.0.0.1 /admin/Members/index?_=1429620966611
INFO: [ app_init ] --START--
INFO: Run Behavior\BuildLiteBehavior [ RunTime:0.000016s ]
INFO: [ app_init ] --END-- [ RunTime:0.000328s ]
INFO: [ app_begin ] --START--
INFO: Run Behavior\ReadHtmlCacheBehavior [ RunTime:0.000400s ]
INFO: Run Behavior\CheckLangBehavior [ RunTime:0.000601s ]
INFO: [ app_begin ] --END-- [ RunTime:0.001081s ]
INFO: [ view_parse ] --START--
NOTIC: [8] Use of undefined constant level - assumed 'level' /Library/WebServer/Documents/qiuyun/news/Core/Library/Think/Think.class.php 第 198 行.
NOTIC: [8] Use of undefined constant level - assumed 'level' /Library/WebServer/Documents/qiuyun/news/Core/Library/Think/Think.class.php 第 198 行.
NOTIC: [8] Use of undefined constant level - assumed 'level' /Library/WebServer/Documents/qiuyun/news/Core/Library/Think/Think.class.php 第 198 行.
NOTIC: [8] Use of undefined constant level - assumed 'level' /Library/WebServer/Documents/qiuyun/news/Core/Library/Think/Think.class.php 第 198 行.
NOTIC: [8] Use of undefined constant level - assumed 'level' /Library/WebServer/Documents/qiuyun/news/Core/Library/Think/Think.class.php 第 198 行.
NOTIC: [8] Use of undefined constant level - assumed 'level' /Library/WebServer/Documents/qiuyun/news/Core/Library/Think/Think.class.php 第 198 行.
NOTIC: [8] Use of undefined constant level - assumed 'level' /Library/WebServer/Documents/qiuyun/news/Core/Library/Think/Think.class.php 第 198 行.
NOTIC: [8] Use of undefined constant level - assumed 'level' /Library/WebServer/Documents/qiuyun/news/Core/Library/Think/Think.class.php 第 198 行.
NOTIC: [8] Use of undefined constant level - assumed 'level' /Library/WebServer/Documents/qiuyun/news/Core/Library/Think/Think.class.php 第 198 行.
NOTIC: [8] Use of undefined constant level - assumed 'level' /Library/WebServer/Documents/qiuyun/news/Core/Library/Think/Think.class.php 第 198 行.
NOTIC: [8] Use of undefined constant level - assumed 'level' /Library/WebServer/Documents/qiuyun/news/Core/Library/Think/Think.class.php 第 198 行.
NOTIC: [8] Use of undefined constant level - assumed 'level' /Library/WebServer/Documents/qiuyun/news/Core/Library/Think/Think.class.php 第 198 行.
INFO: [ template_filter ] --START--
INFO: Run Behavior\ContentReplaceBehavior [ RunTime:0.000047s ]
INFO: [ template_filter ] --END-- [ RunTime:0.000133s ]
NOTIC: [8] Undefined variable: id /Library/WebServer/Documents/qiuyun/news/Runtime/Cache/Admin/ccaf3741448c5c76458d9a865ead30ea.php 第 9 行.
NOTIC: [8] Undefined variable: id /Library/WebServer/Documents/qiuyun/news/Runtime/Cache/Admin/ccaf3741448c5c76458d9a865ead30ea.php 第 12 行.
INFO: Run Behavior\ParseTemplateBehavior [ RunTime:0.013679s ]
INFO: [ view_parse ] --END-- [ RunTime:0.013778s ]
INFO: [ view_filter ] --START--
INFO: Run Behavior\WriteHtmlCacheBehavior [ RunTime:0.000352s ]
INFO: [ view_filter ] --END-- [ RunTime:0.000405s ]
INFO: [ app_end ] --START--
INFO: Run Behavior\ShowPageTraceBehavior [ RunTime:0.000434s ]
INFO: [ app_end ] --END-- [ RunTime:0.000487s ]

[ 2015-04-21T20:57:18+08:00 ] 127.0.0.1 /admin/Members/listJsonId.html
INFO: [ app_init ] --START--
INFO: Run Behavior\BuildLiteBehavior [ RunTime:0.000013s ]
INFO: [ app_init ] --END-- [ RunTime:0.000223s ]
INFO: [ app_begin ] --START--
INFO: Run Behavior\ReadHtmlCacheBehavior [ RunTime:0.000253s ]
INFO: Run Behavior\CheckLangBehavior [ RunTime:0.000587s ]
INFO: [ app_begin ] --END-- [ RunTime:0.000911s ]
NOTIC: [8] Undefined index: title /Library/WebServer/Documents/qiuyun/news/Application/Admin/Action/MembersAction.class.php 第 231 行.
NOTIC: [8] Undefined variable: condition /Library/WebServer/Documents/qiuyun/news/Application/Admin/Action/MembersAction.class.php 第 235 行.
SQL: SELECT COUNT(*) AS tp_count FROM `ding_members` LIMIT 1   [ RunTime:0.0003s ]
NOTIC: [8] Undefined variable: condition /Library/WebServer/Documents/qiuyun/news/Application/Admin/Action/MembersAction.class.php 第 238 行.
SQL: SELECT * FROM `ding_members` ORDER BY id desc LIMIT 0,10   [ RunTime:0.0005s ]
INFO: [ app_end ] --START--
INFO: Run Behavior\ShowPageTraceBehavior [ RunTime:0.000406s ]
INFO: [ app_end ] --END-- [ RunTime:0.000443s ]

[ 2015-04-21T20:57:20+08:00 ] 127.0.0.1 /admin/Members/edit.html?id=1&_=1429620966612
INFO: [ app_init ] --START--
INFO: Run Behavior\BuildLiteBehavior [ RunTime:0.000015s ]
INFO: [ app_init ] --END-- [ RunTime:0.000327s ]
INFO: [ app_begin ] --START--
INFO: Run Behavior\ReadHtmlCacheBehavior [ RunTime:0.000289s ]
INFO: Run Behavior\CheckLangBehavior [ RunTime:0.000580s ]
INFO: [ app_begin ] --END-- [ RunTime:0.000962s ]
SQL: SELECT * FROM `ding_members` WHERE `id` = '1' LIMIT 1   [ RunTime:0.0004s ]
INFO: [ view_parse ] --START--
NOTIC: [8] Undefined index: separator /Library/WebServer/Documents/qiuyun/news/Core/Library/Think/Template/TagLib/Html.class.php 第 208 行.
NOTIC: [8] Undefined index: separator /Library/WebServer/Documents/qiuyun/news/Core/Library/Think/Template/TagLib/Html.class.php 第 208 行.
NOTIC: [8] Use of undefined constant level - assumed 'level' /Library/WebServer/Documents/qiuyun/news/Core/Library/Think/Think.class.php 第 198 行.
NOTIC: [8] Use of undefined constant level - assumed 'level' /Library/WebServer/Documents/qiuyun/news/Core/Library/Think/Think.class.php 第 198 行.
NOTIC: [8] Use of undefined constant level - assumed 'level' /Library/WebServer/Documents/qiuyun/news/Core/Library/Think/Think.class.php 第 198 行.
NOTIC: [8] Use of undefined constant level - assumed 'level' /Library/WebServer/Documents/qiuyun/news/Core/Library/Think/Think.class.php 第 198 行.
NOTIC: [8] Use of undefined constant level - assumed 'level' /Library/WebServer/Documents/qiuyun/news/Core/Library/Think/Think.class.php 第 198 行.
NOTIC: [8] Use of undefined constant level - assumed 'level' /Library/WebServer/Documents/qiuyun/news/Core/Library/Think/Think.class.php 第 198 行.
NOTIC: [8] Use of undefined constant level - assumed 'level' /Library/WebServer/Documents/qiuyun/news/Core/Library/Think/Think.class.php 第 198 行.
NOTIC: [8] Use of undefined constant level - assumed 'level' /Library/WebServer/Documents/qiuyun/news/Core/Library/Think/Think.class.php 第 198 行.
NOTIC: [8] Use of undefined constant level - assumed 'level' /Library/WebServer/Documents/qiuyun/news/Core/Library/Think/Think.class.php 第 198 行.
NOTIC: [8] Use of undefined constant level - assumed 'level' /Library/WebServer/Documents/qiuyun/news/Core/Library/Think/Think.class.php 第 198 行.
NOTIC: [8] Use of undefined constant level - assumed 'level' /Library/WebServer/Documents/qiuyun/news/Core/Library/Think/Think.class.php 第 198 行.
NOTIC: [8] Use of undefined constant level - assumed 'level' /Library/WebServer/Documents/qiuyun/news/Core/Library/Think/Think.class.php 第 198 行.
INFO: [ template_filter ] --START--
INFO: Run Behavior\ContentReplaceBehavior [ RunTime:0.000034s ]
INFO: [ template_filter ] --END-- [ RunTime:0.000088s ]
INFO: Run Behavior\ParseTemplateBehavior [ RunTime:0.006847s ]
INFO: [ view_parse ] --END-- [ RunTime:0.006886s ]
INFO: [ view_filter ] --START--
INFO: Run Behavior\WriteHtmlCacheBehavior [ RunTime:0.000140s ]
INFO: [ view_filter ] --END-- [ RunTime:0.000175s ]
INFO: [ app_end ] --START--
INFO: Run Behavior\ShowPageTraceBehavior [ RunTime:0.000395s ]
INFO: [ app_end ] --END-- [ RunTime:0.000430s ]

[ 2015-04-21T20:57:28+08:00 ] 127.0.0.1 /admin/Members/update.html
INFO: [ app_init ] --START--
INFO: Run Behavior\BuildLiteBehavior [ RunTime:0.000009s ]
INFO: [ app_init ] --END-- [ RunTime:0.000181s ]
INFO: [ app_begin ] --START--
INFO: Run Behavior\ReadHtmlCacheBehavior [ RunTime:0.000221s ]
INFO: Run Behavior\CheckLangBehavior [ RunTime:0.000336s ]
INFO: [ app_begin ] --END-- [ RunTime:0.000606s ]
SQL: SELECT * FROM `ding_members` WHERE `id` <> '1' AND `username` = 'djc6914' LIMIT 1   [ RunTime:0.0003s ]
SQL: SELECT * FROM `ding_members` WHERE `id` <> '1' AND `email` = '335499289@qq.com' LIMIT 1   [ RunTime:0.0001s ]
SQL: UPDATE `ding_members` SET `password`='cd1396ec181cbe0b0240795b1734d105',`username`='djc6914',`email`='335499289@qq.com',`sex`='12',`status`='20',`remark`='123',`updatetime`='1429621048' WHERE `id` = '1' [ RunTime:0.0030s ]
INFO: [ app_end ] --START--
INFO: Run Behavior\ShowPageTraceBehavior [ RunTime:0.000385s ]
INFO: [ app_end ] --END-- [ RunTime:0.000421s ]

[ 2015-04-21T20:57:28+08:00 ] 127.0.0.1 /admin/Members/listJsonId.html
INFO: [ app_init ] --START--
INFO: Run Behavior\BuildLiteBehavior [ RunTime:0.000016s ]
INFO: [ app_init ] --END-- [ RunTime:0.000355s ]
INFO: [ app_begin ] --START--
INFO: Run Behavior\ReadHtmlCacheBehavior [ RunTime:0.000343s ]
INFO: Run Behavior\CheckLangBehavior [ RunTime:0.000394s ]
INFO: [ app_begin ] --END-- [ RunTime:0.000808s ]
NOTIC: [8] Undefined index: title /Library/WebServer/Documents/qiuyun/news/Application/Admin/Action/MembersAction.class.php 第 231 行.
NOTIC: [8] Undefined variable: condition /Library/WebServer/Documents/qiuyun/news/Application/Admin/Action/MembersAction.class.php 第 235 行.
SQL: SELECT COUNT(*) AS tp_count FROM `ding_members` LIMIT 1   [ RunTime:0.0002s ]
NOTIC: [8] Undefined variable: condition /Library/WebServer/Documents/qiuyun/news/Application/Admin/Action/MembersAction.class.php 第 238 行.
SQL: SELECT * FROM `ding_members` ORDER BY id desc LIMIT 0,10   [ RunTime:0.0005s ]
INFO: [ app_end ] --START--
INFO: Run Behavior\ShowPageTraceBehavior [ RunTime:0.000548s ]
INFO: [ app_end ] --END-- [ RunTime:0.000617s ]

[ 2015-04-21T20:57:50+08:00 ] 127.0.0.1 /admin/Members/edit.html?id=1&_=1429620966613
INFO: [ app_init ] --START--
INFO: Run Behavior\BuildLiteBehavior [ RunTime:0.000010s ]
INFO: [ app_init ] --END-- [ RunTime:0.000192s ]
INFO: [ app_begin ] --START--
INFO: Run Behavior\ReadHtmlCacheBehavior [ RunTime:0.000251s ]
INFO: Run Behavior\CheckLangBehavior [ RunTime:0.000368s ]
INFO: [ app_begin ] --END-- [ RunTime:0.000669s ]
SQL: SELECT * FROM `ding_members` WHERE `id` = '1' LIMIT 1   [ RunTime:0.0003s ]
INFO: [ view_parse ] --START--
NOTIC: [8] Undefined index: separator /Library/WebServer/Documents/qiuyun/news/Core/Library/Think/Template/TagLib/Html.class.php 第 208 行.
NOTIC: [8] Undefined index: separator /Library/WebServer/Documents/qiuyun/news/Core/Library/Think/Template/TagLib/Html.class.php 第 208 行.
NOTIC: [8] Use of undefined constant level - assumed 'level' /Library/WebServer/Documents/qiuyun/news/Core/Library/Think/Think.class.php 第 198 行.
NOTIC: [8] Use of undefined constant level - assumed 'level' /Library/WebServer/Documents/qiuyun/news/Core/Library/Think/Think.class.php 第 198 行.
NOTIC: [8] Use of undefined constant level - assumed 'level' /Library/WebServer/Documents/qiuyun/news/Core/Library/Think/Think.class.php 第 198 行.
NOTIC: [8] Use of undefined constant level - assumed 'level' /Library/WebServer/Documents/qiuyun/news/Core/Library/Think/Think.class.php 第 198 行.
NOTIC: [8] Use of undefined constant level - assumed 'level' /Library/WebServer/Documents/qiuyun/news/Core/Library/Think/Think.class.php 第 198 行.
NOTIC: [8] Use of undefined constant level - assumed 'level' /Library/WebServer/Documents/qiuyun/news/Core/Library/Think/Think.class.php 第 198 行.
NOTIC: [8] Use of undefined constant level - assumed 'level' /Library/WebServer/Documents/qiuyun/news/Core/Library/Think/Think.class.php 第 198 行.
NOTIC: [8] Use of undefined constant level - assumed 'level' /Library/WebServer/Documents/qiuyun/news/Core/Library/Think/Think.class.php 第 198 行.
NOTIC: [8] Use of undefined constant level - assumed 'level' /Library/WebServer/Documents/qiuyun/news/Core/Library/Think/Think.class.php 第 198 行.
NOTIC: [8] Use of undefined constant level - assumed 'level' /Library/WebServer/Documents/qiuyun/news/Core/Library/Think/Think.class.php 第 198 行.
NOTIC: [8] Use of undefined constant level - assumed 'level' /Library/WebServer/Documents/qiuyun/news/Core/Library/Think/Think.class.php 第 198 行.
NOTIC: [8] Use of undefined constant level - assumed 'level' /Library/WebServer/Documents/qiuyun/news/Core/Library/Think/Think.class.php 第 198 行.
INFO: [ template_filter ] --START--
INFO: Run Behavior\ContentReplaceBehavior [ RunTime:0.000025s ]
INFO: [ template_filter ] --END-- [ RunTime:0.000057s ]
INFO: Run Behavior\ParseTemplateBehavior [ RunTime:0.007063s ]
INFO: [ view_parse ] --END-- [ RunTime:0.007098s ]
INFO: [ view_filter ] --START--
INFO: Run Behavior\WriteHtmlCacheBehavior [ RunTime:0.000113s ]
INFO: [ view_filter ] --END-- [ RunTime:0.000143s ]
INFO: [ app_end ] --START--
INFO: Run Behavior\ShowPageTraceBehavior [ RunTime:0.000381s ]
INFO: [ app_end ] --END-- [ RunTime:0.000427s ]

[ 2015-04-21T20:58:00+08:00 ] 127.0.0.1 /admin/Members/update.html
INFO: [ app_init ] --START--
INFO: Run Behavior\BuildLiteBehavior [ RunTime:0.000009s ]
INFO: [ app_init ] --END-- [ RunTime:0.000199s ]
INFO: [ app_begin ] --START--
INFO: Run Behavior\ReadHtmlCacheBehavior [ RunTime:0.000321s ]
INFO: Run Behavior\CheckLangBehavior [ RunTime:0.000760s ]
INFO: [ app_begin ] --END-- [ RunTime:0.001159s ]
SQL: SELECT * FROM `ding_members` WHERE `id` <> '1' AND `username` = 'djc6914' LIMIT 1   [ RunTime:0.0003s ]
SQL: SELECT * FROM `ding_members` WHERE `id` <> '1' AND `email` = '335499289@qq.com' LIMIT 1   [ RunTime:0.0001s ]
SQL: UPDATE `ding_members` SET `password`='cd1396ec181cbe0b0240795b1734d105',`username`='djc6914',`email`='335499289@qq.com',`sex`='12',`status`='20',`remark`='123',`updatetime`='1429621080' WHERE `id` = '1' [ RunTime:0.0002s ]
INFO: [ app_end ] --START--
INFO: Run Behavior\ShowPageTraceBehavior [ RunTime:0.000289s ]
INFO: [ app_end ] --END-- [ RunTime:0.000320s ]

[ 2015-04-21T20:58:00+08:00 ] 127.0.0.1 /admin/Members/listJsonId.html
INFO: [ app_init ] --START--
INFO: Run Behavior\BuildLiteBehavior [ RunTime:0.000011s ]
INFO: [ app_init ] --END-- [ RunTime:0.000213s ]
INFO: [ app_begin ] --START--
INFO: Run Behavior\ReadHtmlCacheBehavior [ RunTime:0.000411s ]
INFO: Run Behavior\CheckLangBehavior [ RunTime:0.000497s ]
INFO: [ app_begin ] --END-- [ RunTime:0.001002s ]
NOTIC: [8] Undefined index: title /Library/WebServer/Documents/qiuyun/news/Application/Admin/Action/MembersAction.class.php 第 231 行.
NOTIC: [8] Undefined variable: condition /Library/WebServer/Documents/qiuyun/news/Application/Admin/Action/MembersAction.class.php 第 235 行.
SQL: SELECT COUNT(*) AS tp_count FROM `ding_members` LIMIT 1   [ RunTime:0.0003s ]
NOTIC: [8] Undefined variable: condition /Library/WebServer/Documents/qiuyun/news/Application/Admin/Action/MembersAction.class.php 第 238 行.
SQL: SELECT * FROM `ding_members` ORDER BY id desc LIMIT 0,10   [ RunTime:0.0004s ]
INFO: [ app_end ] --START--
INFO: Run Behavior\ShowPageTraceBehavior [ RunTime:0.000465s ]
INFO: [ app_end ] --END-- [ RunTime:0.000513s ]

[ 2015-04-21T21:04:51+08:00 ] 127.0.0.1 /admin/Members/edit.html?id=1&_=1429620966614
INFO: [ app_init ] --START--
INFO: Run Behavior\BuildLiteBehavior [ RunTime:0.000010s ]
INFO: [ app_init ] --END-- [ RunTime:0.000192s ]
INFO: [ app_begin ] --START--
INFO: Run Behavior\ReadHtmlCacheBehavior [ RunTime:0.000317s ]
INFO: Run Behavior\CheckLangBehavior [ RunTime:0.000442s ]
INFO: [ app_begin ] --END-- [ RunTime:0.000817s ]
SQL: SELECT * FROM `ding_members` WHERE `id` = '1' LIMIT 1   [ RunTime:0.0003s ]
INFO: [ view_parse ] --START--
NOTIC: [8] Undefined index: separator /Library/WebServer/Documents/qiuyun/news/Core/Library/Think/Template/TagLib/Html.class.php 第 208 行.
NOTIC: [8] Undefined index: separator /Library/WebServer/Documents/qiuyun/news/Core/Library/Think/Template/TagLib/Html.class.php 第 208 行.
NOTIC: [8] Use of undefined constant level - assumed 'level' /Library/WebServer/Documents/qiuyun/news/Core/Library/Think/Think.class.php 第 198 行.
NOTIC: [8] Use of undefined constant level - assumed 'level' /Library/WebServer/Documents/qiuyun/news/Core/Library/Think/Think.class.php 第 198 行.
NOTIC: [8] Use of undefined constant level - assumed 'level' /Library/WebServer/Documents/qiuyun/news/Core/Library/Think/Think.class.php 第 198 行.
NOTIC: [8] Use of undefined constant level - assumed 'level' /Library/WebServer/Documents/qiuyun/news/Core/Library/Think/Think.class.php 第 198 行.
NOTIC: [8] Use of undefined constant level - assumed 'level' /Library/WebServer/Documents/qiuyun/news/Core/Library/Think/Think.class.php 第 198 行.
NOTIC: [8] Use of undefined constant level - assumed 'level' /Library/WebServer/Documents/qiuyun/news/Core/Library/Think/Think.class.php 第 198 行.
NOTIC: [8] Use of undefined constant level - assumed 'level' /Library/WebServer/Documents/qiuyun/news/Core/Library/Think/Think.class.php 第 198 行.
NOTIC: [8] Use of undefined constant level - assumed 'level' /Library/WebServer/Documents/qiuyun/news/Core/Library/Think/Think.class.php 第 198 行.
NOTIC: [8] Use of undefined constant level - assumed 'level' /Library/WebServer/Documents/qiuyun/news/Core/Library/Think/Think.class.php 第 198 行.
NOTIC: [8] Use of undefined constant level - assumed 'level' /Library/WebServer/Documents/qiuyun/news/Core/Library/Think/Think.class.php 第 198 行.
NOTIC: [8] Use of undefined constant level - assumed 'level' /Library/WebServer/Documents/qiuyun/news/Core/Library/Think/Think.class.php 第 198 行.
NOTIC: [8] Use of undefined constant level - assumed 'level' /Library/WebServer/Documents/qiuyun/news/Core/Library/Think/Think.class.php 第 198 行.
INFO: [ template_filter ] --START--
INFO: Run Behavior\ContentReplaceBehavior [ RunTime:0.000033s ]
INFO: [ template_filter ] --END-- [ RunTime:0.000089s ]
INFO: Run Behavior\ParseTemplateBehavior [ RunTime:0.007045s ]
INFO: [ view_parse ] --END-- [ RunTime:0.007094s ]
INFO: [ view_filter ] --START--
INFO: Run Behavior\WriteHtmlCacheBehavior [ RunTime:0.000108s ]
INFO: [ view_filter ] --END-- [ RunTime:0.000132s ]
INFO: [ app_end ] --START--
INFO: Run Behavior\ShowPageTraceBehavior [ RunTime:0.000273s ]
INFO: [ app_end ] --END-- [ RunTime:0.000298s ]

[ 2015-04-21T21:13:53+08:00 ] 127.0.0.1 /admin/
INFO: [ app_init ] --START--
INFO: Run Behavior\BuildLiteBehavior [ RunTime:0.000013s ]
INFO: [ app_init ] --END-- [ RunTime:0.000286s ]
INFO: [ app_begin ] --START--
INFO: Run Behavior\ReadHtmlCacheBehavior [ RunTime:0.000291s ]
INFO: Run Behavior\CheckLangBehavior [ RunTime:0.000664s ]
INFO: [ app_begin ] --END-- [ RunTime:0.001030s ]

[ 2015-04-21T21:13:53+08:00 ] 127.0.0.1 /admin/Passport
INFO: [ app_init ] --START--
INFO: Run Behavior\BuildLiteBehavior [ RunTime:0.000011s ]
INFO: [ app_init ] --END-- [ RunTime:0.000220s ]
INFO: [ app_begin ] --START--
INFO: Run Behavior\ReadHtmlCacheBehavior [ RunTime:0.000266s ]
INFO: Run Behavior\CheckLangBehavior [ RunTime:0.000395s ]
INFO: [ app_begin ] --END-- [ RunTime:0.000726s ]
NOTIC: [8] Undefined variable: skin /Library/WebServer/Documents/qiuyun/news/Application/Admin/Action/PassportAction.class.php 第 32 行.
INFO: [ view_parse ] --START--
NOTIC: [8] Use of undefined constant level - assumed 'level' /Library/WebServer/Documents/qiuyun/news/Core/Library/Think/Think.class.php 第 198 行.
NOTIC: [8] Use of undefined constant level - assumed 'level' /Library/WebServer/Documents/qiuyun/news/Core/Library/Think/Think.class.php 第 198 行.
NOTIC: [8] Use of undefined constant level - assumed 'level' /Library/WebServer/Documents/qiuyun/news/Core/Library/Think/Think.class.php 第 198 行.
NOTIC: [8] Use of undefined constant level - assumed 'level' /Library/WebServer/Documents/qiuyun/news/Core/Library/Think/Think.class.php 第 198 行.
NOTIC: [8] Use of undefined constant level - assumed 'level' /Library/WebServer/Documents/qiuyun/news/Core/Library/Think/Think.class.php 第 198 行.
NOTIC: [8] Use of undefined constant level - assumed 'level' /Library/WebServer/Documents/qiuyun/news/Core/Library/Think/Think.class.php 第 198 行.
NOTIC: [8] Use of undefined constant level - assumed 'level' /Library/WebServer/Documents/qiuyun/news/Core/Library/Think/Think.class.php 第 198 行.
NOTIC: [8] Use of undefined constant level - assumed 'level' /Library/WebServer/Documents/qiuyun/news/Core/Library/Think/Think.class.php 第 198 行.
NOTIC: [8] Use of undefined constant level - assumed 'level' /Library/WebServer/Documents/qiuyun/news/Core/Library/Think/Think.class.php 第 198 行.
NOTIC: [8] Use of undefined constant level - assumed 'level' /Library/WebServer/Documents/qiuyun/news/Core/Library/Think/Think.class.php 第 198 行.
NOTIC: [8] Use of undefined constant level - assumed 'level' /Library/WebServer/Documents/qiuyun/news/Core/Library/Think/Think.class.php 第 198 行.
NOTIC: [8] Use of undefined constant level - assumed 'level' /Library/WebServer/Documents/qiuyun/news/Core/Library/Think/Think.class.php 第 198 行.
INFO: [ template_filter ] --START--
INFO: Run Behavior\ContentReplaceBehavior [ RunTime:0.000077s ]
INFO: [ template_filter ] --END-- [ RunTime:0.000140s ]
INFO: Run Behavior\ParseTemplateBehavior [ RunTime:0.011088s ]
INFO: [ view_parse ] --END-- [ RunTime:0.011136s ]
INFO: [ view_filter ] --START--
INFO: Run Behavior\WriteHtmlCacheBehavior [ RunTime:0.000133s ]
INFO: [ view_filter ] --END-- [ RunTime:0.000159s ]
INFO: [ app_end ] --START--
INFO: Run Behavior\ShowPageTraceBehavior [ RunTime:0.000279s ]
INFO: [ app_end ] --END-- [ RunTime:0.000305s ]

[ 2015-04-21T21:13:53+08:00 ] 127.0.0.1 /admin/Passport/verify.html
INFO: [ app_init ] --START--
INFO: Run Behavior\BuildLiteBehavior [ RunTime:0.000024s ]
INFO: [ app_init ] --END-- [ RunTime:0.000367s ]
INFO: [ app_begin ] --START--
INFO: Run Behavior\ReadHtmlCacheBehavior [ RunTime:0.000290s ]
INFO: Run Behavior\CheckLangBehavior [ RunTime:0.000830s ]
INFO: [ app_begin ] --END-- [ RunTime:0.001342s ]
INFO: [ app_end ] --START--
INFO: Run Behavior\ShowPageTraceBehavior [ RunTime:0.000766s ]
INFO: [ app_end ] --END-- [ RunTime:0.000870s ]

[ 2015-04-21T21:14:06+08:00 ] 127.0.0.1 /admin/Passport/dologin.html
INFO: [ app_init ] --START--
INFO: Run Behavior\BuildLiteBehavior [ RunTime:0.000011s ]
INFO: [ app_init ] --END-- [ RunTime:0.000202s ]
INFO: [ app_begin ] --START--
INFO: Run Behavior\ReadHtmlCacheBehavior [ RunTime:0.000260s ]
INFO: Run Behavior\CheckLangBehavior [ RunTime:0.000370s ]
INFO: [ app_begin ] --END-- [ RunTime:0.000684s ]
INFO: [ view_parse ] --START--
NOTIC: [8] Use of undefined constant level - assumed 'level' /Library/WebServer/Documents/qiuyun/news/Core/Library/Think/Think.class.php 第 198 行.
NOTIC: [8] Use of undefined constant level - assumed 'level' /Library/WebServer/Documents/qiuyun/news/Core/Library/Think/Think.class.php 第 198 行.
NOTIC: [8] Use of undefined constant level - assumed 'level' /Library/WebServer/Documents/qiuyun/news/Core/Library/Think/Think.class.php 第 198 行.
NOTIC: [8] Use of undefined constant level - assumed 'level' /Library/WebServer/Documents/qiuyun/news/Core/Library/Think/Think.class.php 第 198 行.
NOTIC: [8] Use of undefined constant level - assumed 'level' /Library/WebServer/Documents/qiuyun/news/Core/Library/Think/Think.class.php 第 198 行.
NOTIC: [8] Use of undefined constant level - assumed 'level' /Library/WebServer/Documents/qiuyun/news/Core/Library/Think/Think.class.php 第 198 行.
NOTIC: [8] Use of undefined constant level - assumed 'level' /Library/WebServer/Documents/qiuyun/news/Core/Library/Think/Think.class.php 第 198 行.
NOTIC: [8] Use of undefined constant level - assumed 'level' /Library/WebServer/Documents/qiuyun/news/Core/Library/Think/Think.class.php 第 198 行.
NOTIC: [8] Use of undefined constant level - assumed 'level' /Library/WebServer/Documents/qiuyun/news/Core/Library/Think/Think.class.php 第 198 行.
NOTIC: [8] Use of undefined constant level - assumed 'level' /Library/WebServer/Documents/qiuyun/news/Core/Library/Think/Think.class.php 第 198 行.
NOTIC: [8] Use of undefined constant level - assumed 'level' /Library/WebServer/Documents/qiuyun/news/Core/Library/Think/Think.class.php 第 198 行.
NOTIC: [8] Use of undefined constant level - assumed 'level' /Library/WebServer/Documents/qiuyun/news/Core/Library/Think/Think.class.php 第 198 行.
INFO: [ template_filter ] --START--
INFO: Run Behavior\ContentReplaceBehavior [ RunTime:0.000025s ]
INFO: [ template_filter ] --END-- [ RunTime:0.000064s ]
INFO: Run Behavior\ParseTemplateBehavior [ RunTime:0.006782s ]
INFO: [ view_parse ] --END-- [ RunTime:0.006824s ]
INFO: [ view_filter ] --START--
INFO: Run Behavior\WriteHtmlCacheBehavior [ RunTime:0.000102s ]
INFO: [ view_filter ] --END-- [ RunTime:0.000144s ]

[ 2015-04-21T21:14:16+08:00 ] 127.0.0.1 /admin/Passport/verify.html?tm=0.10634907471421529
INFO: [ app_init ] --START--
INFO: Run Behavior\BuildLiteBehavior [ RunTime:0.000012s ]
INFO: [ app_init ] --END-- [ RunTime:0.000218s ]
INFO: [ app_begin ] --START--
INFO: Run Behavior\ReadHtmlCacheBehavior [ RunTime:0.000264s ]
INFO: Run Behavior\CheckLangBehavior [ RunTime:0.000376s ]
INFO: [ app_begin ] --END-- [ RunTime:0.000692s ]
INFO: [ app_end ] --START--
INFO: Run Behavior\ShowPageTraceBehavior [ RunTime:0.000266s ]
INFO: [ app_end ] --END-- [ RunTime:0.000300s ]

[ 2015-04-21T21:14:25+08:00 ] 127.0.0.1 /admin/Passport/dologin.html
INFO: [ app_init ] --START--
INFO: Run Behavior\BuildLiteBehavior [ RunTime:0.000012s ]
INFO: [ app_init ] --END-- [ RunTime:0.000261s ]
INFO: [ app_begin ] --START--
INFO: Run Behavior\ReadHtmlCacheBehavior [ RunTime:0.000270s ]
INFO: Run Behavior\CheckLangBehavior [ RunTime:0.000379s ]
INFO: [ app_begin ] --END-- [ RunTime:0.000706s ]
SQL: SELECT `username`,`creat_time`,`id`,`password` FROM `ding_operators` WHERE `username` = 'admin' LIMIT 1   [ RunTime:0.0003s ]
INFO: [ view_parse ] --START--
NOTIC: [8] Use of undefined constant level - assumed 'level' /Library/WebServer/Documents/qiuyun/news/Core/Library/Think/Think.class.php 第 198 行.
NOTIC: [8] Use of undefined constant level - assumed 'level' /Library/WebServer/Documents/qiuyun/news/Core/Library/Think/Think.class.php 第 198 行.
NOTIC: [8] Use of undefined constant level - assumed 'level' /Library/WebServer/Documents/qiuyun/news/Core/Library/Think/Think.class.php 第 198 行.
NOTIC: [8] Use of undefined constant level - assumed 'level' /Library/WebServer/Documents/qiuyun/news/Core/Library/Think/Think.class.php 第 198 行.
NOTIC: [8] Use of undefined constant level - assumed 'level' /Library/WebServer/Documents/qiuyun/news/Core/Library/Think/Think.class.php 第 198 行.
NOTIC: [8] Use of undefined constant level - assumed 'level' /Library/WebServer/Documents/qiuyun/news/Core/Library/Think/Think.class.php 第 198 行.
NOTIC: [8] Use of undefined constant level - assumed 'level' /Library/WebServer/Documents/qiuyun/news/Core/Library/Think/Think.class.php 第 198 行.
NOTIC: [8] Use of undefined constant level - assumed 'level' /Library/WebServer/Documents/qiuyun/news/Core/Library/Think/Think.class.php 第 198 行.
NOTIC: [8] Use of undefined constant level - assumed 'level' /Library/WebServer/Documents/qiuyun/news/Core/Library/Think/Think.class.php 第 198 行.
NOTIC: [8] Use of undefined constant level - assumed 'level' /Library/WebServer/Documents/qiuyun/news/Core/Library/Think/Think.class.php 第 198 行.
NOTIC: [8] Use of undefined constant level - assumed 'level' /Library/WebServer/Documents/qiuyun/news/Core/Library/Think/Think.class.php 第 198 行.
NOTIC: [8] Use of undefined constant level - assumed 'level' /Library/WebServer/Documents/qiuyun/news/Core/Library/Think/Think.class.php 第 198 行.
INFO: [ template_filter ] --START--
INFO: Run Behavior\ContentReplaceBehavior [ RunTime:0.000025s ]
INFO: [ template_filter ] --END-- [ RunTime:0.000071s ]
INFO: Run Behavior\ParseTemplateBehavior [ RunTime:0.008276s ]
INFO: [ view_parse ] --END-- [ RunTime:0.008309s ]
INFO: [ view_filter ] --START--
INFO: Run Behavior\WriteHtmlCacheBehavior [ RunTime:0.000091s ]
INFO: [ view_filter ] --END-- [ RunTime:0.000116s ]

[ 2015-04-21T21:18:24+08:00 ] 127.0.0.1 /admin/Members/update.html
INFO: [ app_init ] --START--
INFO: Run Behavior\BuildLiteBehavior [ RunTime:0.000021s ]
INFO: [ app_init ] --END-- [ RunTime:0.000515s ]
INFO: [ app_begin ] --START--
INFO: Run Behavior\ReadHtmlCacheBehavior [ RunTime:0.000423s ]
INFO: Run Behavior\CheckLangBehavior [ RunTime:0.000594s ]
INFO: [ app_begin ] --END-- [ RunTime:0.001123s ]
SQL: SELECT * FROM `ding_members` WHERE `id` <> '1' AND `username` = 'djc6914' LIMIT 1   [ RunTime:0.0003s ]
SQL: SELECT * FROM `ding_members` WHERE `id` <> '1' AND `email` = '335499289@qq.com' LIMIT 1   [ RunTime:0.0001s ]
SQL: UPDATE `ding_members` SET `password`='198f4ee2bc1f0146afdfe7850690f0b6',`username`='djc6914',`email`='335499289@qq.com',`sex`='12',`status`='20',`remark`='123',`updatetime`='1429622304' WHERE `id` = '1' [ RunTime:0.0022s ]
INFO: [ app_end ] --START--
INFO: Run Behavior\ShowPageTraceBehavior [ RunTime:0.000436s ]
INFO: [ app_end ] --END-- [ RunTime:0.000496s ]

[ 2015-04-21T21:18:24+08:00 ] 127.0.0.1 /admin/Members/listJsonId.html
INFO: [ app_init ] --START--
INFO: Run Behavior\BuildLiteBehavior [ RunTime:0.000011s ]
INFO: [ app_init ] --END-- [ RunTime:0.000199s ]
INFO: [ app_begin ] --START--
INFO: Run Behavior\ReadHtmlCacheBehavior [ RunTime:0.000251s ]
INFO: Run Behavior\CheckLangBehavior [ RunTime:0.000370s ]
INFO: [ app_begin ] --END-- [ RunTime:0.000669s ]
NOTIC: [8] Undefined index: title /Library/WebServer/Documents/qiuyun/news/Application/Admin/Action/MembersAction.class.php 第 231 行.
NOTIC: [8] Undefined variable: condition /Library/WebServer/Documents/qiuyun/news/Application/Admin/Action/MembersAction.class.php 第 235 行.
SQL: SELECT COUNT(*) AS tp_count FROM `ding_members` LIMIT 1   [ RunTime:0.0003s ]
NOTIC: [8] Undefined variable: condition /Library/WebServer/Documents/qiuyun/news/Application/Admin/Action/MembersAction.class.php 第 238 行.
SQL: SELECT * FROM `ding_members` ORDER BY id desc LIMIT 0,10   [ RunTime:0.0006s ]
INFO: [ app_end ] --START--
INFO: Run Behavior\ShowPageTraceBehavior [ RunTime:0.000693s ]
INFO: [ app_end ] --END-- [ RunTime:0.000759s ]

[ 2015-04-21T21:18:50+08:00 ] 127.0.0.1 /admin/Account/changepwd?_=1429620966615
INFO: [ app_init ] --START--
INFO: Run Behavior\BuildLiteBehavior [ RunTime:0.000010s ]
INFO: [ app_init ] --END-- [ RunTime:0.000187s ]
INFO: [ app_begin ] --START--
INFO: Run Behavior\ReadHtmlCacheBehavior [ RunTime:0.000252s ]
INFO: Run Behavior\CheckLangBehavior [ RunTime:0.000377s ]
INFO: [ app_begin ] --END-- [ RunTime:0.000683s ]
INFO: [ view_parse ] --START--
NOTIC: [8] Use of undefined constant level - assumed 'level' /Library/WebServer/Documents/qiuyun/news/Core/Library/Think/Think.class.php 第 198 行.
NOTIC: [8] Use of undefined constant level - assumed 'level' /Library/WebServer/Documents/qiuyun/news/Core/Library/Think/Think.class.php 第 198 行.
NOTIC: [8] Use of undefined constant level - assumed 'level' /Library/WebServer/Documents/qiuyun/news/Core/Library/Think/Think.class.php 第 198 行.
NOTIC: [8] Use of undefined constant level - assumed 'level' /Library/WebServer/Documents/qiuyun/news/Core/Library/Think/Think.class.php 第 198 行.
NOTIC: [8] Use of undefined constant level - assumed 'level' /Library/WebServer/Documents/qiuyun/news/Core/Library/Think/Think.class.php 第 198 行.
NOTIC: [8] Use of undefined constant level - assumed 'level' /Library/WebServer/Documents/qiuyun/news/Core/Library/Think/Think.class.php 第 198 行.
NOTIC: [8] Use of undefined constant level - assumed 'level' /Library/WebServer/Documents/qiuyun/news/Core/Library/Think/Think.class.php 第 198 行.
NOTIC: [8] Use of undefined constant level - assumed 'level' /Library/WebServer/Documents/qiuyun/news/Core/Library/Think/Think.class.php 第 198 行.
NOTIC: [8] Use of undefined constant level - assumed 'level' /Library/WebServer/Documents/qiuyun/news/Core/Library/Think/Think.class.php 第 198 行.
NOTIC: [8] Use of undefined constant level - assumed 'level' /Library/WebServer/Documents/qiuyun/news/Core/Library/Think/Think.class.php 第 198 行.
NOTIC: [8] Use of undefined constant level - assumed 'level' /Library/WebServer/Documents/qiuyun/news/Core/Library/Think/Think.class.php 第 198 行.
NOTIC: [8] Use of undefined constant level - assumed 'level' /Library/WebServer/Documents/qiuyun/news/Core/Library/Think/Think.class.php 第 198 行.
INFO: [ template_filter ] --START--
INFO: Run Behavior\ContentReplaceBehavior [ RunTime:0.000024s ]
INFO: [ template_filter ] --END-- [ RunTime:0.000060s ]
INFO: Run Behavior\ParseTemplateBehavior [ RunTime:0.005700s ]
INFO: [ view_parse ] --END-- [ RunTime:0.005742s ]
INFO: [ view_filter ] --START--
INFO: Run Behavior\WriteHtmlCacheBehavior [ RunTime:0.000123s ]
INFO: [ view_filter ] --END-- [ RunTime:0.000160s ]
INFO: [ app_end ] --START--
INFO: Run Behavior\ShowPageTraceBehavior [ RunTime:0.000293s ]
INFO: [ app_end ] --END-- [ RunTime:0.000323s ]

[ 2015-04-21T21:21:50+08:00 ] 127.0.0.1 /admin/Account/updatepwd.html
INFO: [ app_init ] --START--
INFO: Run Behavior\BuildLiteBehavior [ RunTime:0.000020s ]
INFO: [ app_init ] --END-- [ RunTime:0.000244s ]
INFO: [ app_begin ] --START--
INFO: Run Behavior\ReadHtmlCacheBehavior [ RunTime:0.000517s ]
INFO: Run Behavior\CheckLangBehavior [ RunTime:0.000789s ]
INFO: [ app_begin ] --END-- [ RunTime:0.001453s ]

[ 2015-04-21T21:21:56+08:00 ] 127.0.0.1 /admin/Account/updatepwd.html
INFO: [ app_init ] --START--
INFO: Run Behavior\BuildLiteBehavior [ RunTime:0.000010s ]
INFO: [ app_init ] --END-- [ RunTime:0.000250s ]
INFO: [ app_begin ] --START--
INFO: Run Behavior\ReadHtmlCacheBehavior [ RunTime:0.000265s ]
INFO: Run Behavior\CheckLangBehavior [ RunTime:0.000375s ]
INFO: [ app_begin ] --END-- [ RunTime:0.000691s ]

[ 2015-04-21T21:22:01+08:00 ] 127.0.0.1 /admin/Account/changepwd?_=1429620966616
INFO: [ app_init ] --START--
INFO: Run Behavior\BuildLiteBehavior [ RunTime:0.000015s ]
INFO: [ app_init ] --END-- [ RunTime:0.000312s ]
INFO: [ app_begin ] --START--
INFO: Run Behavior\ReadHtmlCacheBehavior [ RunTime:0.000264s ]
INFO: Run Behavior\CheckLangBehavior [ RunTime:0.000539s ]
INFO: [ app_begin ] --END-- [ RunTime:0.000863s ]
INFO: [ view_parse ] --START--
NOTIC: [8] Use of undefined constant level - assumed 'level' /Library/WebServer/Documents/qiuyun/news/Core/Library/Think/Think.class.php 第 198 行.
NOTIC: [8] Use of undefined constant level - assumed 'level' /Library/WebServer/Documents/qiuyun/news/Core/Library/Think/Think.class.php 第 198 行.
NOTIC: [8] Use of undefined constant level - assumed 'level' /Library/WebServer/Documents/qiuyun/news/Core/Library/Think/Think.class.php 第 198 行.
NOTIC: [8] Use of undefined constant level - assumed 'level' /Library/WebServer/Documents/qiuyun/news/Core/Library/Think/Think.class.php 第 198 行.
NOTIC: [8] Use of undefined constant level - assumed 'level' /Library/WebServer/Documents/qiuyun/news/Core/Library/Think/Think.class.php 第 198 行.
NOTIC: [8] Use of undefined constant level - assumed 'level' /Library/WebServer/Documents/qiuyun/news/Core/Library/Think/Think.class.php 第 198 行.
NOTIC: [8] Use of undefined constant level - assumed 'level' /Library/WebServer/Documents/qiuyun/news/Core/Library/Think/Think.class.php 第 198 行.
NOTIC: [8] Use of undefined constant level - assumed 'level' /Library/WebServer/Documents/qiuyun/news/Core/Library/Think/Think.class.php 第 198 行.
NOTIC: [8] Use of undefined constant level - assumed 'level' /Library/WebServer/Documents/qiuyun/news/Core/Library/Think/Think.class.php 第 198 行.
NOTIC: [8] Use of undefined constant level - assumed 'level' /Library/WebServer/Documents/qiuyun/news/Core/Library/Think/Think.class.php 第 198 行.
NOTIC: [8] Use of undefined constant level - assumed 'level' /Library/WebServer/Documents/qiuyun/news/Core/Library/Think/Think.class.php 第 198 行.
NOTIC: [8] Use of undefined constant level - assumed 'level' /Library/WebServer/Documents/qiuyun/news/Core/Library/Think/Think.class.php 第 198 行.
INFO: [ template_filter ] --START--
INFO: Run Behavior\ContentReplaceBehavior [ RunTime:0.000023s ]
INFO: [ template_filter ] --END-- [ RunTime:0.000057s ]
INFO: Run Behavior\ParseTemplateBehavior [ RunTime:0.007536s ]
INFO: [ view_parse ] --END-- [ RunTime:0.007615s ]
INFO: [ view_filter ] --START--
INFO: Run Behavior\WriteHtmlCacheBehavior [ RunTime:0.000097s ]
INFO: [ view_filter ] --END-- [ RunTime:0.000119s ]
INFO: [ app_end ] --START--
INFO: Run Behavior\ShowPageTraceBehavior [ RunTime:0.000275s ]
INFO: [ app_end ] --END-- [ RunTime:0.000300s ]

[ 2015-04-21T21:22:03+08:00 ] 127.0.0.1 /admin/Account/updatepwd.html
INFO: [ app_init ] --START--
INFO: Run Behavior\BuildLiteBehavior [ RunTime:0.000020s ]
INFO: [ app_init ] --END-- [ RunTime:0.000339s ]
INFO: [ app_begin ] --START--
INFO: Run Behavior\ReadHtmlCacheBehavior [ RunTime:0.000492s ]
INFO: Run Behavior\CheckLangBehavior [ RunTime:0.000668s ]
INFO: [ app_begin ] --END-- [ RunTime:0.001289s ]

[ 2015-04-21T21:22:04+08:00 ] 127.0.0.1 /admin/Account/updatepwd.html
INFO: [ app_init ] --START--
INFO: Run Behavior\BuildLiteBehavior [ RunTime:0.000009s ]
INFO: [ app_init ] --END-- [ RunTime:0.000175s ]
INFO: [ app_begin ] --START--
INFO: Run Behavior\ReadHtmlCacheBehavior [ RunTime:0.000217s ]
INFO: Run Behavior\CheckLangBehavior [ RunTime:0.000324s ]
INFO: [ app_begin ] --END-- [ RunTime:0.000586s ]

[ 2015-04-21T21:22:04+08:00 ] 127.0.0.1 /admin/Account/updatepwd.html
INFO: [ app_init ] --START--
INFO: Run Behavior\BuildLiteBehavior [ RunTime:0.000010s ]
INFO: [ app_init ] --END-- [ RunTime:0.000178s ]
INFO: [ app_begin ] --START--
INFO: Run Behavior\ReadHtmlCacheBehavior [ RunTime:0.000218s ]
INFO: Run Behavior\CheckLangBehavior [ RunTime:0.000328s ]
INFO: [ app_begin ] --END-- [ RunTime:0.000591s ]

[ 2015-04-21T21:22:04+08:00 ] 127.0.0.1 /admin/Account/updatepwd.html
INFO: [ app_init ] --START--
INFO: Run Behavior\BuildLiteBehavior [ RunTime:0.000010s ]
INFO: [ app_init ] --END-- [ RunTime:0.000182s ]
INFO: [ app_begin ] --START--
INFO: Run Behavior\ReadHtmlCacheBehavior [ RunTime:0.000221s ]
INFO: Run Behavior\CheckLangBehavior [ RunTime:0.000335s ]
INFO: [ app_begin ] --END-- [ RunTime:0.000602s ]

[ 2015-04-21T21:22:12+08:00 ] 127.0.0.1 /admin/Account/updatepwd.html
INFO: [ app_init ] --START--
INFO: Run Behavior\BuildLiteBehavior [ RunTime:0.000009s ]
INFO: [ app_init ] --END-- [ RunTime:0.000177s ]
INFO: [ app_begin ] --START--
INFO: Run Behavior\ReadHtmlCacheBehavior [ RunTime:0.000217s ]
INFO: Run Behavior\CheckLangBehavior [ RunTime:0.000326s ]
INFO: [ app_begin ] --END-- [ RunTime:0.000588s ]

[ 2015-04-21T21:25:39+08:00 ] 127.0.0.1 /admin/Passport/logout.html
INFO: [ app_init ] --START--
INFO: Run Behavior\BuildLiteBehavior [ RunTime:0.000009s ]
INFO: [ app_init ] --END-- [ RunTime:0.000183s ]
INFO: [ app_begin ] --START--
INFO: Run Behavior\ReadHtmlCacheBehavior [ RunTime:0.000241s ]
INFO: Run Behavior\CheckLangBehavior [ RunTime:0.000341s ]
INFO: [ app_begin ] --END-- [ RunTime:0.000627s ]
INFO: [ view_parse ] --START--
NOTIC: [8] Use of undefined constant level - assumed 'level' /Library/WebServer/Documents/qiuyun/news/Core/Library/Think/Think.class.php 第 198 行.
NOTIC: [8] Use of undefined constant level - assumed 'level' /Library/WebServer/Documents/qiuyun/news/Core/Library/Think/Think.class.php 第 198 行.
NOTIC: [8] Use of undefined constant level - assumed 'level' /Library/WebServer/Documents/qiuyun/news/Core/Library/Think/Think.class.php 第 198 行.
NOTIC: [8] Use of undefined constant level - assumed 'level' /Library/WebServer/Documents/qiuyun/news/Core/Library/Think/Think.class.php 第 198 行.
NOTIC: [8] Use of undefined constant level - assumed 'level' /Library/WebServer/Documents/qiuyun/news/Core/Library/Think/Think.class.php 第 198 行.
NOTIC: [8] Use of undefined constant level - assumed 'level' /Library/WebServer/Documents/qiuyun/news/Core/Library/Think/Think.class.php 第 198 行.
NOTIC: [8] Use of undefined constant level - assumed 'level' /Library/WebServer/Documents/qiuyun/news/Core/Library/Think/Think.class.php 第 198 行.
NOTIC: [8] Use of undefined constant level - assumed 'level' /Library/WebServer/Documents/qiuyun/news/Core/Library/Think/Think.class.php 第 198 行.
NOTIC: [8] Use of undefined constant level - assumed 'level' /Library/WebServer/Documents/qiuyun/news/Core/Library/Think/Think.class.php 第 198 行.
NOTIC: [8] Use of undefined constant level - assumed 'level' /Library/WebServer/Documents/qiuyun/news/Core/Library/Think/Think.class.php 第 198 行.
NOTIC: [8] Use of undefined constant level - assumed 'level' /Library/WebServer/Documents/qiuyun/news/Core/Library/Think/Think.class.php 第 198 行.
NOTIC: [8] Use of undefined constant level - assumed 'level' /Library/WebServer/Documents/qiuyun/news/Core/Library/Think/Think.class.php 第 198 行.
INFO: [ template_filter ] --START--
INFO: Run Behavior\ContentReplaceBehavior [ RunTime:0.000047s ]
INFO: [ template_filter ] --END-- [ RunTime:0.000147s ]
INFO: Run Behavior\ParseTemplateBehavior [ RunTime:0.007493s ]
INFO: [ view_parse ] --END-- [ RunTime:0.007567s ]
INFO: [ view_filter ] --START--
INFO: Run Behavior\WriteHtmlCacheBehavior [ RunTime:0.000109s ]
INFO: [ view_filter ] --END-- [ RunTime:0.000135s ]
INFO: [ app_end ] --START--
INFO: Run Behavior\ShowPageTraceBehavior [ RunTime:0.000285s ]
INFO: [ app_end ] --END-- [ RunTime:0.000317s ]

[ 2015-04-21T21:25:40+08:00 ] 127.0.0.1 /admin/index
INFO: [ app_init ] --START--
INFO: Run Behavior\BuildLiteBehavior [ RunTime:0.000008s ]
INFO: [ app_init ] --END-- [ RunTime:0.000190s ]
INFO: [ app_begin ] --START--
INFO: Run Behavior\ReadHtmlCacheBehavior [ RunTime:0.000302s ]
INFO: Run Behavior\CheckLangBehavior [ RunTime:0.000389s ]
INFO: [ app_begin ] --END-- [ RunTime:0.000756s ]

[ 2015-04-21T21:25:40+08:00 ] 127.0.0.1 /admin/Passport
INFO: [ app_init ] --START--
INFO: Run Behavior\BuildLiteBehavior [ RunTime:0.000012s ]
INFO: [ app_init ] --END-- [ RunTime:0.000249s ]
INFO: [ app_begin ] --START--
INFO: Run Behavior\ReadHtmlCacheBehavior [ RunTime:0.000483s ]
INFO: Run Behavior\CheckLangBehavior [ RunTime:0.000783s ]
INFO: [ app_begin ] --END-- [ RunTime:0.001401s ]
NOTIC: [8] Undefined variable: skin /Library/WebServer/Documents/qiuyun/news/Application/Admin/Action/PassportAction.class.php 第 32 行.
INFO: [ view_parse ] --START--
NOTIC: [8] Use of undefined constant level - assumed 'level' /Library/WebServer/Documents/qiuyun/news/Core/Library/Think/Think.class.php 第 198 行.
NOTIC: [8] Use of undefined constant level - assumed 'level' /Library/WebServer/Documents/qiuyun/news/Core/Library/Think/Think.class.php 第 198 行.
NOTIC: [8] Use of undefined constant level - assumed 'level' /Library/WebServer/Documents/qiuyun/news/Core/Library/Think/Think.class.php 第 198 行.
NOTIC: [8] Use of undefined constant level - assumed 'level' /Library/WebServer/Documents/qiuyun/news/Core/Library/Think/Think.class.php 第 198 行.
NOTIC: [8] Use of undefined constant level - assumed 'level' /Library/WebServer/Documents/qiuyun/news/Core/Library/Think/Think.class.php 第 198 行.
NOTIC: [8] Use of undefined constant level - assumed 'level' /Library/WebServer/Documents/qiuyun/news/Core/Library/Think/Think.class.php 第 198 行.
NOTIC: [8] Use of undefined constant level - assumed 'level' /Library/WebServer/Documents/qiuyun/news/Core/Library/Think/Think.class.php 第 198 行.
NOTIC: [8] Use of undefined constant level - assumed 'level' /Library/WebServer/Documents/qiuyun/news/Core/Library/Think/Think.class.php 第 198 行.
NOTIC: [8] Use of undefined constant level - assumed 'level' /Library/WebServer/Documents/qiuyun/news/Core/Library/Think/Think.class.php 第 198 行.
NOTIC: [8] Use of undefined constant level - assumed 'level' /Library/WebServer/Documents/qiuyun/news/Core/Library/Think/Think.class.php 第 198 行.
NOTIC: [8] Use of undefined constant level - assumed 'level' /Library/WebServer/Documents/qiuyun/news/Core/Library/Think/Think.class.php 第 198 行.
NOTIC: [8] Use of undefined constant level - assumed 'level' /Library/WebServer/Documents/qiuyun/news/Core/Library/Think/Think.class.php 第 198 行.
INFO: [ template_filter ] --START--
INFO: Run Behavior\ContentReplaceBehavior [ RunTime:0.000026s ]
INFO: [ template_filter ] --END-- [ RunTime:0.000056s ]
INFO: Run Behavior\ParseTemplateBehavior [ RunTime:0.008029s ]
INFO: [ view_parse ] --END-- [ RunTime:0.008088s ]
INFO: [ view_filter ] --START--
INFO: Run Behavior\WriteHtmlCacheBehavior [ RunTime:0.000134s ]
INFO: [ view_filter ] --END-- [ RunTime:0.000172s ]
INFO: [ app_end ] --START--
INFO: Run Behavior\ShowPageTraceBehavior [ RunTime:0.000453s ]
INFO: [ app_end ] --END-- [ RunTime:0.000496s ]

[ 2015-04-21T21:25:40+08:00 ] 127.0.0.1 /admin/Passport/verify.html
INFO: [ app_init ] --START--
INFO: Run Behavior\BuildLiteBehavior [ RunTime:0.000020s ]
INFO: [ app_init ] --END-- [ RunTime:0.000326s ]
INFO: [ app_begin ] --START--
INFO: Run Behavior\ReadHtmlCacheBehavior [ RunTime:0.000440s ]
INFO: Run Behavior\CheckLangBehavior [ RunTime:0.000593s ]
INFO: [ app_begin ] --END-- [ RunTime:0.001114s ]
INFO: [ app_end ] --START--
INFO: Run Behavior\ShowPageTraceBehavior [ RunTime:0.000668s ]
INFO: [ app_end ] --END-- [ RunTime:0.000731s ]

[ 2015-04-21T21:25:52+08:00 ] 127.0.0.1 /admin/Passport/dologin.html
INFO: [ app_init ] --START--
INFO: Run Behavior\BuildLiteBehavior [ RunTime:0.000008s ]
INFO: [ app_init ] --END-- [ RunTime:0.000243s ]
INFO: [ app_begin ] --START--
INFO: Run Behavior\ReadHtmlCacheBehavior [ RunTime:0.000219s ]
INFO: Run Behavior\CheckLangBehavior [ RunTime:0.000330s ]
INFO: [ app_begin ] --END-- [ RunTime:0.000595s ]
SQL: SELECT `username`,`creat_time`,`id`,`password` FROM `ding_operators` WHERE `username` = 'admin' LIMIT 1   [ RunTime:0.0002s ]
INFO: [ view_parse ] --START--
NOTIC: [8] Use of undefined constant level - assumed 'level' /Library/WebServer/Documents/qiuyun/news/Core/Library/Think/Think.class.php 第 198 行.
NOTIC: [8] Use of undefined constant level - assumed 'level' /Library/WebServer/Documents/qiuyun/news/Core/Library/Think/Think.class.php 第 198 行.
NOTIC: [8] Use of undefined constant level - assumed 'level' /Library/WebServer/Documents/qiuyun/news/Core/Library/Think/Think.class.php 第 198 行.
NOTIC: [8] Use of undefined constant level - assumed 'level' /Library/WebServer/Documents/qiuyun/news/Core/Library/Think/Think.class.php 第 198 行.
NOTIC: [8] Use of undefined constant level - assumed 'level' /Library/WebServer/Documents/qiuyun/news/Core/Library/Think/Think.class.php 第 198 行.
NOTIC: [8] Use of undefined constant level - assumed 'level' /Library/WebServer/Documents/qiuyun/news/Core/Library/Think/Think.class.php 第 198 行.
NOTIC: [8] Use of undefined constant level - assumed 'level' /Library/WebServer/Documents/qiuyun/news/Core/Library/Think/Think.class.php 第 198 行.
NOTIC: [8] Use of undefined constant level - assumed 'level' /Library/WebServer/Documents/qiuyun/news/Core/Library/Think/Think.class.php 第 198 行.
NOTIC: [8] Use of undefined constant level - assumed 'level' /Library/WebServer/Documents/qiuyun/news/Core/Library/Think/Think.class.php 第 198 行.
NOTIC: [8] Use of undefined constant level - assumed 'level' /Library/WebServer/Documents/qiuyun/news/Core/Library/Think/Think.class.php 第 198 行.
NOTIC: [8] Use of undefined constant level - assumed 'level' /Library/WebServer/Documents/qiuyun/news/Core/Library/Think/Think.class.php 第 198 行.
NOTIC: [8] Use of undefined constant level - assumed 'level' /Library/WebServer/Documents/qiuyun/news/Core/Library/Think/Think.class.php 第 198 行.
INFO: [ template_filter ] --START--
INFO: Run Behavior\ContentReplaceBehavior [ RunTime:0.000032s ]
INFO: [ template_filter ] --END-- [ RunTime:0.000090s ]
INFO: Run Behavior\ParseTemplateBehavior [ RunTime:0.007762s ]
INFO: [ view_parse ] --END-- [ RunTime:0.007812s ]
INFO: [ view_filter ] --START--
INFO: Run Behavior\WriteHtmlCacheBehavior [ RunTime:0.000126s ]
INFO: [ view_filter ] --END-- [ RunTime:0.000153s ]

[ 2015-04-21T21:27:54+08:00 ] 127.0.0.1 /admin/Passport/verify.html?tm=0.4342816984280944
INFO: [ app_init ] --START--
INFO: Run Behavior\BuildLiteBehavior [ RunTime:0.000023s ]
INFO: [ app_init ] --END-- [ RunTime:0.001199s ]
INFO: [ app_begin ] --START--
INFO: Run Behavior\ReadHtmlCacheBehavior [ RunTime:0.000494s ]
INFO: Run Behavior\CheckLangBehavior [ RunTime:0.000704s ]
INFO: [ app_begin ] --END-- [ RunTime:0.001318s ]
INFO: [ app_end ] --START--
INFO: Run Behavior\ShowPageTraceBehavior [ RunTime:0.000455s ]
INFO: [ app_end ] --END-- [ RunTime:0.000522s ]

[ 2015-04-21T21:27:56+08:00 ] 127.0.0.1 /admin/Passport/verify.html?tm=0.21041440148837864
INFO: [ app_init ] --START--
INFO: Run Behavior\BuildLiteBehavior [ RunTime:0.000012s ]
INFO: [ app_init ] --END-- [ RunTime:0.000235s ]
INFO: [ app_begin ] --START--
INFO: Run Behavior\ReadHtmlCacheBehavior [ RunTime:0.000378s ]
INFO: Run Behavior\CheckLangBehavior [ RunTime:0.000427s ]
INFO: [ app_begin ] --END-- [ RunTime:0.000870s ]
INFO: [ app_end ] --START--
INFO: Run Behavior\ShowPageTraceBehavior [ RunTime:0.000375s ]
INFO: [ app_end ] --END-- [ RunTime:0.000432s ]

[ 2015-04-21T21:28:05+08:00 ] 127.0.0.1 /admin/Passport/dologin.html
INFO: [ app_init ] --START--
INFO: Run Behavior\BuildLiteBehavior [ RunTime:0.000028s ]
INFO: [ app_init ] --END-- [ RunTime:0.000472s ]
INFO: [ app_begin ] --START--
INFO: Run Behavior\ReadHtmlCacheBehavior [ RunTime:0.000278s ]
INFO: Run Behavior\CheckLangBehavior [ RunTime:0.000419s ]
INFO: [ app_begin ] --END-- [ RunTime:0.000767s ]
SQL: SELECT `username`,`creat_time`,`id`,`password` FROM `ding_operators` WHERE `username` = 'admin' LIMIT 1   [ RunTime:0.0003s ]
NOTIC: [8] Undefined index: status /Library/WebServer/Documents/qiuyun/news/Application/Admin/Action/PassportAction.class.php 第 63 行.
INFO: [ view_parse ] --START--
NOTIC: [8] Use of undefined constant level - assumed 'level' /Library/WebServer/Documents/qiuyun/news/Core/Library/Think/Think.class.php 第 198 行.
NOTIC: [8] Use of undefined constant level - assumed 'level' /Library/WebServer/Documents/qiuyun/news/Core/Library/Think/Think.class.php 第 198 行.
NOTIC: [8] Use of undefined constant level - assumed 'level' /Library/WebServer/Documents/qiuyun/news/Core/Library/Think/Think.class.php 第 198 行.
NOTIC: [8] Use of undefined constant level - assumed 'level' /Library/WebServer/Documents/qiuyun/news/Core/Library/Think/Think.class.php 第 198 行.
NOTIC: [8] Use of undefined constant level - assumed 'level' /Library/WebServer/Documents/qiuyun/news/Core/Library/Think/Think.class.php 第 198 行.
NOTIC: [8] Use of undefined constant level - assumed 'level' /Library/WebServer/Documents/qiuyun/news/Core/Library/Think/Think.class.php 第 198 行.
NOTIC: [8] Use of undefined constant level - assumed 'level' /Library/WebServer/Documents/qiuyun/news/Core/Library/Think/Think.class.php 第 198 行.
NOTIC: [8] Use of undefined constant level - assumed 'level' /Library/WebServer/Documents/qiuyun/news/Core/Library/Think/Think.class.php 第 198 行.
NOTIC: [8] Use of undefined constant level - assumed 'level' /Library/WebServer/Documents/qiuyun/news/Core/Library/Think/Think.class.php 第 198 行.
NOTIC: [8] Use of undefined constant level - assumed 'level' /Library/WebServer/Documents/qiuyun/news/Core/Library/Think/Think.class.php 第 198 行.
NOTIC: [8] Use of undefined constant level - assumed 'level' /Library/WebServer/Documents/qiuyun/news/Core/Library/Think/Think.class.php 第 198 行.
NOTIC: [8] Use of undefined constant level - assumed 'level' /Library/WebServer/Documents/qiuyun/news/Core/Library/Think/Think.class.php 第 198 行.
INFO: [ template_filter ] --START--
INFO: Run Behavior\ContentReplaceBehavior [ RunTime:0.000021s ]
INFO: [ template_filter ] --END-- [ RunTime:0.000051s ]
INFO: Run Behavior\ParseTemplateBehavior [ RunTime:0.005541s ]
INFO: [ view_parse ] --END-- [ RunTime:0.005571s ]
INFO: [ view_filter ] --START--
INFO: Run Behavior\WriteHtmlCacheBehavior [ RunTime:0.000091s ]
INFO: [ view_filter ] --END-- [ RunTime:0.000113s ]
INFO: [ app_end ] --START--
INFO: Run Behavior\ShowPageTraceBehavior [ RunTime:0.000244s ]
INFO: [ app_end ] --END-- [ RunTime:0.000267s ]

[ 2015-04-21T21:28:06+08:00 ] 127.0.0.1 /admin/Passport/index
INFO: [ app_init ] --START--
INFO: Run Behavior\BuildLiteBehavior [ RunTime:0.000012s ]
INFO: [ app_init ] --END-- [ RunTime:0.000241s ]
INFO: [ app_begin ] --START--
INFO: Run Behavior\ReadHtmlCacheBehavior [ RunTime:0.000281s ]
INFO: Run Behavior\CheckLangBehavior [ RunTime:0.000511s ]
INFO: [ app_begin ] --END-- [ RunTime:0.000898s ]

[ 2015-04-21T21:28:06+08:00 ] 127.0.0.1 /admin/index.html
INFO: [ app_init ] --START--
INFO: Run Behavior\BuildLiteBehavior [ RunTime:0.000010s ]
INFO: [ app_init ] --END-- [ RunTime:0.000188s ]
INFO: [ app_begin ] --START--
INFO: Run Behavior\ReadHtmlCacheBehavior [ RunTime:0.000241s ]
INFO: Run Behavior\CheckLangBehavior [ RunTime:0.000356s ]
INFO: [ app_begin ] --END-- [ RunTime:0.000646s ]
INFO: [ view_parse ] --START--
NOTIC: [8] Use of undefined constant level - assumed 'level' /Library/WebServer/Documents/qiuyun/news/Core/Library/Think/Think.class.php 第 198 行.
NOTIC: [8] Use of undefined constant level - assumed 'level' /Library/WebServer/Documents/qiuyun/news/Core/Library/Think/Think.class.php 第 198 行.
NOTIC: [8] Use of undefined constant level - assumed 'level' /Library/WebServer/Documents/qiuyun/news/Core/Library/Think/Think.class.php 第 198 行.
NOTIC: [8] Use of undefined constant level - assumed 'level' /Library/WebServer/Documents/qiuyun/news/Core/Library/Think/Think.class.php 第 198 行.
NOTIC: [8] Use of undefined constant level - assumed 'level' /Library/WebServer/Documents/qiuyun/news/Core/Library/Think/Think.class.php 第 198 行.
NOTIC: [8] Use of undefined constant level - assumed 'level' /Library/WebServer/Documents/qiuyun/news/Core/Library/Think/Think.class.php 第 198 行.
NOTIC: [8] Use of undefined constant level - assumed 'level' /Library/WebServer/Documents/qiuyun/news/Core/Library/Think/Think.class.php 第 198 行.
NOTIC: [8] Use of undefined constant level - assumed 'level' /Library/WebServer/Documents/qiuyun/news/Core/Library/Think/Think.class.php 第 198 行.
NOTIC: [8] Use of undefined constant level - assumed 'level' /Library/WebServer/Documents/qiuyun/news/Core/Library/Think/Think.class.php 第 198 行.
NOTIC: [8] Use of undefined constant level - assumed 'level' /Library/WebServer/Documents/qiuyun/news/Core/Library/Think/Think.class.php 第 198 行.
NOTIC: [8] Use of undefined constant level - assumed 'level' /Library/WebServer/Documents/qiuyun/news/Core/Library/Think/Think.class.php 第 198 行.
NOTIC: [8] Use of undefined constant level - assumed 'level' /Library/WebServer/Documents/qiuyun/news/Core/Library/Think/Think.class.php 第 198 行.
INFO: [ template_filter ] --START--
INFO: Run Behavior\ContentReplaceBehavior [ RunTime:0.000031s ]
INFO: [ template_filter ] --END-- [ RunTime:0.000062s ]
NOTIC: [8] Undefined index: rel /Library/WebServer/Documents/qiuyun/news/Runtime/Cache/Admin/2a2941ad95610dd8ebc15beef3e540c8.php 第 128 行.
NOTIC: [8] Undefined index: rel /Library/WebServer/Documents/qiuyun/news/Runtime/Cache/Admin/2a2941ad95610dd8ebc15beef3e540c8.php 第 128 行.
NOTIC: [8] Undefined index: rel /Library/WebServer/Documents/qiuyun/news/Runtime/Cache/Admin/2a2941ad95610dd8ebc15beef3e540c8.php 第 128 行.
NOTIC: [8] Undefined index: rel /Library/WebServer/Documents/qiuyun/news/Runtime/Cache/Admin/2a2941ad95610dd8ebc15beef3e540c8.php 第 128 行.
NOTIC: [8] Undefined index: rel /Library/WebServer/Documents/qiuyun/news/Runtime/Cache/Admin/2a2941ad95610dd8ebc15beef3e540c8.php 第 128 行.
NOTIC: [8] Undefined index: rel /Library/WebServer/Documents/qiuyun/news/Runtime/Cache/Admin/2a2941ad95610dd8ebc15beef3e540c8.php 第 128 行.
NOTIC: [8] Undefined index: rel /Library/WebServer/Documents/qiuyun/news/Runtime/Cache/Admin/2a2941ad95610dd8ebc15beef3e540c8.php 第 128 行.
NOTIC: [8] Undefined index: rel /Library/WebServer/Documents/qiuyun/news/Runtime/Cache/Admin/2a2941ad95610dd8ebc15beef3e540c8.php 第 128 行.
NOTIC: [8] Undefined index: rel /Library/WebServer/Documents/qiuyun/news/Runtime/Cache/Admin/2a2941ad95610dd8ebc15beef3e540c8.php 第 128 行.
NOTIC: [8] Undefined index: rel /Library/WebServer/Documents/qiuyun/news/Runtime/Cache/Admin/2a2941ad95610dd8ebc15beef3e540c8.php 第 128 行.
NOTIC: [8] Undefined index: rel /Library/WebServer/Documents/qiuyun/news/Runtime/Cache/Admin/2a2941ad95610dd8ebc15beef3e540c8.php 第 128 行.
NOTIC: [8] Undefined index: rel /Library/WebServer/Documents/qiuyun/news/Runtime/Cache/Admin/2a2941ad95610dd8ebc15beef3e540c8.php 第 128 行.
NOTIC: [8] Undefined index: rel /Library/WebServer/Documents/qiuyun/news/Runtime/Cache/Admin/2a2941ad95610dd8ebc15beef3e540c8.php 第 128 行.
NOTIC: [8] Undefined index: rel /Library/WebServer/Documents/qiuyun/news/Runtime/Cache/Admin/2a2941ad95610dd8ebc15beef3e540c8.php 第 128 行.
NOTIC: [8] Undefined index: rel /Library/WebServer/Documents/qiuyun/news/Runtime/Cache/Admin/2a2941ad95610dd8ebc15beef3e540c8.php 第 128 行.
NOTIC: [8] Undefined index: rel /Library/WebServer/Documents/qiuyun/news/Runtime/Cache/Admin/2a2941ad95610dd8ebc15beef3e540c8.php 第 128 行.
NOTIC: [8] Undefined index: rel /Library/WebServer/Documents/qiuyun/news/Runtime/Cache/Admin/2a2941ad95610dd8ebc15beef3e540c8.php 第 128 行.
NOTIC: [8] Undefined index: rel /Library/WebServer/Documents/qiuyun/news/Runtime/Cache/Admin/2a2941ad95610dd8ebc15beef3e540c8.php 第 128 行.
NOTIC: [8] Undefined index: rel /Library/WebServer/Documents/qiuyun/news/Runtime/Cache/Admin/2a2941ad95610dd8ebc15beef3e540c8.php 第 128 行.
NOTIC: [8] Undefined index: rel /Library/WebServer/Documents/qiuyun/news/Runtime/Cache/Admin/2a2941ad95610dd8ebc15beef3e540c8.php 第 128 行.
NOTIC: [8] Undefined index: rel /Library/WebServer/Documents/qiuyun/news/Runtime/Cache/Admin/2a2941ad95610dd8ebc15beef3e540c8.php 第 128 行.
NOTIC: [8] Undefined index: rel /Library/WebServer/Documents/qiuyun/news/Runtime/Cache/Admin/2a2941ad95610dd8ebc15beef3e540c8.php 第 128 行.
NOTIC: [8] Undefined index: rel /Library/WebServer/Documents/qiuyun/news/Runtime/Cache/Admin/2a2941ad95610dd8ebc15beef3e540c8.php 第 128 行.
NOTIC: [8] Undefined index: rel /Library/WebServer/Documents/qiuyun/news/Runtime/Cache/Admin/2a2941ad95610dd8ebc15beef3e540c8.php 第 128 行.
NOTIC: [8] Undefined index: rel /Library/WebServer/Documents/qiuyun/news/Runtime/Cache/Admin/2a2941ad95610dd8ebc15beef3e540c8.php 第 128 行.
NOTIC: [8] Undefined index: rel /Library/WebServer/Documents/qiuyun/news/Runtime/Cache/Admin/2a2941ad95610dd8ebc15beef3e540c8.php 第 128 行.
NOTIC: [8] Undefined index: rel /Library/WebServer/Documents/qiuyun/news/Runtime/Cache/Admin/2a2941ad95610dd8ebc15beef3e540c8.php 第 128 行.
NOTIC: [8] Undefined index: rel /Library/WebServer/Documents/qiuyun/news/Runtime/Cache/Admin/2a2941ad95610dd8ebc15beef3e540c8.php 第 128 行.
INFO: Run Behavior\ParseTemplateBehavior [ RunTime:0.018098s ]
INFO: [ view_parse ] --END-- [ RunTime:0.018131s ]
INFO: [ view_filter ] --START--
INFO: Run Behavior\WriteHtmlCacheBehavior [ RunTime:0.000113s ]
INFO: [ view_filter ] --END-- [ RunTime:0.000139s ]
INFO: [ app_end ] --START--
INFO: Run Behavior\ShowPageTraceBehavior [ RunTime:0.000630s ]
INFO: [ app_end ] --END-- [ RunTime:0.000719s ]

[ 2015-04-21T21:58:07+08:00 ] 127.0.0.1 /admin/Setting/index?_=1429622886234
INFO: [ app_init ] --START--
INFO: Run Behavior\BuildLiteBehavior [ RunTime:0.000011s ]
INFO: [ app_init ] --END-- [ RunTime:0.000209s ]
INFO: [ app_begin ] --START--
INFO: Run Behavior\ReadHtmlCacheBehavior [ RunTime:0.000267s ]
INFO: Run Behavior\CheckLangBehavior [ RunTime:0.000396s ]
INFO: [ app_begin ] --END-- [ RunTime:0.000720s ]
INFO: [ view_parse ] --START--
NOTIC: [8] Use of undefined constant level - assumed 'level' /Library/WebServer/Documents/qiuyun/news/Core/Library/Think/Think.class.php 第 198 行.
NOTIC: [8] Use of undefined constant level - assumed 'level' /Library/WebServer/Documents/qiuyun/news/Core/Library/Think/Think.class.php 第 198 行.
NOTIC: [8] Use of undefined constant level - assumed 'level' /Library/WebServer/Documents/qiuyun/news/Core/Library/Think/Think.class.php 第 198 行.
NOTIC: [8] Use of undefined constant level - assumed 'level' /Library/WebServer/Documents/qiuyun/news/Core/Library/Think/Think.class.php 第 198 行.
NOTIC: [8] Use of undefined constant level - assumed 'level' /Library/WebServer/Documents/qiuyun/news/Core/Library/Think/Think.class.php 第 198 行.
NOTIC: [8] Use of undefined constant level - assumed 'level' /Library/WebServer/Documents/qiuyun/news/Core/Library/Think/Think.class.php 第 198 行.
NOTIC: [8] Use of undefined constant level - assumed 'level' /Library/WebServer/Documents/qiuyun/news/Core/Library/Think/Think.class.php 第 198 行.
NOTIC: [8] Use of undefined constant level - assumed 'level' /Library/WebServer/Documents/qiuyun/news/Core/Library/Think/Think.class.php 第 198 行.
NOTIC: [8] Use of undefined constant level - assumed 'level' /Library/WebServer/Documents/qiuyun/news/Core/Library/Think/Think.class.php 第 198 行.
NOTIC: [8] Use of undefined constant level - assumed 'level' /Library/WebServer/Documents/qiuyun/news/Core/Library/Think/Think.class.php 第 198 行.
NOTIC: [8] Use of undefined constant level - assumed 'level' /Library/WebServer/Documents/qiuyun/news/Core/Library/Think/Think.class.php 第 198 行.
NOTIC: [8] Use of undefined constant level - assumed 'level' /Library/WebServer/Documents/qiuyun/news/Core/Library/Think/Think.class.php 第 198 行.
INFO: [ template_filter ] --START--
INFO: Run Behavior\ContentReplaceBehavior [ RunTime:0.000058s ]
INFO: [ template_filter ] --END-- [ RunTime:0.000161s ]
INFO: Run Behavior\ParseTemplateBehavior [ RunTime:0.015287s ]
INFO: [ view_parse ] --END-- [ RunTime:0.015339s ]
INFO: [ view_filter ] --START--
INFO: Run Behavior\WriteHtmlCacheBehavior [ RunTime:0.000107s ]
INFO: [ view_filter ] --END-- [ RunTime:0.000165s ]
INFO: [ app_end ] --START--
INFO: Run Behavior\ShowPageTraceBehavior [ RunTime:0.000278s ]
INFO: [ app_end ] --END-- [ RunTime:0.000304s ]

[ 2015-04-21T21:58:07+08:00 ] 127.0.0.1 /admin/Setting/jsonTree.html
INFO: [ app_init ] --START--
INFO: Run Behavior\BuildLiteBehavior [ RunTime:0.000028s ]
INFO: [ app_init ] --END-- [ RunTime:0.000413s ]
INFO: [ app_begin ] --START--
INFO: Run Behavior\ReadHtmlCacheBehavior [ RunTime:0.000461s ]
INFO: Run Behavior\CheckLangBehavior [ RunTime:0.000561s ]
INFO: [ app_begin ] --END-- [ RunTime:0.001114s ]
NOTIC: [8] Undefined index: parent_id /Library/WebServer/Documents/qiuyun/news/Core/Library/Org/Util/Qiuyun.class.php 第 35 行.
NOTIC: [8] Undefined index: parent_id /Library/WebServer/Documents/qiuyun/news/Core/Library/Org/Util/Qiuyun.class.php 第 35 行.
NOTIC: [8] Undefined index: parent_id /Library/WebServer/Documents/qiuyun/news/Core/Library/Org/Util/Qiuyun.class.php 第 35 行.
NOTIC: [8] Undefined index: parent_id /Library/WebServer/Documents/qiuyun/news/Core/Library/Org/Util/Qiuyun.class.php 第 35 行.
NOTIC: [8] Undefined index: parent_id /Library/WebServer/Documents/qiuyun/news/Core/Library/Org/Util/Qiuyun.class.php 第 35 行.
NOTIC: [8] Undefined index: parent_id /Library/WebServer/Documents/qiuyun/news/Core/Library/Org/Util/Qiuyun.class.php 第 35 行.
INFO: [ app_end ] --START--
INFO: Run Behavior\ShowPageTraceBehavior [ RunTime:0.000257s ]
INFO: [ app_end ] --END-- [ RunTime:0.000286s ]

[ 2015-04-21T21:58:07+08:00 ] 127.0.0.1 /admin/Setting/jsonTree.html
INFO: [ app_init ] --START--
INFO: Run Behavior\BuildLiteBehavior [ RunTime:0.000021s ]
INFO: [ app_init ] --END-- [ RunTime:0.000329s ]
INFO: [ app_begin ] --START--
INFO: Run Behavior\ReadHtmlCacheBehavior [ RunTime:0.000244s ]
INFO: Run Behavior\CheckLangBehavior [ RunTime:0.000363s ]
INFO: [ app_begin ] --END-- [ RunTime:0.000656s ]
NOTIC: [8] Undefined index: parent_id /Library/WebServer/Documents/qiuyun/news/Core/Library/Org/Util/Qiuyun.class.php 第 35 行.
NOTIC: [8] Undefined index: parent_id /Library/WebServer/Documents/qiuyun/news/Core/Library/Org/Util/Qiuyun.class.php 第 35 行.
NOTIC: [8] Undefined index: parent_id /Library/WebServer/Documents/qiuyun/news/Core/Library/Org/Util/Qiuyun.class.php 第 35 行.
NOTIC: [8] Undefined index: parent_id /Library/WebServer/Documents/qiuyun/news/Core/Library/Org/Util/Qiuyun.class.php 第 35 行.
NOTIC: [8] Undefined index: parent_id /Library/WebServer/Documents/qiuyun/news/Core/Library/Org/Util/Qiuyun.class.php 第 35 行.
NOTIC: [8] Undefined index: parent_id /Library/WebServer/Documents/qiuyun/news/Core/Library/Org/Util/Qiuyun.class.php 第 35 行.
INFO: [ app_end ] --START--
INFO: Run Behavior\ShowPageTraceBehavior [ RunTime:0.000339s ]
INFO: [ app_end ] --END-- [ RunTime:0.000381s ]

[ 2015-04-21T21:58:09+08:00 ] 127.0.0.1 /admin/Setting/settinglist/id/1?_=1429622886235
INFO: [ app_init ] --START--
INFO: Run Behavior\BuildLiteBehavior [ RunTime:0.000019s ]
INFO: [ app_init ] --END-- [ RunTime:0.000361s ]
INFO: [ app_begin ] --START--
INFO: Run Behavior\ReadHtmlCacheBehavior [ RunTime:0.000651s ]
INFO: Run Behavior\CheckLangBehavior [ RunTime:0.001047s ]
INFO: [ app_begin ] --END-- [ RunTime:0.001887s ]
INFO: [ view_parse ] --START--
NOTIC: [8] Use of undefined constant level - assumed 'level' /Library/WebServer/Documents/qiuyun/news/Core/Library/Think/Think.class.php 第 198 行.
NOTIC: [8] Use of undefined constant level - assumed 'level' /Library/WebServer/Documents/qiuyun/news/Core/Library/Think/Think.class.php 第 198 行.
NOTIC: [8] Use of undefined constant level - assumed 'level' /Library/WebServer/Documents/qiuyun/news/Core/Library/Think/Think.class.php 第 198 行.
NOTIC: [8] Use of undefined constant level - assumed 'level' /Library/WebServer/Documents/qiuyun/news/Core/Library/Think/Think.class.php 第 198 行.
NOTIC: [8] Use of undefined constant level - assumed 'level' /Library/WebServer/Documents/qiuyun/news/Core/Library/Think/Think.class.php 第 198 行.
NOTIC: [8] Use of undefined constant level - assumed 'level' /Library/WebServer/Documents/qiuyun/news/Core/Library/Think/Think.class.php 第 198 行.
NOTIC: [8] Use of undefined constant level - assumed 'level' /Library/WebServer/Documents/qiuyun/news/Core/Library/Think/Think.class.php 第 198 行.
NOTIC: [8] Use of undefined constant level - assumed 'level' /Library/WebServer/Documents/qiuyun/news/Core/Library/Think/Think.class.php 第 198 行.
NOTIC: [8] Use of undefined constant level - assumed 'level' /Library/WebServer/Documents/qiuyun/news/Core/Library/Think/Think.class.php 第 198 行.
NOTIC: [8] Use of undefined constant level - assumed 'level' /Library/WebServer/Documents/qiuyun/news/Core/Library/Think/Think.class.php 第 198 行.
NOTIC: [8] Use of undefined constant level - assumed 'level' /Library/WebServer/Documents/qiuyun/news/Core/Library/Think/Think.class.php 第 198 行.
NOTIC: [8] Use of undefined constant level - assumed 'level' /Library/WebServer/Documents/qiuyun/news/Core/Library/Think/Think.class.php 第 198 行.
INFO: [ template_filter ] --START--
INFO: Run Behavior\ContentReplaceBehavior [ RunTime:0.000029s ]
INFO: [ template_filter ] --END-- [ RunTime:0.000079s ]
INFO: Run Behavior\ParseTemplateBehavior [ RunTime:0.013097s ]
INFO: [ view_parse ] --END-- [ RunTime:0.013194s ]
INFO: [ view_filter ] --START--
INFO: Run Behavior\WriteHtmlCacheBehavior [ RunTime:0.000169s ]
INFO: [ view_filter ] --END-- [ RunTime:0.000197s ]
INFO: [ app_end ] --START--
INFO: Run Behavior\ShowPageTraceBehavior [ RunTime:0.000349s ]
INFO: [ app_end ] --END-- [ RunTime:0.000385s ]

[ 2015-04-21T21:58:09+08:00 ] 127.0.0.1 /admin/Setting/listJsonId/id/1.html
INFO: [ app_init ] --START--
INFO: Run Behavior\BuildLiteBehavior [ RunTime:0.000012s ]
INFO: [ app_init ] --END-- [ RunTime:0.000208s ]
INFO: [ app_begin ] --START--
INFO: Run Behavior\ReadHtmlCacheBehavior [ RunTime:0.000261s ]
INFO: Run Behavior\CheckLangBehavior [ RunTime:0.000372s ]
INFO: [ app_begin ] --END-- [ RunTime:0.000683s ]
SQL: SELECT * FROM `ding_setting` WHERE `sys_gid` = '1'  [ RunTime:0.0003s ]
SQL: SELECT COUNT(*) AS tp_count FROM `ding_setting` WHERE `sys_gid` = '1' LIMIT 1   [ RunTime:0.0001s ]
INFO: [ app_end ] --START--
INFO: Run Behavior\ShowPageTraceBehavior [ RunTime:0.000391s ]
INFO: [ app_end ] --END-- [ RunTime:0.000426s ]

[ 2015-04-21T21:58:11+08:00 ] 127.0.0.1 /admin/Setting/edit.html?id=6&_=1429622886236
INFO: [ app_init ] --START--
INFO: Run Behavior\BuildLiteBehavior [ RunTime:0.000010s ]
INFO: [ app_init ] --END-- [ RunTime:0.000197s ]
INFO: [ app_begin ] --START--
INFO: Run Behavior\ReadHtmlCacheBehavior [ RunTime:0.000244s ]
INFO: Run Behavior\CheckLangBehavior [ RunTime:0.000353s ]
INFO: [ app_begin ] --END-- [ RunTime:0.000642s ]
SQL: SELECT * FROM `ding_setting` WHERE `id` = '6' LIMIT 1   [ RunTime:0.0002s ]
INFO: [ view_parse ] --START--
NOTIC: [8] Undefined index: separator /Library/WebServer/Documents/qiuyun/news/Core/Library/Think/Template/TagLib/Html.class.php 第 208 行.
NOTIC: [8] Use of undefined constant level - assumed 'level' /Library/WebServer/Documents/qiuyun/news/Core/Library/Think/Think.class.php 第 198 行.
NOTIC: [8] Use of undefined constant level - assumed 'level' /Library/WebServer/Documents/qiuyun/news/Core/Library/Think/Think.class.php 第 198 行.
NOTIC: [8] Use of undefined constant level - assumed 'level' /Library/WebServer/Documents/qiuyun/news/Core/Library/Think/Think.class.php 第 198 行.
NOTIC: [8] Use of undefined constant level - assumed 'level' /Library/WebServer/Documents/qiuyun/news/Core/Library/Think/Think.class.php 第 198 行.
NOTIC: [8] Use of undefined constant level - assumed 'level' /Library/WebServer/Documents/qiuyun/news/Core/Library/Think/Think.class.php 第 198 行.
NOTIC: [8] Use of undefined constant level - assumed 'level' /Library/WebServer/Documents/qiuyun/news/Core/Library/Think/Think.class.php 第 198 行.
NOTIC: [8] Use of undefined constant level - assumed 'level' /Library/WebServer/Documents/qiuyun/news/Core/Library/Think/Think.class.php 第 198 行.
NOTIC: [8] Use of undefined constant level - assumed 'level' /Library/WebServer/Documents/qiuyun/news/Core/Library/Think/Think.class.php 第 198 行.
NOTIC: [8] Use of undefined constant level - assumed 'level' /Library/WebServer/Documents/qiuyun/news/Core/Library/Think/Think.class.php 第 198 行.
NOTIC: [8] Use of undefined constant level - assumed 'level' /Library/WebServer/Documents/qiuyun/news/Core/Library/Think/Think.class.php 第 198 行.
NOTIC: [8] Use of undefined constant level - assumed 'level' /Library/WebServer/Documents/qiuyun/news/Core/Library/Think/Think.class.php 第 198 行.
NOTIC: [8] Use of undefined constant level - assumed 'level' /Library/WebServer/Documents/qiuyun/news/Core/Library/Think/Think.class.php 第 198 行.
INFO: [ template_filter ] --START--
INFO: Run Behavior\ContentReplaceBehavior [ RunTime:0.000038s ]
INFO: [ template_filter ] --END-- [ RunTime:0.000093s ]
INFO: Run Behavior\ParseTemplateBehavior [ RunTime:0.016459s ]
INFO: [ view_parse ] --END-- [ RunTime:0.016515s ]
INFO: [ view_filter ] --START--
INFO: Run Behavior\WriteHtmlCacheBehavior [ RunTime:0.000149s ]
INFO: [ view_filter ] --END-- [ RunTime:0.000187s ]
INFO: [ app_end ] --START--
INFO: Run Behavior\ShowPageTraceBehavior [ RunTime:0.000449s ]
INFO: [ app_end ] --END-- [ RunTime:0.000511s ]

[ 2015-04-21T21:58:11+08:00 ] 127.0.0.1 /admin/Setting/jsonTree.html
INFO: [ app_init ] --START--
INFO: Run Behavior\BuildLiteBehavior [ RunTime:0.000014s ]
INFO: [ app_init ] --END-- [ RunTime:0.000286s ]
INFO: [ app_begin ] --START--
INFO: Run Behavior\ReadHtmlCacheBehavior [ RunTime:0.000410s ]
INFO: Run Behavior\CheckLangBehavior [ RunTime:0.000615s ]
INFO: [ app_begin ] --END-- [ RunTime:0.001122s ]
NOTIC: [8] Undefined index: parent_id /Library/WebServer/Documents/qiuyun/news/Core/Library/Org/Util/Qiuyun.class.php 第 35 行.
NOTIC: [8] Undefined index: parent_id /Library/WebServer/Documents/qiuyun/news/Core/Library/Org/Util/Qiuyun.class.php 第 35 行.
NOTIC: [8] Undefined index: parent_id /Library/WebServer/Documents/qiuyun/news/Core/Library/Org/Util/Qiuyun.class.php 第 35 行.
NOTIC: [8] Undefined index: parent_id /Library/WebServer/Documents/qiuyun/news/Core/Library/Org/Util/Qiuyun.class.php 第 35 行.
NOTIC: [8] Undefined index: parent_id /Library/WebServer/Documents/qiuyun/news/Core/Library/Org/Util/Qiuyun.class.php 第 35 行.
NOTIC: [8] Undefined index: parent_id /Library/WebServer/Documents/qiuyun/news/Core/Library/Org/Util/Qiuyun.class.php 第 35 行.
INFO: [ app_end ] --START--
INFO: Run Behavior\ShowPageTraceBehavior [ RunTime:0.000337s ]
INFO: [ app_end ] --END-- [ RunTime:0.000377s ]

[ 2015-04-21T21:58:21+08:00 ] 127.0.0.1 /admin/Setting/update.html
INFO: [ app_init ] --START--
INFO: Run Behavior\BuildLiteBehavior [ RunTime:0.000011s ]
INFO: [ app_init ] --END-- [ RunTime:0.000193s ]
INFO: [ app_begin ] --START--
INFO: Run Behavior\ReadHtmlCacheBehavior [ RunTime:0.000377s ]
INFO: Run Behavior\CheckLangBehavior [ RunTime:0.000553s ]
INFO: [ app_begin ] --END-- [ RunTime:0.001010s ]
SQL: SELECT * FROM `ding_setting` WHERE `id` <> '6' AND `sys_name` = 'cfg_copyright' LIMIT 1   [ RunTime:0.0003s ]
SQL: UPDATE `ding_setting` SET `sys_name`='cfg_copyright',`sys_value`='Copyright ©2014 人人都是产品经理 - 深圳聚力创想信息科技有限公司 - 粤ICP备14037330号-1 - 网站统计',`sys_type`='textarea',`updatetime`='1429624701',`sys_gid`='1',`sys_info`='版权信息',`myorder`='0' WHERE `id` = '6' [ RunTime:0.0016s ]
INFO: [ app_end ] --START--
INFO: Run Behavior\ShowPageTraceBehavior [ RunTime:0.000384s ]
INFO: [ app_end ] --END-- [ RunTime:0.000420s ]

[ 2015-04-21T21:58:21+08:00 ] 127.0.0.1 /admin/Setting/listJsonId/id/1.html
INFO: [ app_init ] --START--
INFO: Run Behavior\BuildLiteBehavior [ RunTime:0.000016s ]
INFO: [ app_init ] --END-- [ RunTime:0.000342s ]
INFO: [ app_begin ] --START--
INFO: Run Behavior\ReadHtmlCacheBehavior [ RunTime:0.000478s ]
INFO: Run Behavior\CheckLangBehavior [ RunTime:0.000968s ]
INFO: [ app_begin ] --END-- [ RunTime:0.001665s ]
SQL: SELECT * FROM `ding_setting` WHERE `sys_gid` = '1'  [ RunTime:0.0006s ]
SQL: SELECT COUNT(*) AS tp_count FROM `ding_setting` WHERE `sys_gid` = '1' LIMIT 1   [ RunTime:0.0003s ]
INFO: [ app_end ] --START--
INFO: Run Behavior\ShowPageTraceBehavior [ RunTime:0.000472s ]
INFO: [ app_end ] --END-- [ RunTime:0.000511s ]

